
       Lattice Mapping Report File for Design Module 'adder8bitarith00'


Design Information
------------------

Command line:   map -a MachXO2 -p LCMXO2-7000HE -t TQFP144 -s 5 -oc Commercial
     adder8bitarith0_impl1.ngd -o adder8bitarith0_impl1_map.ncd -pr
     adder8bitarith0_impl1.prf -mp adder8bitarith0_impl1.mrp -lpf
     C:/Users/monke/Desktop/Arquitectura/Practicas/Primer
     Parcial/adder8bitarith0/impl1/adder8bitarith0_impl1_synplify.lpf -lpf
     C:/Users/monke/Desktop/Arquitectura/Practicas/Primer
     Parcial/adder8bitarith0/adder8bitarith0.lpf -c 0 -gui 
Target Vendor:  LATTICE
Target Device:  LCMXO2-7000HETQFP144
Target Performance:   5
Mapper:  xo2c00,  version:  Diamond (64-bit) 3.10.0.111.2
Mapped on:  02/14/20  13:59:17

Design Summary
--------------

   Number of registers:      0 out of  7209 (0%)
      PFU registers:            0 out of  6864 (0%)
      PIO registers:            0 out of   345 (0%)
   Number of SLICEs:         5 out of  3432 (0%)
      SLICEs as Logic/ROM:      5 out of  3432 (0%)
      SLICEs as RAM:            0 out of  2574 (0%)
      SLICEs as Carry:          5 out of  3432 (0%)
   Number of LUT4s:         10 out of  6864 (0%)
      Number used as logic LUTs:          0
      Number used as distributed RAM:     0
      Number used as ripple logic:       10
      Number used as shift registers:     0
   Number of PIO sites used: 25 + 4(JTAG) out of 115 (25%)
   Number of block RAMs:  0 out of 26 (0%)
   Number of GSRs:  0 out of 1 (0%)
   EFB used :       No
   JTAG used :      No
   Readback used :  No
   Oscillator used :  No
   Startup used :   No
   POR :            On
   Bandgap :        On
   Number of Power Controller:  0 out of 1 (0%)
   Number of Dynamic Bank Controller (BCINRD):  0 out of 6 (0%)
   Number of Dynamic Bank Controller (BCLVDSO):  0 out of 1 (0%)
   Number of DCCA:  0 out of 8 (0%)
   Number of DCMA:  0 out of 2 (0%)
   Number of PLLs:  0 out of 2 (0%)
   Number of DQSDLLs:  0 out of 2 (0%)
   Number of CLKDIVC:  0 out of 4 (0%)
   Number of ECLKSYNCA:  0 out of 4 (0%)
   Number of ECLKBRIDGECS:  0 out of 2 (0%)
   Notes:-
      1. Total number of LUT4s = (Number of logic LUT4s) + 2*(Number of
     distributed RAMs) + 2*(Number of ripple logic)
      2. Number of logic LUT4s does not include count of distributed RAM and
     ripple logic.
   Number of clocks:  0
   Number of Clock Enables:  0

                                    Page 1




Design:  adder8bitarith00                              Date:  02/14/20  13:59:17

Design Summary (cont)
---------------------
   Number of LSRs:  0
   Number of nets driven by tri-state buffers:  0
   Top 10 highest fanout non-clock nets:
     Net Sel_c: 9 loads
     Net Bu_c[0]: 1 loads
     Net Yu: 1 loads
     Net Yu_cry_0: 1 loads
     Net Yu_c[0]: 1 loads
     Net Yu_c[3]: 1 loads
     Net Yu_c[4]: 1 loads
     Net Yu_c[5]: 1 loads
     Net Yu_c[6]: 1 loads
     Net Yu_c[7]: 1 loads




   Number of warnings:  0
   Number of errors:    0
     

Design Errors/Warnings
----------------------

   No errors or warnings present.

IO (PIO) Attributes
-------------------

+---------------------+-----------+-----------+------------+
| IO Name             | Direction | Levelmode | IO         |
|                     |           |  IO_TYPE  | Register   |
+---------------------+-----------+-----------+------------+
| Yu[0]               | OUTPUT    | LVCMOS25  |            |
+---------------------+-----------+-----------+------------+
| Au[0]               | INPUT     | LVCMOS25  |            |
+---------------------+-----------+-----------+------------+
| Yu[7]               | OUTPUT    | LVCMOS25  |            |
+---------------------+-----------+-----------+------------+
| Yu[6]               | OUTPUT    | LVCMOS25  |            |
+---------------------+-----------+-----------+------------+
| Yu[5]               | OUTPUT    | LVCMOS25  |            |
+---------------------+-----------+-----------+------------+
| Yu[4]               | OUTPUT    | LVCMOS25  |            |
+---------------------+-----------+-----------+------------+
| Yu[3]               | OUTPUT    | LVCMOS25  |            |
+---------------------+-----------+-----------+------------+
| Yu[2]               | OUTPUT    | LVCMOS25  |            |
+---------------------+-----------+-----------+------------+
| Yu[1]               | OUTPUT    | LVCMOS25  |            |
+---------------------+-----------+-----------+------------+
| Sel                 | INPUT     | LVCMOS25  |            |
+---------------------+-----------+-----------+------------+
| Bu[7]               | INPUT     | LVCMOS25  |            |
+---------------------+-----------+-----------+------------+
| Bu[6]               | INPUT     | LVCMOS25  |            |

                                    Page 2




Design:  adder8bitarith00                              Date:  02/14/20  13:59:17

IO (PIO) Attributes (cont)
--------------------------
+---------------------+-----------+-----------+------------+
| Bu[5]               | INPUT     | LVCMOS25  |            |
+---------------------+-----------+-----------+------------+
| Bu[4]               | INPUT     | LVCMOS25  |            |
+---------------------+-----------+-----------+------------+
| Bu[3]               | INPUT     | LVCMOS25  |            |
+---------------------+-----------+-----------+------------+
| Bu[2]               | INPUT     | LVCMOS25  |            |
+---------------------+-----------+-----------+------------+
| Bu[1]               | INPUT     | LVCMOS25  |            |
+---------------------+-----------+-----------+------------+
| Bu[0]               | INPUT     | LVCMOS25  |            |
+---------------------+-----------+-----------+------------+
| Au[7]               | INPUT     | LVCMOS25  |            |
+---------------------+-----------+-----------+------------+
| Au[6]               | INPUT     | LVCMOS25  |            |
+---------------------+-----------+-----------+------------+
| Au[5]               | INPUT     | LVCMOS25  |            |
+---------------------+-----------+-----------+------------+
| Au[4]               | INPUT     | LVCMOS25  |            |
+---------------------+-----------+-----------+------------+
| Au[3]               | INPUT     | LVCMOS25  |            |
+---------------------+-----------+-----------+------------+
| Au[2]               | INPUT     | LVCMOS25  |            |
+---------------------+-----------+-----------+------------+
| Au[1]               | INPUT     | LVCMOS25  |            |
+---------------------+-----------+-----------+------------+

Removed logic
-------------

Block VCC undriven or does not drive anything - clipped.
Block GSR_INST undriven or does not drive anything - clipped.
Signal GND undriven or does not drive anything - clipped.
Signal VCC undriven or does not drive anything - clipped.
Signal Yu_s_7_0_S1 undriven or does not drive anything - clipped.
Signal Yu_s_7_0_COUT undriven or does not drive anything - clipped.
Signal Yu_cry_0_0_S0 undriven or does not drive anything - clipped.
Signal N_1 undriven or does not drive anything - clipped.
Block GND was optimized away.

Memory Usage
------------


     

Run Time and Memory Usage
-------------------------

   Total CPU Time: 1 secs  
   Total REAL Time: 2 secs  
   Peak Memory Usage: 57 MB
        



                                    Page 3


Copyright (c) 1991-1994 by NeoCAD Inc. All rights reserved.
     Copyright (c) 1995 AT&T Corp.   All rights reserved.
     Copyright (c) 1995-2001 Lucent Technologies Inc.  All rights reserved.
     Copyright (c) 2001 Agere Systems   All rights reserved.
     Copyright (c) 2002-2017 Lattice Semiconductor Corporation,  All rights
     reserved.
