
synpwrap -msg -prj "lcd2r00_lcd2r0_synplify.tcl" -log "lcd2r00_lcd2r0.srf"
Copyright (C) 1992-2019 Lattice Semiconductor Corporation. All rights reserved.
Lattice Diamond Version 3.11.0.396.4
    <postMsg mid="2011000" type="Info"    dynamic="0" navigation="0"  />

==contents of lcd2r00_lcd2r0.srf
#Build: Synplify Pro (R) N-2018.03L-SP1-1, Build 443R, Apr  1 2019
#install: C:\lscc\diamond\3.11_x64\synpbase
#OS: Windows 8 6.2
#Hostname: DESKTOP-P12ICFP

# Tue Apr 28 17:56:07 2020

#Implementation: lcd2r0


Copyright (C) 1994-2018 Synopsys, Inc.
This Synopsys software and all associated documentation are proprietary to Synopsys, Inc.
and may only be used pursuant to the terms and conditions of a written license agreement
with Synopsys, Inc. All other use, reproduction, modification, or distribution of the
Synopsys software or the associated documentation is strictly prohibited.
Tool: Synplify Pro (R)
Build: N-2018.03L-SP1-1
Install: C:\lscc\diamond\3.11_x64\synpbase
OS: Windows 6.2

Hostname: DESKTOP-P12ICFP

Implementation : lcd2r0
Synopsys HDL Compiler, Version comp2018q2p1, Build 461R, Built Apr  1 2019 09:17:43

@N|Running in 64-bit mode

Copyright (C) 1994-2018 Synopsys, Inc.
This Synopsys software and all associated documentation are proprietary to Synopsys, Inc.
and may only be used pursuant to the terms and conditions of a written license agreement
with Synopsys, Inc. All other use, reproduction, modification, or distribution of the
Synopsys software or the associated documentation is strictly prohibited.
Tool: Synplify Pro (R)
Build: N-2018.03L-SP1-1
Install: C:\lscc\diamond\3.11_x64\synpbase
OS: Windows 6.2

Hostname: DESKTOP-P12ICFP

Implementation : lcd2r0
Synopsys VHDL Compiler, Version comp2018q2p1, Build 461R, Built Apr  1 2019 09:17:43

@N|Running in 64-bit mode
@N:"C:\lscc\diamond\3.11_x64\bin\nt64\Arqui\Practicas\lcd2renglones00\toplcd00.vhd":7:7:7:14|Top entity is set to toplcd00.
File C:\lscc\diamond\3.11_x64\synpbase\lib\cpld\lattice.vhd changed - recompiling
File C:\lscc\diamond\3.11_x64\bin\nt64\Arqui\Practicas\topdiv00VHDL\div00.vhdl changed - recompiling
File C:\lscc\diamond\3.11_x64\bin\nt64\Arqui\Practicas\topdiv00VHDL\packagediv00.vhdl changed - recompiling
File C:\lscc\diamond\3.11_x64\bin\nt64\Arqui\Practicas\lcd2renglones00\lcdContConfig00.vhd changed - recompiling
File C:\lscc\diamond\3.11_x64\bin\nt64\Arqui\Practicas\lcd2renglones00\lcdConfig00.vhd changed - recompiling
File C:\lscc\diamond\3.11_x64\bin\nt64\Arqui\Practicas\lcd2renglones00\lcdContData00.vhd changed - recompiling
File C:\lscc\diamond\3.11_x64\bin\nt64\Arqui\Practicas\lcd2renglones00\lcdData00.vhd changed - recompiling
File C:\lscc\diamond\3.11_x64\bin\nt64\Arqui\Practicas\lcd2renglones00\lcdmux00.vhd changed - recompiling
File C:\lscc\diamond\3.11_x64\bin\nt64\Arqui\Practicas\lcd2renglones00\packagelcd00.vhd changed - recompiling
File C:\lscc\diamond\3.11_x64\bin\nt64\Arqui\Practicas\topdiv00VHDL\topdiv00.vhdl changed - recompiling
File C:\lscc\diamond\3.11_x64\bin\nt64\Arqui\Practicas\lcd2renglones00\toplcd00.vhd changed - recompiling
VHDL syntax check successful!
File C:\lscc\diamond\3.11_x64\bin\nt64\Arqui\Practicas\lcd2renglones00\lcdData00.vhd changed - recompiling
@N: CD630 :"C:\lscc\diamond\3.11_x64\bin\nt64\Arqui\Practicas\lcd2renglones00\toplcd00.vhd":7:7:7:14|Synthesizing work.toplcd00.toplcd0.
@N: CD630 :"C:\lscc\diamond\3.11_x64\bin\nt64\Arqui\Practicas\lcd2renglones00\lcdmux00.vhd":6:7:6:14|Synthesizing work.lcdmux00.lcdmux0.
Post processing for work.lcdmux00.lcdmux0
Running optimization stage 1 on lcdmux00 .......
@N: CD630 :"C:\lscc\diamond\3.11_x64\bin\nt64\Arqui\Practicas\lcd2renglones00\lcdData00.vhd":8:7:8:15|Synthesizing work.lcddata00.lcddata0.
Post processing for work.lcddata00.lcddata0
Running optimization stage 1 on lcdData00 .......
@N: CD630 :"C:\lscc\diamond\3.11_x64\bin\nt64\Arqui\Practicas\lcd2renglones00\lcdContData00.vhd":8:7:8:19|Synthesizing work.lcdcontdata00.lcdcontdata0.
@N: CD364 :"C:\lscc\diamond\3.11_x64\bin\nt64\Arqui\Practicas\lcd2renglones00\lcdContData00.vhd":40:20:40:28|Removing redundant assignment.
@N: CD364 :"C:\lscc\diamond\3.11_x64\bin\nt64\Arqui\Practicas\lcd2renglones00\lcdContData00.vhd":56:6:56:14|Removing redundant assignment.
@N: CD364 :"C:\lscc\diamond\3.11_x64\bin\nt64\Arqui\Practicas\lcd2renglones00\lcdContData00.vhd":71:7:71:15|Removing redundant assignment.
Post processing for work.lcdcontdata00.lcdcontdata0
Running optimization stage 1 on lcdContData00 .......
@N: CD630 :"C:\lscc\diamond\3.11_x64\bin\nt64\Arqui\Practicas\lcd2renglones00\lcdConfig00.vhd":6:7:6:17|Synthesizing work.lcdconfig00.lcdconfig0.
Post processing for work.lcdconfig00.lcdconfig0
Running optimization stage 1 on lcdConfig00 .......
@N: CD630 :"C:\lscc\diamond\3.11_x64\bin\nt64\Arqui\Practicas\lcd2renglones00\lcdContConfig00.vhd":8:7:8:21|Synthesizing work.lcdcontconfig00.lcdcontconfig0.
@N: CD364 :"C:\lscc\diamond\3.11_x64\bin\nt64\Arqui\Practicas\lcd2renglones00\lcdContConfig00.vhd":32:5:32:13|Removing redundant assignment.
Post processing for work.lcdcontconfig00.lcdcontconfig0
Running optimization stage 1 on lcdContConfig00 .......
@N: CD630 :"C:\lscc\diamond\3.11_x64\bin\nt64\Arqui\Practicas\topdiv00VHDL\topdiv00.vhdl":7:7:7:14|Synthesizing work.topdiv00.topdiv0.
@N: CD630 :"C:\lscc\diamond\3.11_x64\bin\nt64\Arqui\Practicas\topdiv00VHDL\div00.vhdl":8:7:8:11|Synthesizing work.div00.div0.
@N: CD364 :"C:\lscc\diamond\3.11_x64\bin\nt64\Arqui\Practicas\topdiv00VHDL\div00.vhdl":28:6:28:11|Removing redundant assignment.
@N: CD364 :"C:\lscc\diamond\3.11_x64\bin\nt64\Arqui\Practicas\topdiv00VHDL\div00.vhdl":36:6:36:11|Removing redundant assignment.
@N: CD364 :"C:\lscc\diamond\3.11_x64\bin\nt64\Arqui\Practicas\topdiv00VHDL\div00.vhdl":44:6:44:11|Removing redundant assignment.
@N: CD364 :"C:\lscc\diamond\3.11_x64\bin\nt64\Arqui\Practicas\topdiv00VHDL\div00.vhdl":52:6:52:11|Removing redundant assignment.
@N: CD364 :"C:\lscc\diamond\3.11_x64\bin\nt64\Arqui\Practicas\topdiv00VHDL\div00.vhdl":60:6:60:11|Removing redundant assignment.
@N: CD364 :"C:\lscc\diamond\3.11_x64\bin\nt64\Arqui\Practicas\topdiv00VHDL\div00.vhdl":68:6:68:11|Removing redundant assignment.
@N: CD364 :"C:\lscc\diamond\3.11_x64\bin\nt64\Arqui\Practicas\topdiv00VHDL\div00.vhdl":76:6:76:11|Removing redundant assignment.
@N: CD364 :"C:\lscc\diamond\3.11_x64\bin\nt64\Arqui\Practicas\topdiv00VHDL\div00.vhdl":84:6:84:11|Removing redundant assignment.
Post processing for work.div00.div0
Running optimization stage 1 on div00 .......
@N: CD630 :"C:\lscc\diamond\3.11_x64\bin\nt64\Arqui\Practicas\topdiv00VHDL\osc00.vhdl":6:7:6:11|Synthesizing work.osc00.osc0.
@W: CD326 :"C:\lscc\diamond\3.11_x64\bin\nt64\Arqui\Practicas\topdiv00VHDL\osc00.vhdl":23:1:23:8|Port sedstdby of entity work.osch is unconnected. If a port needs to remain unconnected, use the keyword open.
@N: CD630 :"C:\lscc\diamond\3.11_x64\cae_library\synthesis\vhdl\machxo2.vhd":2291:10:2291:13|Synthesizing work.osch.syn_black_box.
Post processing for work.osch.syn_black_box
Running optimization stage 1 on OSCH .......
Post processing for work.osc00.osc0
Running optimization stage 1 on osc00 .......
Post processing for work.topdiv00.topdiv0
Running optimization stage 1 on topdiv00 .......
Post processing for work.toplcd00.toplcd0
Running optimization stage 1 on toplcd00 .......
Running optimization stage 2 on OSCH .......
Running optimization stage 2 on osc00 .......
Running optimization stage 2 on div00 .......
Running optimization stage 2 on topdiv00 .......
Running optimization stage 2 on lcdContConfig00 .......
Running optimization stage 2 on lcdConfig00 .......
@N: CL189 :"C:\lscc\diamond\3.11_x64\bin\nt64\Arqui\Practicas\lcd2renglones00\lcdConfig00.vhd":23:4:23:5|Register bit RScf is always 0.
@N: CL189 :"C:\lscc\diamond\3.11_x64\bin\nt64\Arqui\Practicas\lcd2renglones00\lcdConfig00.vhd":23:4:23:5|Register bit RWcf is always 0.
@N: CL189 :"C:\lscc\diamond\3.11_x64\bin\nt64\Arqui\Practicas\lcd2renglones00\lcdConfig00.vhd":23:4:23:5|Register bit commandcf(6) is always 0.
@W: CL260 :"C:\lscc\diamond\3.11_x64\bin\nt64\Arqui\Practicas\lcd2renglones00\lcdConfig00.vhd":23:4:23:5|Pruning register bit 6 of commandcf(7 downto 0). If this is not the intended behavior, drive the input with valid values, or an input from the top level.
Running optimization stage 2 on lcdContData00 .......
@W: CL138 :"C:\lscc\diamond\3.11_x64\bin\nt64\Arqui\Practicas\lcd2renglones00\lcdContData00.vhd":25:4:25:5|Removing register 'RWcd' because it is only assigned 0 or its original value.
@N: CL189 :"C:\lscc\diamond\3.11_x64\bin\nt64\Arqui\Practicas\lcd2renglones00\lcdContData00.vhd":25:4:25:5|Register bit outFlagcd is always 0.
Running optimization stage 2 on lcdData00 .......
Running optimization stage 2 on lcdmux00 .......
Running optimization stage 2 on toplcd00 .......

For a summary of runtime and memory usage per design unit, please see file:
==========================================================
@L: C:\lscc\diamond\3.11_x64\bin\nt64\Arqui\Practicas\lcd2renglones00\lcd2r0\synwork\layer0.rt.csv


At c_vhdl Exit (Real Time elapsed 0h:00m:00s; CPU Time elapsed 0h:00m:00s; Memory used current: 76MB peak: 79MB)

Process took 0h:00m:01s realtime, 0h:00m:01s cputime

Process completed successfully.
# Tue Apr 28 17:56:08 2020

###########################################################]

Copyright (C) 1994-2018 Synopsys, Inc.
This Synopsys software and all associated documentation are proprietary to Synopsys, Inc.
and may only be used pursuant to the terms and conditions of a written license agreement
with Synopsys, Inc. All other use, reproduction, modification, or distribution of the
Synopsys software or the associated documentation is strictly prohibited.
Tool: Synplify Pro (R)
Build: N-2018.03L-SP1-1
Install: C:\lscc\diamond\3.11_x64\synpbase
OS: Windows 6.2

Hostname: DESKTOP-P12ICFP

Implementation : lcd2r0
Synopsys Synopsys Netlist Linker, Version comp2018q2p1, Build 461R, Built Apr  1 2019 09:17:43

@N|Running in 64-bit mode
File C:\lscc\diamond\3.11_x64\bin\nt64\Arqui\Practicas\lcd2renglones00\lcd2r0\synwork\layer0.srs changed - recompiling

At syn_nfilter Exit (Real Time elapsed 0h:00m:00s; CPU Time elapsed 0h:00m:00s; Memory used current: 67MB peak: 68MB)

Process took 0h:00m:01s realtime, 0h:00m:01s cputime

Process completed successfully.
# Tue Apr 28 17:56:09 2020

###########################################################]

For a summary of runtime and memory usage for all design units, please see file:
==========================================================
@L: C:\lscc\diamond\3.11_x64\bin\nt64\Arqui\Practicas\lcd2renglones00\lcd2r0\synwork\lcd2r00_lcd2r0_comp.rt.csv

@END

At c_hdl Exit (Real Time elapsed 0h:00m:01s; CPU Time elapsed 0h:00m:01s; Memory used current: 3MB peak: 4MB)

Process took 0h:00m:01s realtime, 0h:00m:01s cputime

Process completed successfully.
# Tue Apr 28 17:56:09 2020

###########################################################]

Copyright (C) 1994-2018 Synopsys, Inc.
This Synopsys software and all associated documentation are proprietary to Synopsys, Inc.
and may only be used pursuant to the terms and conditions of a written license agreement
with Synopsys, Inc. All other use, reproduction, modification, or distribution of the
Synopsys software or the associated documentation is strictly prohibited.
Tool: Synplify Pro (R)
Build: N-2018.03L-SP1-1
Install: C:\lscc\diamond\3.11_x64\synpbase
OS: Windows 6.2

Hostname: DESKTOP-P12ICFP

Database state : C:\lscc\diamond\3.11_x64\bin\nt64\Arqui\Practicas\lcd2renglones00\lcd2r0\synwork\|lcd2r0
Synopsys Synopsys Netlist Linker, Version comp2018q2p1, Build 461R, Built Apr  1 2019 09:17:43

@N|Running in 64-bit mode
File C:\lscc\diamond\3.11_x64\bin\nt64\Arqui\Practicas\lcd2renglones00\lcd2r0\synwork\lcd2r00_lcd2r0_comp.srs changed - recompiling

At syn_nfilter Exit (Real Time elapsed 0h:00m:00s; CPU Time elapsed 0h:00m:00s; Memory used current: 67MB peak: 68MB)

Process took 0h:00m:01s realtime, 0h:00m:01s cputime

Process completed successfully.
# Tue Apr 28 17:56:10 2020

###########################################################]
Premap Report

# Tue Apr 28 17:56:11 2020


Copyright (C) 1994-2018 Synopsys, Inc.
This Synopsys software and all associated documentation are proprietary to Synopsys, Inc.
and may only be used pursuant to the terms and conditions of a written license agreement
with Synopsys, Inc. All other use, reproduction, modification, or distribution of the
Synopsys software or the associated documentation is strictly prohibited.
Tool: Synplify Pro (R)
Build: N-2018.03L-SP1-1
Install: C:\lscc\diamond\3.11_x64\synpbase
OS: Windows 6.2

Hostname: DESKTOP-P12ICFP

Implementation : lcd2r0
Synopsys Lattice Technology Pre-mapping, Version maplat2018q2p1, Build 055R, Built Apr  3 2019 09:51:54


Mapper Startup Complete (Real Time elapsed 0h:00m:00s; CPU Time elapsed 0h:00m:00s; Memory used current: 99MB peak: 100MB)

@A: MF827 |No constraint file specified.
@N: MF284 |Setting synthesis effort to medium for the design
@L: C:\lscc\diamond\3.11_x64\bin\nt64\Arqui\Practicas\lcd2renglones00\lcd2r0\lcd2r00_lcd2r0_scck.rpt 
Printing clock  summary report in "C:\lscc\diamond\3.11_x64\bin\nt64\Arqui\Practicas\lcd2renglones00\lcd2r0\lcd2r00_lcd2r0_scck.rpt" file 
@N: MF916 |Option synthesis_strategy=base is enabled. 
@N: MF248 |Running in 64-bit mode.
@N: MF666 |Clock conversion enabled. (Command "set_option -fix_gated_and_generated_clocks 1" in the project file.)

Design Input Complete (Real Time elapsed 0h:00m:00s; CPU Time elapsed 0h:00m:00s; Memory used current: 100MB peak: 102MB)


Mapper Initialization Complete (Real Time elapsed 0h:00m:00s; CPU Time elapsed 0h:00m:00s; Memory used current: 100MB peak: 102MB)


Start loading timing files (Real Time elapsed 0h:00m:00s; CPU Time elapsed 0h:00m:00s; Memory used current: 112MB peak: 112MB)


Finished loading timing files (Real Time elapsed 0h:00m:00s; CPU Time elapsed 0h:00m:00s; Memory used current: 112MB peak: 114MB)

@N: MF284 |Setting synthesis effort to medium for the design
@W: FX474 |User-specified initial value defined for some sequential elements which can prevent optimum synthesis results from being achieved. 
@N: MH105 |UMR3 is only supported for HAPS-80.
@N: MH105 |UMR3 is only supported for HAPS-80.
syn_allowed_resources : blockrams=26  set on top level netlist toplcd00

Finished netlist restructuring (Real Time elapsed 0h:00m:00s; CPU Time elapsed 0h:00m:00s; Memory used current: 140MB peak: 143MB)



Clock Summary
******************

          Start                            Requested     Requested     Clock                                           Clock                   Clock
Level     Clock                            Frequency     Period        Type                                            Group                   Load 
----------------------------------------------------------------------------------------------------------------------------------------------------
0 -       osc00|osc_int_inferred_clock     2.1 MHz       480.769       inferred                                        Inferred_clkgroup_0     22   
1 .         div00|outdiv_derived_clock     2.1 MHz       480.769       derived (from osc00|osc_int_inferred_clock)     Inferred_clkgroup_0     32   
====================================================================================================================================================



Clock Load Summary
***********************

                                 Clock     Source                          Clock Pin             Non-clock Pin     Non-clock Pin
Clock                            Load      Pin                             Seq Example           Seq Example       Comb Example 
--------------------------------------------------------------------------------------------------------------------------------
osc00|osc_int_inferred_clock     22        LC00.D00.OSCInst0.OSC(OSCH)     LC00.D01.outdiv.C     -                 -            
div00|outdiv_derived_clock       32        LC00.D01.outdiv.Q[0](dffe)      LC04.outFlagw.C       -                 -            
================================================================================================================================

@W: MT529 :"c:\lscc\diamond\3.11_x64\bin\nt64\arqui\practicas\topdiv00vhdl\div00.vhdl":20:2:20:3|Found inferred clock osc00|osc_int_inferred_clock which controls 22 sequential elements including LC00.D01.sdiv[20:0]. This clock has no specified timing constraint which may prevent conversion of gated or generated clocks and may adversely impact design performance. 

ICG Latch Removal Summary:
Number of ICG latches removed: 0
Number of ICG latches not removed:	0


@S |Clock Optimization Summary



#### START OF PREMAP CLOCK OPTIMIZATION REPORT #####[

0 non-gated/non-generated clock tree(s) driving 0 clock pin(s) of sequential element(s)
2 gated/generated clock tree(s) driving 54 clock pin(s) of sequential element(s)
0 instances converted, 54 sequential instances remain driven by gated/generated clocks

================================================================== Gated/Generated Clocks ==================================================================
Clock Tree ID     Driving Element           Drive Element Type     Unconverted Fanout     Sample Instance         Explanation                               
------------------------------------------------------------------------------------------------------------------------------------------------------------
@KP:ckid0_0       LC00.D01.outdiv.Q[0]      dffe                   32                     LC04.outWordw[7:0]      Derived clock on input (not legal for GCC)
@KP:ckid0_2       LC00.D00.OSCInst0.OSC     OSCH                   22                     LC00.D01.sdiv[20:0]     Black box on clock path                   
============================================================================================================================================================


##### END OF CLOCK OPTIMIZATION REPORT ######

@N: FX1143 |Skipping assigning INTERNAL_VREF to iobanks, because the table of mapping from pin to iobank is not initialized.
Finished Pre Mapping Phase.

Starting constraint checker (Real Time elapsed 0h:00m:01s; CPU Time elapsed 0h:00m:01s; Memory used current: 140MB peak: 143MB)


Finished constraint checker preprocessing (Real Time elapsed 0h:00m:01s; CPU Time elapsed 0h:00m:01s; Memory used current: 141MB peak: 143MB)

None
None

Finished constraint checker (Real Time elapsed 0h:00m:01s; CPU Time elapsed 0h:00m:01s; Memory used current: 141MB peak: 143MB)

Pre-mapping successful!

At Mapper Exit (Real Time elapsed 0h:00m:01s; CPU Time elapsed 0h:00m:01s; Memory used current: 57MB peak: 143MB)

Process took 0h:00m:01s realtime, 0h:00m:01s cputime
# Tue Apr 28 17:56:13 2020

###########################################################]
Map & Optimize Report

# Tue Apr 28 17:56:13 2020


Copyright (C) 1994-2018 Synopsys, Inc.
This Synopsys software and all associated documentation are proprietary to Synopsys, Inc.
and may only be used pursuant to the terms and conditions of a written license agreement
with Synopsys, Inc. All other use, reproduction, modification, or distribution of the
Synopsys software or the associated documentation is strictly prohibited.
Tool: Synplify Pro (R)
Build: N-2018.03L-SP1-1
Install: C:\lscc\diamond\3.11_x64\synpbase
OS: Windows 6.2

Hostname: DESKTOP-P12ICFP

Implementation : lcd2r0
Synopsys Lattice Technology Mapper, Version maplat2018q2p1, Build 055R, Built Apr  3 2019 09:51:54


Mapper Startup Complete (Real Time elapsed 0h:00m:00s; CPU Time elapsed 0h:00m:00s; Memory used current: 99MB peak: 99MB)

@N: MF284 |Setting synthesis effort to medium for the design
@N: MF916 |Option synthesis_strategy=base is enabled. 
@N: MF248 |Running in 64-bit mode.
@N: MF666 |Clock conversion enabled. (Command "set_option -fix_gated_and_generated_clocks 1" in the project file.)

Design Input Complete (Real Time elapsed 0h:00m:00s; CPU Time elapsed 0h:00m:00s; Memory used current: 98MB peak: 100MB)


Mapper Initialization Complete (Real Time elapsed 0h:00m:00s; CPU Time elapsed 0h:00m:00s; Memory used current: 98MB peak: 100MB)


Start loading timing files (Real Time elapsed 0h:00m:00s; CPU Time elapsed 0h:00m:00s; Memory used current: 111MB peak: 112MB)


Finished loading timing files (Real Time elapsed 0h:00m:00s; CPU Time elapsed 0h:00m:00s; Memory used current: 111MB peak: 114MB)

@N: MF284 |Setting synthesis effort to medium for the design


Starting Optimization and Mapping (Real Time elapsed 0h:00m:00s; CPU Time elapsed 0h:00m:00s; Memory used current: 139MB peak: 142MB)


Available hyper_sources - for debug and ip models
	None Found

@W: FA239 :"c:\lscc\diamond\3.11_x64\bin\nt64\arqui\practicas\lcd2renglones00\lcddata00.vhd":62:26:62:33|ROM outWordw_2[6:0] (in view: work.lcdData00(lcddata0)) mapped in logic. To map to a technology ROM, apply attribute syn_romstyle on this instance.
@W: FA239 :"c:\lscc\diamond\3.11_x64\bin\nt64\arqui\practicas\lcd2renglones00\lcddata00.vhd":62:26:62:33|ROM outWordw_2[6:0] (in view: work.lcdData00(lcddata0)) mapped in logic. To map to a technology ROM, apply attribute syn_romstyle on this instance.
@N: MO106 :"c:\lscc\diamond\3.11_x64\bin\nt64\arqui\practicas\lcd2renglones00\lcddata00.vhd":62:26:62:33|Found ROM outWordw_2[6:0] (in view: work.lcdData00(lcddata0)) with 32 words by 7 bits.

Finished RTL optimizations (Real Time elapsed 0h:00m:00s; CPU Time elapsed 0h:00m:00s; Memory used current: 140MB peak: 142MB)


Starting factoring (Real Time elapsed 0h:00m:00s; CPU Time elapsed 0h:00m:01s; Memory used current: 140MB peak: 142MB)


Finished factoring (Real Time elapsed 0h:00m:00s; CPU Time elapsed 0h:00m:01s; Memory used current: 141MB peak: 142MB)


Finished generic timing optimizations - Pass 1 (Real Time elapsed 0h:00m:01s; CPU Time elapsed 0h:00m:01s; Memory used current: 143MB peak: 143MB)


Starting Early Timing Optimization (Real Time elapsed 0h:00m:01s; CPU Time elapsed 0h:00m:01s; Memory used current: 143MB peak: 144MB)


Finished Early Timing Optimization (Real Time elapsed 0h:00m:01s; CPU Time elapsed 0h:00m:01s; Memory used current: 143MB peak: 144MB)


Finished generic timing optimizations - Pass 2 (Real Time elapsed 0h:00m:01s; CPU Time elapsed 0h:00m:01s; Memory used current: 143MB peak: 144MB)


Finished preparing to map (Real Time elapsed 0h:00m:01s; CPU Time elapsed 0h:00m:01s; Memory used current: 143MB peak: 144MB)


Finished technology mapping (Real Time elapsed 0h:00m:01s; CPU Time elapsed 0h:00m:02s; Memory used current: 146MB peak: 148MB)

Pass		 CPU time		Worst Slack		Luts / Registers
------------------------------------------------------------
   1		0h:00m:02s		   468.96ns		 107 /        54

Finished technology timing optimizations and critical path resynthesis (Real Time elapsed 0h:00m:02s; CPU Time elapsed 0h:00m:02s; Memory used current: 146MB peak: 148MB)

@N: FX164 |The option to pack registers in the IOB has not been specified. Please set syn_useioff attribute.  
@A: BN291 :"c:\lscc\diamond\3.11_x64\bin\nt64\arqui\practicas\lcd2renglones00\lcdconfig00.vhd":23:4:23:5|Boundary register LC02.outFlagcf.fb (in view: work.toplcd00(toplcd0)) is packed into a complex cell. To disable register packing, set syn_keep=1 on the net between the register and the complex cell. 

Finished restoring hierarchy (Real Time elapsed 0h:00m:02s; CPU Time elapsed 0h:00m:02s; Memory used current: 146MB peak: 148MB)


Start Writing Netlists (Real Time elapsed 0h:00m:02s; CPU Time elapsed 0h:00m:02s; Memory used current: 112MB peak: 148MB)

Writing Analyst data base C:\lscc\diamond\3.11_x64\bin\nt64\Arqui\Practicas\lcd2renglones00\lcd2r0\synwork\lcd2r00_lcd2r0_m.srm

Finished Writing Netlist Databases (Real Time elapsed 0h:00m:03s; CPU Time elapsed 0h:00m:03s; Memory used current: 145MB peak: 148MB)

Writing EDIF Netlist and constraint files
@N: FX1056 |Writing EDF file: C:\lscc\diamond\3.11_x64\bin\nt64\Arqui\Practicas\lcd2renglones00\lcd2r0\lcd2r00_lcd2r0.edi
N-2018.03L-SP1-1
@N: BW106 |Synplicity Constraint File capacitance units using default value of 1pF 

Finished Writing EDIF Netlist and constraint files (Real Time elapsed 0h:00m:04s; CPU Time elapsed 0h:00m:04s; Memory used current: 150MB peak: 152MB)


Start final timing analysis (Real Time elapsed 0h:00m:04s; CPU Time elapsed 0h:00m:04s; Memory used current: 150MB peak: 152MB)

@W: MT420 |Found inferred clock osc00|osc_int_inferred_clock with period 480.77ns. Please declare a user-defined clock on net LC00.D00.sclk.
@N: MT615 |Found clock div00|outdiv_derived_clock with period 480.77ns 


##### START OF TIMING REPORT #####[
# Timing Report written on Tue Apr 28 17:56:18 2020
#


Top view:               toplcd00
Requested Frequency:    2.1 MHz
Wire load mode:         top
Paths requested:        5
Constraint File(s):    
@N: MT320 |This timing report is an estimate of place and route data. For final timing results, use the FPGA vendor place and route report.

@N: MT322 |Clock constraints include only register-to-register paths associated with each individual clock.



Performance Summary
*******************


Worst slack in design: 467.596

                                 Requested     Estimated     Requested     Estimated                 Clock                                           Clock              
Starting Clock                   Frequency     Frequency     Period        Period        Slack       Type                                            Group              
------------------------------------------------------------------------------------------------------------------------------------------------------------------------
div00|outdiv_derived_clock       2.1 MHz       384.7 MHz     480.769       2.599         956.340     derived (from osc00|osc_int_inferred_clock)     Inferred_clkgroup_0
osc00|osc_int_inferred_clock     2.1 MHz       75.9 MHz      480.769       13.174        467.596     inferred                                        Inferred_clkgroup_0
========================================================================================================================================================================





Clock Relationships
*******************

Clocks                                                      |    rise  to  rise     |    fall  to  fall   |    rise  to  fall   |    fall  to  rise 
----------------------------------------------------------------------------------------------------------------------------------------------------
Starting                      Ending                        |  constraint  slack    |  constraint  slack  |  constraint  slack  |  constraint  slack
----------------------------------------------------------------------------------------------------------------------------------------------------
osc00|osc_int_inferred_clock  osc00|osc_int_inferred_clock  |  480.769     467.596  |  No paths    -      |  No paths    -      |  No paths    -    
div00|outdiv_derived_clock    div00|outdiv_derived_clock    |  480.769     956.340  |  No paths    -      |  No paths    -      |  No paths    -    
====================================================================================================================================================
 Note: 'No paths' indicates there are no paths in the design for that pair of clock edges.
       'Diff grp' indicates that paths exist but the starting clock and ending clock are in different clock groups.



Interface Information 
*********************

No IO constraint found



====================================
Detailed Report for Clock: div00|outdiv_derived_clock
====================================



Starting Points with Worst Slack
********************************

                      Starting                                                                    Arrival            
Instance              Reference                      Type        Pin     Net                      Time        Slack  
                      Clock                                                                                          
---------------------------------------------------------------------------------------------------------------------
LC03.outcontcd[2]     div00|outdiv_derived_clock     FD1S3IX     Q       outContData0_c[2]        1.268       956.340
LC03.outcontcd[3]     div00|outdiv_derived_clock     FD1S3IX     Q       outContData0_c[3]        1.252       956.356
LC01.outcontcc[2]     div00|outdiv_derived_clock     FD1S3JX     Q       outContConfig0_c[2]      1.244       956.705
LC01.outcontcc[3]     div00|outdiv_derived_clock     FD1S3JX     Q       outContConfig0_c[3]      1.244       956.705
LC01.outcontcc[1]     div00|outdiv_derived_clock     FD1S3JX     Q       outContConfig0_c[1]      1.232       956.717
LC03.outcontcd[4]     div00|outdiv_derived_clock     FD1S3IX     Q       outContData0_c[4]        1.268       957.533
LC03.outcontcd[0]     div00|outdiv_derived_clock     FD1S3IX     Q       outContData0_c[0]        1.260       957.541
LC03.aux              div00|outdiv_derived_clock     FD1S3AX     Q       aux                      1.148       957.653
LC01.outFlagcc        div00|outdiv_derived_clock     FD1S3IX     Q       outFlagContConfig0_c     1.188       957.842
LC01.outcontcc[4]     div00|outdiv_derived_clock     FD1S3JX     Q       outContConfig0_c[4]      1.188       957.914
=====================================================================================================================


Ending Points with Worst Slack
******************************

                        Starting                                                                      Required            
Instance                Reference                      Type        Pin     Net                        Time         Slack  
                        Clock                                                                                             
--------------------------------------------------------------------------------------------------------------------------
LC03.outcontcd[4]       div00|outdiv_derived_clock     FD1S3IX     D       un3_outcontcd_1_axbxc4     961.627      956.340
LC02.commandcf_1[7]     div00|outdiv_derived_clock     FD1S3IX     CD      un1_enablecf_2_i           960.736      956.705
LC03.outcontcd[1]       div00|outdiv_derived_clock     FD1S3IX     D       un3_outcontcd_1_axbxc1     961.627      957.357
LC03.outcontcd[2]       div00|outdiv_derived_clock     FD1S3IX     D       un3_outcontcd_1_axbxc2     961.627      957.357
LC03.outcontcd[3]       div00|outdiv_derived_clock     FD1S3IX     D       un3_outcontcd_1_axbxc3     961.627      957.357
LC03.aux                div00|outdiv_derived_clock     FD1S3AX     D       aux_0                      961.627      957.397
LC02.ENcf               div00|outdiv_derived_clock     FD1P3IX     SP      commandcf_7_sqmuxa_i       961.067      957.405
LC02.commandcf_1[0]     div00|outdiv_derived_clock     FD1P3AX     SP      commandcf_7_sqmuxa_i       961.067      957.405
LC02.commandcf_1[1]     div00|outdiv_derived_clock     FD1P3AX     SP      commandcf_7_sqmuxa_i       961.067      957.405
LC02.commandcf_1[2]     div00|outdiv_derived_clock     FD1P3AX     SP      commandcf_7_sqmuxa_i       961.067      957.405
==========================================================================================================================



Worst Path Information
***********************


Path information for path number 1: 
      Requested Period:                      961.538
    - Setup time:                            -0.089
    + Clock delay at ending point:           0.000 (ideal)
    = Required time:                         961.627

    - Propagation time:                      5.287
    - Clock delay at starting point:         0.000 (ideal)
    = Slack (non-critical) :                 956.340

    Number of logic level(s):                4
    Starting point:                          LC03.outcontcd[2] / Q
    Ending point:                            LC03.outcontcd[4] / D
    The start point is clocked by            div00|outdiv_derived_clock [rising] on pin CK
    The end   point is clocked by            div00|outdiv_derived_clock [rising] on pin CK
    -Timing constraint applied as multi cycle path with factor 2 (from c:div00|outdiv_derived_clock to c:div00|outdiv_derived_clock)

Instance / Net                               Pin      Pin               Arrival     No. of    
Name                            Type         Name     Dir     Delay     Time        Fan Out(s)
----------------------------------------------------------------------------------------------
LC03.outcontcd[2]               FD1S3IX      Q        Out     1.268     1.268       -         
outContData0_c[2]               Net          -        -       -         -           17        
LC03.pcont\.un4_outcontcd_2     ORCALUT4     A        In      0.000     1.268       -         
LC03.pcont\.un4_outcontcd_2     ORCALUT4     Z        Out     1.193     2.461       -         
un4_outcontcd_2                 Net          -        -       -         -           4         
LC03.un3_outcontcd_1_ac0        ORCALUT4     B        In      0.000     2.461       -         
LC03.un3_outcontcd_1_ac0        ORCALUT4     Z        Out     1.193     3.653       -         
un3_outcontcd_1_c1              Net          -        -       -         -           4         
LC03.un3_outcontcd_1_ac0_3      ORCALUT4     A        In      0.000     3.653       -         
LC03.un3_outcontcd_1_ac0_3      ORCALUT4     Z        Out     1.017     4.670       -         
un3_outcontcd_1_c3              Net          -        -       -         -           1         
LC03.un3_outcontcd_1_axbxc4     ORCALUT4     A        In      0.000     4.670       -         
LC03.un3_outcontcd_1_axbxc4     ORCALUT4     Z        Out     0.617     5.287       -         
un3_outcontcd_1_axbxc4          Net          -        -       -         -           1         
LC03.outcontcd[4]               FD1S3IX      D        In      0.000     5.287       -         
==============================================================================================




====================================
Detailed Report for Clock: osc00|osc_int_inferred_clock
====================================



Starting Points with Worst Slack
********************************

                     Starting                                                         Arrival            
Instance             Reference                        Type        Pin     Net         Time        Slack  
                     Clock                                                                               
---------------------------------------------------------------------------------------------------------
LC00.D01.sdiv[0]     osc00|osc_int_inferred_clock     FD1S3IX     Q       sdiv[0]     1.044       467.596
LC00.D01.sdiv[1]     osc00|osc_int_inferred_clock     FD1S3IX     Q       sdiv[1]     1.044       467.596
LC00.D01.sdiv[2]     osc00|osc_int_inferred_clock     FD1S3IX     Q       sdiv[2]     1.044       467.596
LC00.D01.sdiv[3]     osc00|osc_int_inferred_clock     FD1S3IX     Q       sdiv[3]     1.044       467.596
LC00.D01.sdiv[4]     osc00|osc_int_inferred_clock     FD1S3IX     Q       sdiv[4]     1.044       467.596
LC00.D01.sdiv[5]     osc00|osc_int_inferred_clock     FD1S3IX     Q       sdiv[5]     1.044       467.596
LC00.D01.sdiv[6]     osc00|osc_int_inferred_clock     FD1S3IX     Q       sdiv[6]     1.044       467.596
LC00.D01.sdiv[7]     osc00|osc_int_inferred_clock     FD1S3IX     Q       sdiv[7]     1.044       467.596
LC00.D01.sdiv[8]     osc00|osc_int_inferred_clock     FD1S3IX     Q       sdiv[8]     1.044       467.596
LC00.D01.sdiv[9]     osc00|osc_int_inferred_clock     FD1S3IX     Q       sdiv[9]     1.044       467.596
=========================================================================================================


Ending Points with Worst Slack
******************************

                      Starting                                                              Required            
Instance              Reference                        Type        Pin     Net              Time         Slack  
                      Clock                                                                                     
----------------------------------------------------------------------------------------------------------------
LC00.D01.sdiv[19]     osc00|osc_int_inferred_clock     FD1S3IX     D       un1_sdiv[20]     480.664      467.596
LC00.D01.sdiv[20]     osc00|osc_int_inferred_clock     FD1S3IX     D       un1_sdiv[21]     480.664      467.596
LC00.D01.sdiv[17]     osc00|osc_int_inferred_clock     FD1S3IX     D       un1_sdiv[18]     480.664      467.738
LC00.D01.sdiv[18]     osc00|osc_int_inferred_clock     FD1S3IX     D       un1_sdiv[19]     480.664      467.738
LC00.D01.sdiv[15]     osc00|osc_int_inferred_clock     FD1S3IX     D       un1_sdiv[16]     480.664      467.881
LC00.D01.sdiv[16]     osc00|osc_int_inferred_clock     FD1S3IX     D       un1_sdiv[17]     480.664      467.881
LC00.D01.sdiv[13]     osc00|osc_int_inferred_clock     FD1S3IX     D       un1_sdiv[14]     480.664      468.024
LC00.D01.sdiv[14]     osc00|osc_int_inferred_clock     FD1S3IX     D       un1_sdiv[15]     480.664      468.024
LC00.D01.sdiv[11]     osc00|osc_int_inferred_clock     FD1S3IX     D       un1_sdiv[12]     480.664      468.167
LC00.D01.sdiv[12]     osc00|osc_int_inferred_clock     FD1S3IX     D       un1_sdiv[13]     480.664      468.167
================================================================================================================



Worst Path Information
***********************


Path information for path number 1: 
      Requested Period:                      480.769
    - Setup time:                            0.106
    + Clock delay at ending point:           0.000 (ideal)
    = Required time:                         480.664

    - Propagation time:                      13.068
    - Clock delay at starting point:         0.000 (ideal)
    = Slack (critical) :                     467.595

    Number of logic level(s):                18
    Starting point:                          LC00.D01.sdiv[0] / Q
    Ending point:                            LC00.D01.sdiv[20] / D
    The start point is clocked by            osc00|osc_int_inferred_clock [rising] on pin CK
    The end   point is clocked by            osc00|osc_int_inferred_clock [rising] on pin CK

Instance / Net                                        Pin      Pin               Arrival     No. of    
Name                                     Type         Name     Dir     Delay     Time        Fan Out(s)
-------------------------------------------------------------------------------------------------------
LC00.D01.sdiv[0]                         FD1S3IX      Q        Out     1.044     1.044       -         
sdiv[0]                                  Net          -        -       -         -           2         
LC00.D01.pdiv\.sdiv15lto18_i_a2_15_5     ORCALUT4     A        In      0.000     1.044       -         
LC00.D01.pdiv\.sdiv15lto18_i_a2_15_5     ORCALUT4     Z        Out     1.193     2.237       -         
sdiv15lto18_i_a2_15_5                    Net          -        -       -         -           4         
LC00.D01.pdiv\.sdiv36lto15_i_a2          ORCALUT4     C        In      0.000     2.237       -         
LC00.D01.pdiv\.sdiv36lto15_i_a2          ORCALUT4     Z        Out     1.225     3.461       -         
N_3_18                                   Net          -        -       -         -           5         
LC00.D01.pdiv\.sdiv15lto19               ORCALUT4     A        In      0.000     3.461       -         
LC00.D01.pdiv\.sdiv15lto19               ORCALUT4     Z        Out     1.017     4.478       -         
sdiv15lt20                               Net          -        -       -         -           1         
LC00.D01.outdiv_0_sqmuxa_1               ORCALUT4     A        In      0.000     4.478       -         
LC00.D01.outdiv_0_sqmuxa_1               ORCALUT4     Z        Out     1.089     5.567       -         
outdiv_0_sqmuxa_1                        Net          -        -       -         -           2         
LC00.D01.un1_sdiv69_3                    ORCALUT4     A        In      0.000     5.567       -         
LC00.D01.un1_sdiv69_3                    ORCALUT4     Z        Out     1.017     6.584       -         
un1_sdiv69_3                             Net          -        -       -         -           1         
LC00.D01.un1_sdiv69_5                    ORCALUT4     D        In      0.000     6.584       -         
LC00.D01.un1_sdiv69_5                    ORCALUT4     Z        Out     1.089     7.673       -         
un1_sdiv69_5                             Net          -        -       -         -           2         
LC00.D01.un1_sdiv69_i                    ORCALUT4     B        In      0.000     7.673       -         
LC00.D01.un1_sdiv69_i                    ORCALUT4     Z        Out     1.017     8.689       -         
un1_sdiv69_i                             Net          -        -       -         -           1         
LC00.D01.un1_sdiv_cry_0_0                CCU2D        B0       In      0.000     8.689       -         
LC00.D01.un1_sdiv_cry_0_0                CCU2D        COUT     Out     1.544     10.234      -         
un1_sdiv_cry_0                           Net          -        -       -         -           1         
LC00.D01.un1_sdiv_cry_1_0                CCU2D        CIN      In      0.000     10.234      -         
LC00.D01.un1_sdiv_cry_1_0                CCU2D        COUT     Out     0.143     10.377      -         
un1_sdiv_cry_2                           Net          -        -       -         -           1         
LC00.D01.un1_sdiv_cry_3_0                CCU2D        CIN      In      0.000     10.377      -         
LC00.D01.un1_sdiv_cry_3_0                CCU2D        COUT     Out     0.143     10.520      -         
un1_sdiv_cry_4                           Net          -        -       -         -           1         
LC00.D01.un1_sdiv_cry_5_0                CCU2D        CIN      In      0.000     10.520      -         
LC00.D01.un1_sdiv_cry_5_0                CCU2D        COUT     Out     0.143     10.662      -         
un1_sdiv_cry_6                           Net          -        -       -         -           1         
LC00.D01.un1_sdiv_cry_7_0                CCU2D        CIN      In      0.000     10.662      -         
LC00.D01.un1_sdiv_cry_7_0                CCU2D        COUT     Out     0.143     10.805      -         
un1_sdiv_cry_8                           Net          -        -       -         -           1         
LC00.D01.un1_sdiv_cry_9_0                CCU2D        CIN      In      0.000     10.805      -         
LC00.D01.un1_sdiv_cry_9_0                CCU2D        COUT     Out     0.143     10.948      -         
un1_sdiv_cry_10                          Net          -        -       -         -           1         
LC00.D01.un1_sdiv_cry_11_0               CCU2D        CIN      In      0.000     10.948      -         
LC00.D01.un1_sdiv_cry_11_0               CCU2D        COUT     Out     0.143     11.091      -         
un1_sdiv_cry_12                          Net          -        -       -         -           1         
LC00.D01.un1_sdiv_cry_13_0               CCU2D        CIN      In      0.000     11.091      -         
LC00.D01.un1_sdiv_cry_13_0               CCU2D        COUT     Out     0.143     11.233      -         
un1_sdiv_cry_14                          Net          -        -       -         -           1         
LC00.D01.un1_sdiv_cry_15_0               CCU2D        CIN      In      0.000     11.233      -         
LC00.D01.un1_sdiv_cry_15_0               CCU2D        COUT     Out     0.143     11.376      -         
un1_sdiv_cry_16                          Net          -        -       -         -           1         
LC00.D01.un1_sdiv_cry_17_0               CCU2D        CIN      In      0.000     11.376      -         
LC00.D01.un1_sdiv_cry_17_0               CCU2D        COUT     Out     0.143     11.519      -         
un1_sdiv_cry_18                          Net          -        -       -         -           1         
LC00.D01.un1_sdiv_cry_19_0               CCU2D        CIN      In      0.000     11.519      -         
LC00.D01.un1_sdiv_cry_19_0               CCU2D        S1       Out     1.549     13.068      -         
un1_sdiv[21]                             Net          -        -       -         -           1         
LC00.D01.sdiv[20]                        FD1S3IX      D        In      0.000     13.068      -         
=======================================================================================================



##### END OF TIMING REPORT #####]

Timing exceptions that could not be applied
None

Finished final timing analysis (Real Time elapsed 0h:00m:04s; CPU Time elapsed 0h:00m:04s; Memory used current: 150MB peak: 152MB)


Finished timing report (Real Time elapsed 0h:00m:04s; CPU Time elapsed 0h:00m:04s; Memory used current: 150MB peak: 152MB)

---------------------------------------
Resource Usage Report
Part: lcmxo2_7000he-5

Register bits: 54 of 6864 (1%)
PIC Latch:       0
I/O cells:       43


Details:
CCU2D:          11
FD1P3AX:        8
FD1P3IX:        2
FD1S3AX:        2
FD1S3IX:        36
FD1S3JX:        5
GSR:            1
IB:             6
INV:            2
OB:             37
OFS1P3IX:       1
ORCALUT4:       105
OSCH:           1
PFUMX:          4
PUR:            1
VHI:            6
VLO:            8
false:          1
true:           3
Mapper successful!

At Mapper Exit (Real Time elapsed 0h:00m:04s; CPU Time elapsed 0h:00m:04s; Memory used current: 32MB peak: 152MB)

Process took 0h:00m:04s realtime, 0h:00m:04s cputime
# Tue Apr 28 17:56:18 2020

###########################################################]


Synthesis exit by 0.

edif2ngd  -l "MachXO2" -d LCMXO2-7000HE -path "C:/lscc/diamond/3.11_x64/bin/nt64/Arqui/Practicas/lcd2renglones00/lcd2r0" -path "C:/lscc/diamond/3.11_x64/bin/nt64/Arqui/Practicas/lcd2renglones00"   "C:/lscc/diamond/3.11_x64/bin/nt64/Arqui/Practicas/lcd2renglones00/lcd2r0/lcd2r00_lcd2r0.edi" "lcd2r00_lcd2r0.ngo"   
edif2ngd:  version Diamond (64-bit) 3.11.0.396.4

Copyright (c) 1991-1994 by NeoCAD Inc. All rights reserved.
Copyright (c) 1995 AT&T Corp.   All rights reserved.
Copyright (c) 1995-2001 Lucent Technologies Inc.  All rights reserved.
Copyright (c) 2001 Agere Systems   All rights reserved.
Copyright (c) 2002-2019 Lattice Semiconductor Corporation,  All rights reserved.
Writing the design to lcd2r00_lcd2r0.ngo...

Total CPU Time: 0 secs  
Total REAL Time: 0 secs  
Peak Memory Usage: 11 MB


ngdbuild  -a "MachXO2" -d LCMXO2-7000HE  -p "C:/lscc/diamond/3.11_x64/ispfpga/xo2c00/data"  -p "C:/lscc/diamond/3.11_x64/bin/nt64/Arqui/Practicas/lcd2renglones00/lcd2r0" -p "C:/lscc/diamond/3.11_x64/bin/nt64/Arqui/Practicas/lcd2renglones00"  "lcd2r00_lcd2r0.ngo" "lcd2r00_lcd2r0.ngd"  	
ngdbuild:  version Diamond (64-bit) 3.11.0.396.4

Copyright (c) 1991-1994 by NeoCAD Inc. All rights reserved.
Copyright (c) 1995 AT&T Corp.   All rights reserved.
Copyright (c) 1995-2001 Lucent Technologies Inc.  All rights reserved.
Copyright (c) 2001 Agere Systems   All rights reserved.
Copyright (c) 2002-2019 Lattice Semiconductor Corporation,  All rights reserved.
Reading 'lcd2r00_lcd2r0.ngo' ...
Loading NGL library 'C:/lscc/diamond/3.11_x64/ispfpga/xo2c00a/data/xo2alib.ngl'...
Loading NGL library 'C:/lscc/diamond/3.11_x64/ispfpga/xo2c00/data/xo2clib.ngl'...
Loading NGL library 'C:/lscc/diamond/3.11_x64/ispfpga/mg5g00/data/mg5glib.ngl'...
Loading NGL library 'C:/lscc/diamond/3.11_x64/ispfpga/or5g00/data/orc5glib.ngl'...


Running DRC...

    <postMsg mid="1166052" type="Warning" dynamic="2" navigation="1" arg0="logical" arg1="LC00/D00/OSCInst0_SEDSTDBY" arg2="LC00/D00/OSCInst0_SEDSTDBY"  />
    <postMsg mid="1163101" type="Warning" dynamic="1" navigation="0" arg0="1"  />

Design Results:
    235 blocks expanded
Complete the first expansion.
Writing 'lcd2r00_lcd2r0.ngd' ...
Total CPU Time: 0 secs 
Total REAL Time: 0 secs 
Peak Memory Usage: 18 MB


map -a "MachXO2" -p LCMXO2-7000HE -t TQFP144 -s 5 -oc Commercial   "lcd2r00_lcd2r0.ngd" -o "lcd2r00_lcd2r0_map.ncd" -pr "lcd2r00_lcd2r0.prf" -mp "lcd2r00_lcd2r0.mrp" -lpf "C:/lscc/diamond/3.11_x64/bin/nt64/Arqui/Practicas/lcd2renglones00/lcd2r0/lcd2r00_lcd2r0_synplify.lpf" -lpf "C:/lscc/diamond/3.11_x64/bin/nt64/Arqui/Practicas/lcd2renglones00/lcd2r00.lpf" -c 0           
map:  version Diamond (64-bit) 3.11.0.396.4

Copyright (c) 1991-1994 by NeoCAD Inc. All rights reserved.
Copyright (c) 1995 AT&T Corp.   All rights reserved.
Copyright (c) 1995-2001 Lucent Technologies Inc.  All rights reserved.
Copyright (c) 2001 Agere Systems   All rights reserved.
Copyright (c) 2002-2019 Lattice Semiconductor Corporation,  All rights reserved.
   Process the file: lcd2r00_lcd2r0.ngd
   Picdevice="LCMXO2-7000HE"

   Pictype="TQFP144"

   Picspeed=5

   Remove unused logic

   Do not produce over sized NCDs.

Part used: LCMXO2-7000HETQFP144, Performance used: 5.

Loading device for application map from file 'xo2c7000.nph' in environment: C:/lscc/diamond/3.11_x64/ispfpga.
Package Status:                     Final          Version 1.39.

Running general design DRC...

Removing unused logic...

Optimizing...




Design Summary:
   Number of registers:     54 out of  7209 (1%)
      PFU registers:           53 out of  6864 (1%)
      PIO registers:            1 out of   345 (0%)
   Number of SLICEs:        66 out of  3432 (2%)
      SLICEs as Logic/ROM:     66 out of  3432 (2%)
      SLICEs as RAM:            0 out of  2574 (0%)
      SLICEs as Carry:         11 out of  3432 (0%)
   Number of LUT4s:        129 out of  6864 (2%)
      Number used as logic LUTs:        107
      Number used as distributed RAM:     0
      Number used as ripple logic:       22
      Number used as shift registers:     0
   Number of PIO sites used: 43 + 4(JTAG) out of 115 (41%)
   Number of block RAMs:  0 out of 26 (0%)
   Number of GSRs:        0 out of 1 (0%)
   EFB used :        No
   JTAG used :       No
   Readback used :   No
   Oscillator used : Yes
   Startup used :    No
   POR :             On
   Bandgap :         On
   Number of Power Controller:  0 out of 1 (0%)
   Number of Dynamic Bank Controller (BCINRD):  0 out of 6 (0%)
   Number of Dynamic Bank Controller (BCLVDSO):  0 out of 1 (0%)
   Number of DCCA:  0 out of 8 (0%)
   Number of DCMA:  0 out of 2 (0%)
   Number of PLLs:  0 out of 2 (0%)
   Number of DQSDLLs:  0 out of 2 (0%)
   Number of CLKDIVC:  0 out of 4 (0%)
   Number of ECLKSYNCA:  0 out of 4 (0%)
   Number of ECLKBRIDGECS:  0 out of 2 (0%)
   Notes:-
      1. Total number of LUT4s = (Number of logic LUT4s) + 2*(Number of distributed RAMs) + 2*(Number of ripple logic)
      2. Number of logic LUT4s does not include count of distributed RAM and ripple logic.
   Number of clocks:  2
     Net clk0_c: 23 loads, 23 rising, 0 falling (Driver: LC00/D01/outdiv )
     Net LC00/sclk: 12 loads, 12 rising, 0 falling (Driver: LC00/D00/OSCInst0 )
   Number of Clock Enables:  2
     Net LC03/ENcd_1_sqmuxa: 2 loads, 2 LSLICEs
     Net LC02/commandcf_7_sqmuxa_i: 5 loads, 5 LSLICEs
   Number of LSRs:  4
     Net en0_c: 7 loads, 6 LSLICEs
     Net outWordw_28: 9 loads, 9 LSLICEs
     Net LC02/un1_enablecf_2_i: 1 loads, 1 LSLICEs
     Net LC00/D01/outdiv_0_sqmuxa_RNIG8EA1: 11 loads, 11 LSLICEs
   Number of nets driven by tri-state buffers:  0
   Top 10 highest fanout non-clock nets:
     Net en0_c: 27 loads
     Net outFlagConfig0_c: 19 loads
     Net outContData0_c[1]: 18 loads
     Net outContData0_c[2]: 17 loads
     Net outContData0_c[4]: 16 loads
     Net outContData0_c[0]: 15 loads
     Net outContData0_c[3]: 13 loads
     Net outContConfig0_c[2]: 12 loads
     Net outContConfig0_c[3]: 12 loads
     Net LC00/D01/outdiv_0_sqmuxa_RNIG8EA1: 11 loads
 

   Number of warnings:  0
   Number of errors:    0



Total CPU Time: 2 secs  
Total REAL Time: 3 secs  
Peak Memory Usage: 59 MB

Dumping design to file lcd2r00_lcd2r0_map.ncd.

mpartrce -p "lcd2r00_lcd2r0.p2t" -f "lcd2r00_lcd2r0.p3t" -tf "lcd2r00_lcd2r0.pt" "lcd2r00_lcd2r0_map.ncd" "lcd2r00_lcd2r0.ncd"

---- MParTrce Tool ----
Removing old design directory at request of -rem command line option to this program.
Running par. Please wait . . .

Lattice Place and Route Report for Design "lcd2r00_lcd2r0_map.ncd"
Tue Apr 28 17:56:25 2020

PAR: Place And Route Diamond (64-bit) 3.11.0.396.4.
Command Line: par -w -l 5 -i 6 -t 1 -c 0 -e 0 -gui -msgset C:/lscc/diamond/3.11_x64/bin/nt64/Arqui/Practicas/lcd2renglones00/promote.xml -exp parUseNBR=1:parCDP=0:parCDR=0:parPathBased=OFF lcd2r00_lcd2r0_map.ncd lcd2r00_lcd2r0.dir/5_1.ncd lcd2r00_lcd2r0.prf
Preference file: lcd2r00_lcd2r0.prf.
Placement level-cost: 5-1.
Routing Iterations: 6

Loading design for application par from file lcd2r00_lcd2r0_map.ncd.
Design name: toplcd00
NCD version: 3.3
Vendor:      LATTICE
Device:      LCMXO2-7000HE
Package:     TQFP144
Performance: 5
Loading device for application par from file 'xo2c7000.nph' in environment: C:/lscc/diamond/3.11_x64/ispfpga.
Package Status:                     Final          Version 1.39.
Performance Hardware Data Status:   Final          Version 34.4.
License checked out.


Ignore Preference Error(s):  True
Device utilization summary:

   PIO (prelim)   43+4(JTAG)/336     14% used
                  43+4(JTAG)/115     41% bonded
   IOLOGIC            1/336          <1% used

   SLICE             66/3432          1% used

   OSC                1/1           100% used


Number of Signals: 195
Number of Connections: 568

Pin Constraint Summary:
   43 out of 43 pins locked (100% locked).

The following 2 signals are selected to use the primary clock routing resources:
    clk0_c (driver: LC00/D01/SLICE_13, clk load #: 23)
    LC00/sclk (driver: LC00/D00/OSCInst0, clk load #: 12)


The following 1 signal is selected to use the secondary clock routing resources:
    LC00/D01/outdiv_0_sqmuxa_RNIG8EA1 (driver: LC00/D01/SLICE_34, clk load #: 0, sr load #: 11, ce load #: 0)

No signal is selected as Global Set/Reset.
Starting Placer Phase 0.
........
Finished Placer Phase 0.  REAL time: 5 secs 

Starting Placer Phase 1.
....................
Placer score = 66937.
Finished Placer Phase 1.  REAL time: 20 secs 

Starting Placer Phase 2.
.
Placer score =  66927
Finished Placer Phase 2.  REAL time: 20 secs 


------------------ Clock Report ------------------

Global Clock Resources:
  CLK_PIN    : 0 out of 8 (0%)
  PLL        : 0 out of 2 (0%)
  DCM        : 0 out of 2 (0%)
  DCC        : 0 out of 8 (0%)

Global Clocks:
  PRIMARY "clk0_c" from Q0 on comp "LC00/D01/SLICE_13" on site "R2C19B", clk load = 23
  PRIMARY "LC00/sclk" from OSC on comp "LC00/D00/OSCInst0" on site "OSC", clk load = 12
  SECONDARY "LC00/D01/outdiv_0_sqmuxa_RNIG8EA1" from F0 on comp "LC00/D01/SLICE_34" on site "R14C18A", clk load = 0, ce load = 0, sr load = 11

  PRIMARY  : 2 out of 8 (25%)
  SECONDARY: 1 out of 8 (12%)

Edge Clocks:
  No edge clock selected.

--------------- End of Clock Report ---------------


I/O Usage Summary (final):
   43 + 4(JTAG) out of 336 (14.0%) PIO sites used.
   43 + 4(JTAG) out of 115 (40.9%) bonded PIO sites used.
   Number of PIO comps: 43; differential: 0.
   Number of Vref pins used: 0.

I/O Bank Usage Summary:
+----------+----------------+------------+-----------+
| I/O Bank | Usage          | Bank Vccio | Bank Vref |
+----------+----------------+------------+-----------+
| 0        | 11 / 28 ( 39%) | 2.5V       | -         |
| 1        | 11 / 29 ( 37%) | 2.5V       | -         |
| 2        | 15 / 29 ( 51%) | 2.5V       | -         |
| 3        | 0 / 9 (  0%)   | -          | -         |
| 4        | 2 / 10 ( 20%)  | 2.5V       | -         |
| 5        | 4 / 10 ( 40%)  | 2.5V       | -         |
+----------+----------------+------------+-----------+

Total placer CPU time: 19 secs 

Dumping design to file lcd2r00_lcd2r0.dir/5_1.ncd.

0 connections routed; 568 unrouted.
Starting router resource preassignment

Completed router resource preassignment. Real time: 26 secs 

Start NBR router at 17:56:51 04/28/20

*****************************************************************
Info: NBR allows conflicts(one node used by more than one signal)
      in the earlier iterations. In each iteration, it tries to  
      solve the conflicts while keeping the critical connections 
      routed as short as possible. The routing process is said to
      be completed when no conflicts exist and all connections   
      are routed.                                                
Note: NBR uses a different method to calculate timing slacks. The
      worst slack and total negative slack may not be the same as
      that in TRCE report. You should always run TRCE to verify  
      your design.                                               
*****************************************************************

Start NBR special constraint process at 17:56:52 04/28/20

Start NBR section for initial routing at 17:56:52 04/28/20
Level 4, iteration 1
15(0.00%) conflicts; 0(0.00%) untouched conn; 0 (nbr) score; 
Estimated worst slack/total negative slack<setup>: 466.020ns/0.000ns; real time: 28 secs 

Info: Initial congestion level at 75% usage is 0
Info: Initial congestion area  at 75% usage is 0 (0.00%)

Start NBR section for normal routing at 17:56:53 04/28/20
Level 4, iteration 1
8(0.00%) conflicts; 0(0.00%) untouched conn; 0 (nbr) score; 
Estimated worst slack/total negative slack<setup>: 465.538ns/0.000ns; real time: 28 secs 
Level 4, iteration 2
1(0.00%) conflict; 0(0.00%) untouched conn; 0 (nbr) score; 
Estimated worst slack/total negative slack<setup>: 465.538ns/0.000ns; real time: 28 secs 
Level 4, iteration 3
0(0.00%) conflict; 0(0.00%) untouched conn; 0 (nbr) score; 
Estimated worst slack/total negative slack<setup>: 465.538ns/0.000ns; real time: 28 secs 

Start NBR section for setup/hold timing optimization with effort level 3 at 17:56:53 04/28/20

Start NBR section for re-routing at 17:56:54 04/28/20
Level 4, iteration 1
0(0.00%) conflict; 0(0.00%) untouched conn; 0 (nbr) score; 
Estimated worst slack/total negative slack<setup>: 465.538ns/0.000ns; real time: 29 secs 

Start NBR section for post-routing at 17:56:54 04/28/20

End NBR router with 0 unrouted connection

NBR Summary
-----------
  Number of unrouted connections : 0 (0.00%)
  Number of connections with timing violations : 0 (0.00%)
  Estimated worst slack<setup> : 465.538ns
  Timing score<setup> : 0
-----------
Notes: The timing info is calculated for SETUP only and all PAR_ADJs are ignored.



Total CPU time 30 secs 
Total REAL time: 31 secs 
Completely routed.
End of route.  568 routed (100.00%); 0 unrouted.

Hold time timing score: 0, hold timing errors: 0

Timing score: 0 

Dumping design to file lcd2r00_lcd2r0.dir/5_1.ncd.


PAR_SUMMARY::Run status = Completed
PAR_SUMMARY::Number of unrouted conns = 0
PAR_SUMMARY::Worst  slack<setup/<ns>> = 465.538
PAR_SUMMARY::Timing score<setup/<ns>> = 0.000
PAR_SUMMARY::Worst  slack<hold /<ns>> = 0.379
PAR_SUMMARY::Timing score<hold /<ns>> = 0.000
PAR_SUMMARY::Number of errors = 0

Total CPU  time to completion: 30 secs 
Total REAL time to completion: 32 secs 

par done!

Note: user must run 'Trace' for timing closure signoff.

Copyright (c) 1991-1994 by NeoCAD Inc. All rights reserved.
Copyright (c) 1995 AT&T Corp.   All rights reserved.
Copyright (c) 1995-2001 Lucent Technologies Inc.  All rights reserved.
Copyright (c) 2001 Agere Systems   All rights reserved.
Copyright (c) 2002-2019 Lattice Semiconductor Corporation,  All rights reserved.
Exiting par with exit code 0
Exiting mpartrce with exit code 0

trce -f "lcd2r00_lcd2r0.pt" -o "lcd2r00_lcd2r0.twr" "lcd2r00_lcd2r0.ncd" "lcd2r00_lcd2r0.prf"
trce:  version Diamond (64-bit) 3.11.0.396.4

Copyright (c) 1991-1994 by NeoCAD Inc. All rights reserved.
Copyright (c) 1995 AT&T Corp.   All rights reserved.
Copyright (c) 1995-2001 Lucent Technologies Inc.  All rights reserved.
Copyright (c) 2001 Agere Systems   All rights reserved.
Copyright (c) 2002-2019 Lattice Semiconductor Corporation,  All rights reserved.

Loading design for application trce from file lcd2r00_lcd2r0.ncd.
Design name: toplcd00
NCD version: 3.3
Vendor:      LATTICE
Device:      LCMXO2-7000HE
Package:     TQFP144
Performance: 5
Loading device for application trce from file 'xo2c7000.nph' in environment: C:/lscc/diamond/3.11_x64/ispfpga.
Package Status:                     Final          Version 1.39.
Performance Hardware Data Status:   Final          Version 34.4.
Setup and Hold Report

--------------------------------------------------------------------------------
Lattice TRACE Report - Setup, Version Diamond (64-bit) 3.11.0.396.4
Tue Apr 28 17:56:59 2020

Copyright (c) 1991-1994 by NeoCAD Inc. All rights reserved.
Copyright (c) 1995 AT&T Corp.   All rights reserved.
Copyright (c) 1995-2001 Lucent Technologies Inc.  All rights reserved.
Copyright (c) 2001 Agere Systems   All rights reserved.
Copyright (c) 2002-2019 Lattice Semiconductor Corporation,  All rights reserved.

Report Information
------------------
Command line:    trce -v 10 -gt -sethld -sp 5 -sphld m -o lcd2r00_lcd2r0.twr -gui -msgset C:/lscc/diamond/3.11_x64/bin/nt64/Arqui/Practicas/lcd2renglones00/promote.xml lcd2r00_lcd2r0.ncd lcd2r00_lcd2r0.prf 
Design file:     lcd2r00_lcd2r0.ncd
Preference file: lcd2r00_lcd2r0.prf
Device,speed:    LCMXO2-7000HE,5
Report level:    verbose report, limited to 10 items per preference
--------------------------------------------------------------------------------

BLOCK ASYNCPATHS
BLOCK RESETPATHS
--------------------------------------------------------------------------------



Timing summary (Setup):
---------------

Timing errors: 0  Score: 0
Cumulative negative slack: 0

Constraints cover 5335 paths, 1 nets, and 449 connections (79.05% coverage)

--------------------------------------------------------------------------------
Lattice TRACE Report - Hold, Version Diamond (64-bit) 3.11.0.396.4
Tue Apr 28 17:56:59 2020

Copyright (c) 1991-1994 by NeoCAD Inc. All rights reserved.
Copyright (c) 1995 AT&T Corp.   All rights reserved.
Copyright (c) 1995-2001 Lucent Technologies Inc.  All rights reserved.
Copyright (c) 2001 Agere Systems   All rights reserved.
Copyright (c) 2002-2019 Lattice Semiconductor Corporation,  All rights reserved.

Report Information
------------------
Command line:    trce -v 10 -gt -sethld -sp 5 -sphld m -o lcd2r00_lcd2r0.twr -gui -msgset C:/lscc/diamond/3.11_x64/bin/nt64/Arqui/Practicas/lcd2renglones00/promote.xml lcd2r00_lcd2r0.ncd lcd2r00_lcd2r0.prf 
Design file:     lcd2r00_lcd2r0.ncd
Preference file: lcd2r00_lcd2r0.prf
Device,speed:    LCMXO2-7000HE,m
Report level:    verbose report, limited to 10 items per preference
--------------------------------------------------------------------------------

BLOCK ASYNCPATHS
BLOCK RESETPATHS
--------------------------------------------------------------------------------



Timing summary (Hold):
---------------

Timing errors: 0  Score: 0
Cumulative negative slack: 0

Constraints cover 5335 paths, 1 nets, and 449 connections (79.05% coverage)



Timing summary (Setup and Hold):
---------------

Timing errors: 0 (setup), 0 (hold)
Score: 0 (setup), 0 (hold)
Cumulative negative slack: 0 (0+0)
--------------------------------------------------------------------------------

--------------------------------------------------------------------------------

Total CPU Time: 2 secs 
Total REAL Time: 3 secs 
Peak Memory Usage: 67 MB


tmcheck -par "lcd2r00_lcd2r0.par" 

bitgen -f "lcd2r00_lcd2r0.t2b" -w "lcd2r00_lcd2r0.ncd"  -jedec "lcd2r00_lcd2r0.prf"


BITGEN: Bitstream Generator Diamond (64-bit) 3.11.0.396.4
Copyright (c) 1991-1994 by NeoCAD Inc. All rights reserved.
Copyright (c) 1995 AT&T Corp.   All rights reserved.
Copyright (c) 1995-2001 Lucent Technologies Inc.  All rights reserved.
Copyright (c) 2001 Agere Systems   All rights reserved.
Copyright (c) 2002-2019 Lattice Semiconductor Corporation,  All rights reserved.


Loading design for application Bitgen from file lcd2r00_lcd2r0.ncd.
Design name: toplcd00
NCD version: 3.3
Vendor:      LATTICE
Device:      LCMXO2-7000HE
Package:     TQFP144
Performance: 5
Loading device for application Bitgen from file 'xo2c7000.nph' in environment: C:/lscc/diamond/3.11_x64/ispfpga.
Package Status:                     Final          Version 1.39.
Performance Hardware Data Status:   Final          Version 34.4.

Running DRC.
DRC detected 0 errors and 0 warnings.
Reading Preference File from lcd2r00_lcd2r0.prf.

Preference Summary:
+---------------------------------+---------------------------------+
|  Preference                     |  Current Setting                |
+---------------------------------+---------------------------------+
|                         RamCfg  |                        Reset**  |
+---------------------------------+---------------------------------+
|                     MCCLK_FREQ  |                         2.08**  |
+---------------------------------+---------------------------------+
|                  CONFIG_SECURE  |                          OFF**  |
+---------------------------------+---------------------------------+
|                          INBUF  |                           ON**  |
+---------------------------------+---------------------------------+
|                      JTAG_PORT  |                       ENABLE**  |
+---------------------------------+---------------------------------+
|                       SDM_PORT  |                      DISABLE**  |
+---------------------------------+---------------------------------+
|                 SLAVE_SPI_PORT  |                      DISABLE**  |
+---------------------------------+---------------------------------+
|                MASTER_SPI_PORT  |                      DISABLE**  |
+---------------------------------+---------------------------------+
|                       I2C_PORT  |                      DISABLE**  |
+---------------------------------+---------------------------------+
|        MUX_CONFIGURATION_PORTS  |                      DISABLE**  |
+---------------------------------+---------------------------------+
|                  CONFIGURATION  |                          CFG**  |
+---------------------------------+---------------------------------+
|                COMPRESS_CONFIG  |                           ON**  |
+---------------------------------+---------------------------------+
|                        MY_ASSP  |                          OFF**  |
+---------------------------------+---------------------------------+
|               ONE_TIME_PROGRAM  |                          OFF**  |
+---------------------------------+---------------------------------+
|                 ENABLE_TRANSFR  |                      DISABLE**  |
+---------------------------------+---------------------------------+
|                  SHAREDEBRINIT  |                      DISABLE**  |
+---------------------------------+---------------------------------+
|            BACKGROUND_RECONFIG  |                          OFF**  |
+---------------------------------+---------------------------------+
 *  Default setting.
 ** The specified setting matches the default setting.


Creating bit map...
 
Bitstream Status: Final           Version 1.95.
 
Saving bit stream in "lcd2r00_lcd2r0.jed".
 
===========
UFM Summary.
===========
UFM Size:        2046 Pages (128*2046 Bits).
UFM Utilization: General Purpose Flash Memory.
 
Available General Purpose Flash Memory: 2046 Pages (Page 0 to Page 2045).
Initialized UFM Pages:                     0 Page.
 
Total CPU Time: 13 secs 
Total REAL Time: 14 secs 
Peak Memory Usage: 290 MB
