Running in Lattice mode

Starting:    C:\lscc\diamond\3.10_x64\synpbase\bin64\mbin\synbatch.exe
Install:     C:\lscc\diamond\3.10_x64\synpbase
Hostname:    LAPTOP-R4G3GEIU
Date:        Tue Feb 12 11:53:15 2019
Version:     M-2017.03L-SP1-1

Arguments:   -product synplify_pro -batch mult4bit00_mult4bit00_synplify.tcl
ProductType: synplify_pro




log file: "C:\Users\GALILEA\Desktop\ESCOM\SEXTO SEMESTRE\Arquitectura de Computadoras\Projects\mult4bit00\mult4bit00\mult4bit00_mult4bit00.srr"
Running: hdl_info_gen in foreground

Generating HDL info...

hdl_info_gen completed
# Tue Feb 12 11:53:17 2019

Return Code: 0
Run Time:00h:00m:01s
log file: "C:\Users\GALILEA\Desktop\ESCOM\SEXTO SEMESTRE\Arquitectura de Computadoras\Projects\mult4bit00\mult4bit00\mult4bit00_mult4bit00.srr"
Running: mult4bit00 in foreground

Running proj_1|mult4bit00

Running: compile (Compile) on proj_1|mult4bit00
# Tue Feb 12 11:53:18 2019

Running: compile_flow (Compile Process) on proj_1|mult4bit00
# Tue Feb 12 11:53:18 2019

Running: compiler (Compile Input) on proj_1|mult4bit00
# Tue Feb 12 11:53:18 2019
Copied C:\Users\GALILEA\Desktop\ESCOM\SEXTO SEMESTRE\Arquitectura de Computadoras\Projects\mult4bit00\mult4bit00\synwork\mult4bit00_mult4bit00_comp.srs to C:\Users\GALILEA\Desktop\ESCOM\SEXTO SEMESTRE\Arquitectura de Computadoras\Projects\mult4bit00\mult4bit00\mult4bit00_mult4bit00.srs

compiler completed
# Tue Feb 12 11:53:21 2019

Return Code: 0
Run Time:00h:00m:03s

Running: multi_srs_gen (Multi-srs Generator) on proj_1|mult4bit00
# Tue Feb 12 11:53:21 2019

multi_srs_gen completed
# Tue Feb 12 11:53:22 2019

Return Code: 0
Run Time:00h:00m:01s
Copied C:\Users\GALILEA\Desktop\ESCOM\SEXTO SEMESTRE\Arquitectura de Computadoras\Projects\mult4bit00\mult4bit00\synwork\mult4bit00_mult4bit00_mult.srs to C:\Users\GALILEA\Desktop\ESCOM\SEXTO SEMESTRE\Arquitectura de Computadoras\Projects\mult4bit00\mult4bit00\mult4bit00_mult4bit00.srs
Copied C:\Users\GALILEA\Desktop\ESCOM\SEXTO SEMESTRE\Arquitectura de Computadoras\Projects\mult4bit00\mult4bit00\mult4bit00_mult4bit00.srr to C:\Users\GALILEA\Desktop\ESCOM\SEXTO SEMESTRE\Arquitectura de Computadoras\Projects\mult4bit00\mult4bit00\mult4bit00_mult4bit00.srf
Complete: Compile Process on proj_1|mult4bit00

Running: premap (Pre-mapping) on proj_1|mult4bit00
# Tue Feb 12 11:53:22 2019

premap completed
# Tue Feb 12 11:53:31 2019

Return Code: 0
Run Time:00h:00m:09s
Complete: Compile on proj_1|mult4bit00

Running: map (Map) on proj_1|mult4bit00
# Tue Feb 12 11:53:31 2019
License granted for 4 parallel jobs

Running: fpga_mapper (Map & Optimize) on proj_1|mult4bit00
# Tue Feb 12 11:53:31 2019
Copied C:\Users\GALILEA\Desktop\ESCOM\SEXTO SEMESTRE\Arquitectura de Computadoras\Projects\mult4bit00\mult4bit00\synwork\mult4bit00_mult4bit00_m.srm to C:\Users\GALILEA\Desktop\ESCOM\SEXTO SEMESTRE\Arquitectura de Computadoras\Projects\mult4bit00\mult4bit00\mult4bit00_mult4bit00.srm

fpga_mapper completed
# Tue Feb 12 11:53:35 2019

Return Code: 0
Run Time:00h:00m:04s
Complete: Map on proj_1|mult4bit00
Copied C:\Users\GALILEA\Desktop\ESCOM\SEXTO SEMESTRE\Arquitectura de Computadoras\Projects\mult4bit00\mult4bit00\mult4bit00_mult4bit00.srr to C:\Users\GALILEA\Desktop\ESCOM\SEXTO SEMESTRE\Arquitectura de Computadoras\Projects\mult4bit00\mult4bit00\mult4bit00_mult4bit00.srf
Complete: Logic Synthesis on proj_1|mult4bit00
TCL script complete: "mult4bit00_mult4bit00_synplify.tcl"
exit status=0
exit status=0
Save changes for project:
C:\Users\GALILEA\Desktop\ESCOM\SEXTO SEMESTRE\Arquitectura de Computadoras\Projects\mult4bit00\mult4bit00\proj_1.prj
batch mode default:no
