
Copyright (C) 1994-2018 Synopsys, Inc.
This Synopsys software and all associated documentation are proprietary to Synopsys, Inc.
and may only be used pursuant to the terms and conditions of a written license agreement
with Synopsys, Inc. All other use, reproduction, modification, or distribution of the
Synopsys software or the associated documentation is strictly prohibited.
Tool: Synplify Pro (R)
Build: N-2018.03L-SP1-1
Install: C:\lscc\diamond\3.11_x64\synpbase
OS: Windows 6.2

Hostname: DESKTOP-P12ICFP

Implementation : mult8bit
Synopsys HDL compiler and linker, Version comp2018q2p1, Build 461R, Built Apr  1 2019 09:17:43

Modified Files: 40
FID:  path (prevtimestamp, timestamp)
0        C:\Users\VV\Desktop\Escuela\ArquitecturadeComputadoras\Practicas\mult8bit00\and00.vhdl (2018-03-18 23:42:17, N/A)
1        C:\Users\VV\Desktop\Escuela\ArquitecturadeComputadoras\Practicas\mult8bit00\fa00.vhdl (2018-03-18 23:45:30, N/A)
2        C:\Users\VV\Desktop\Escuela\ArquitecturadeComputadoras\Practicas\mult8bit00\ha00.vhdl (2018-03-18 23:43:56, N/A)
3        C:\Users\VV\Desktop\Escuela\ArquitecturadeComputadoras\Practicas\mult8bit00\or00.vhdl (2018-03-18 23:44:26, N/A)
4        C:\Users\VV\Desktop\Escuela\ArquitecturadeComputadoras\Practicas\mult8bit00\packagefa00.vhdl (2018-03-18 23:45:03, N/A)
5        C:\Users\VV\Desktop\Escuela\ArquitecturadeComputadoras\Practicas\mult8bit00\packageha00.vhdl (2018-03-18 23:43:29, N/A)
6        C:\Users\VV\Desktop\Escuela\ArquitecturadeComputadoras\Practicas\mult8bit00\packagemult8bit00.vhdl (2018-03-18 23:46:17, N/A)
7        C:\Users\VV\Desktop\Escuela\ArquitecturadeComputadoras\Practicas\mult8bit00\topmult8bit00.vhdl (2018-03-18 23:47:17, N/A)
8        C:\Users\VV\Desktop\Escuela\ArquitecturadeComputadoras\Practicas\mult8bit00\xor.vhdl (2018-03-18 23:42:47, N/A)
9        C:\lscc\diamond\3.10_x64\cae_library\synthesis\vhdl\machxo2.vhd (2017-04-27 17:11:44, N/A)
10       C:\lscc\diamond\3.10_x64\synpbase\lib\cpld\lattice.vhd (2017-08-05 02:23:36, N/A)
11       C:\lscc\diamond\3.10_x64\synpbase\lib\vhd\arith.vhd (2017-08-05 01:03:44, N/A)
12       C:\lscc\diamond\3.10_x64\synpbase\lib\vhd\hyperents.vhd (2017-08-05 01:03:44, N/A)
13       C:\lscc\diamond\3.10_x64\synpbase\lib\vhd\location.map (2017-08-05 07:43:28, N/A)
14       C:\lscc\diamond\3.10_x64\synpbase\lib\vhd\numeric.vhd (2017-08-05 01:03:44, N/A)
15       C:\lscc\diamond\3.10_x64\synpbase\lib\vhd\snps_haps_pkg.vhd (2017-08-05 01:03:44, N/A)
16       C:\lscc\diamond\3.10_x64\synpbase\lib\vhd\std.vhd (2017-08-05 01:03:44, N/A)
17       C:\lscc\diamond\3.10_x64\synpbase\lib\vhd\std1164.vhd (2017-08-05 01:03:44, N/A)
18       C:\lscc\diamond\3.10_x64\synpbase\lib\vhd\umr_capim.vhd (2017-08-05 01:03:44, N/A)
19       C:\lscc\diamond\3.10_x64\synpbase\lib\vhd\unsigned.vhd (2017-08-05 01:03:44, N/A)
20       C:\lscc\diamond\3.11_x64\bin\nt64\Practicas\mult8bit00\and00.vhdl (N/A, 2018-03-18 23:42:18)
21       C:\lscc\diamond\3.11_x64\bin\nt64\Practicas\mult8bit00\fa00.vhdl (N/A, 2018-03-18 23:45:32)
22       C:\lscc\diamond\3.11_x64\bin\nt64\Practicas\mult8bit00\ha00.vhdl (N/A, 2018-03-18 23:43:58)
23       C:\lscc\diamond\3.11_x64\bin\nt64\Practicas\mult8bit00\or00.vhdl (N/A, 2018-03-18 23:44:28)
24       C:\lscc\diamond\3.11_x64\bin\nt64\Practicas\mult8bit00\packagefa00.vhdl (N/A, 2018-03-18 23:45:04)
25       C:\lscc\diamond\3.11_x64\bin\nt64\Practicas\mult8bit00\packageha00.vhdl (N/A, 2018-03-18 23:43:30)
26       C:\lscc\diamond\3.11_x64\bin\nt64\Practicas\mult8bit00\packagemult8bit00.vhdl (N/A, 2018-03-18 23:46:18)
27       C:\lscc\diamond\3.11_x64\bin\nt64\Practicas\mult8bit00\topmult8bit00.vhdl (N/A, 2020-02-25 22:05:12)
28       C:\lscc\diamond\3.11_x64\bin\nt64\Practicas\mult8bit00\xor.vhdl (N/A, 2018-03-18 23:42:48)
29       C:\lscc\diamond\3.11_x64\cae_library\synthesis\vhdl\machxo2.vhd (N/A, 2018-11-15 01:32:12)
30       C:\lscc\diamond\3.11_x64\synpbase\lib\cpld\lattice.vhd (N/A, 2019-04-01 09:08:08)
31       C:\lscc\diamond\3.11_x64\synpbase\lib\vhd\arith.vhd (N/A, 2019-04-01 09:07:44)
32       C:\lscc\diamond\3.11_x64\synpbase\lib\vhd\hyperents.vhd (N/A, 2019-04-01 09:07:44)
33       C:\lscc\diamond\3.11_x64\synpbase\lib\vhd\location.map (N/A, 2019-04-01 16:01:20)
34       C:\lscc\diamond\3.11_x64\synpbase\lib\vhd\numeric.vhd (N/A, 2019-04-01 09:07:44)
35       C:\lscc\diamond\3.11_x64\synpbase\lib\vhd\snps_haps_pkg.vhd (N/A, 2019-04-01 09:07:44)
36       C:\lscc\diamond\3.11_x64\synpbase\lib\vhd\std.vhd (N/A, 2019-04-01 09:07:44)
37       C:\lscc\diamond\3.11_x64\synpbase\lib\vhd\std1164.vhd (N/A, 2019-04-01 09:07:44)
38       C:\lscc\diamond\3.11_x64\synpbase\lib\vhd\umr_capim.vhd (N/A, 2019-04-01 09:07:44)
39       C:\lscc\diamond\3.11_x64\synpbase\lib\vhd\unsigned.vhd (N/A, 2019-04-01 09:07:44)

*******************************************************************
Modules that may have changed as a result of file changes: 6
MID:  lib.cell.view
0        work.and00.and0 may have changed because the following files changed:
                        C:\lscc\diamond\3.11_x64\bin\nt64\Practicas\mult8bit00\and00.vhdl (N/A, 2018-03-18 23:42:18) <-- (architecture and entity definition)
                        C:\lscc\diamond\3.11_x64\bin\nt64\Practicas\mult8bit00\fa00.vhdl (N/A, 2018-03-18 23:45:32) <-- (may instantiate this module)
                        C:\lscc\diamond\3.11_x64\bin\nt64\Practicas\mult8bit00\ha00.vhdl (N/A, 2018-03-18 23:43:58) <-- (may instantiate this module)
                        C:\lscc\diamond\3.11_x64\bin\nt64\Practicas\mult8bit00\topmult8bit00.vhdl (N/A, 2020-02-25 22:05:12) <-- (may instantiate this module)
2        work.fa00.fa0 may have changed because the following files changed:
                        C:\lscc\diamond\3.11_x64\bin\nt64\Practicas\mult8bit00\fa00.vhdl (N/A, 2018-03-18 23:45:32) <-- (architecture and entity definition)
                        C:\lscc\diamond\3.11_x64\bin\nt64\Practicas\mult8bit00\topmult8bit00.vhdl (N/A, 2020-02-25 22:05:12) <-- (may instantiate this module)
4        work.ha00.ha0 may have changed because the following files changed:
                        C:\lscc\diamond\3.11_x64\bin\nt64\Practicas\mult8bit00\fa00.vhdl (N/A, 2018-03-18 23:45:32) <-- (may instantiate this module)
                        C:\lscc\diamond\3.11_x64\bin\nt64\Practicas\mult8bit00\ha00.vhdl (N/A, 2018-03-18 23:43:58) <-- (architecture and entity definition)
                        C:\lscc\diamond\3.11_x64\bin\nt64\Practicas\mult8bit00\topmult8bit00.vhdl (N/A, 2020-02-25 22:05:12) <-- (may instantiate this module)
6        work.or00.or0 may have changed because the following files changed:
                        C:\lscc\diamond\3.11_x64\bin\nt64\Practicas\mult8bit00\fa00.vhdl (N/A, 2018-03-18 23:45:32) <-- (may instantiate this module)
                        C:\lscc\diamond\3.11_x64\bin\nt64\Practicas\mult8bit00\or00.vhdl (N/A, 2018-03-18 23:44:28) <-- (architecture and entity definition)
                        C:\lscc\diamond\3.11_x64\bin\nt64\Practicas\mult8bit00\topmult8bit00.vhdl (N/A, 2020-02-25 22:05:12) <-- (may instantiate this module)
8        work.topmult8bit00.topmult8bit0 may have changed because the following files changed:
                        C:\lscc\diamond\3.11_x64\bin\nt64\Practicas\mult8bit00\topmult8bit00.vhdl (N/A, 2020-02-25 22:05:12) <-- (architecture and entity definition)
11       work.xor00.xor0 may have changed because the following files changed:
                        C:\lscc\diamond\3.11_x64\bin\nt64\Practicas\mult8bit00\fa00.vhdl (N/A, 2018-03-18 23:45:32) <-- (may instantiate this module)
                        C:\lscc\diamond\3.11_x64\bin\nt64\Practicas\mult8bit00\ha00.vhdl (N/A, 2018-03-18 23:43:58) <-- (may instantiate this module)
                        C:\lscc\diamond\3.11_x64\bin\nt64\Practicas\mult8bit00\topmult8bit00.vhdl (N/A, 2020-02-25 22:05:12) <-- (may instantiate this module)
                        C:\lscc\diamond\3.11_x64\bin\nt64\Practicas\mult8bit00\xor.vhdl (N/A, 2018-03-18 23:42:48) <-- (architecture and entity definition)

*******************************************************************
Unmodified files: 0
FID:  path (timestamp)

*******************************************************************
Unchanged modules: 0
MID:  lib.cell.view
