Running in Lattice mode

Starting:    C:\lscc\diamond\3.11_x64\synpbase\bin64\mbin\synbatch.exe
Install:     C:\lscc\diamond\3.11_x64\synpbase
Hostname:    DESKTOP-P12ICFP
Date:        Tue Jan 28 20:17:38 2020
Version:     N-2018.03L-SP1-1

Arguments:   -product synplify_pro -batch and00_and0_synplify.tcl
ProductType: synplify_pro




log file: "C:\lscc\diamond\3.11_x64\bin\nt64\ARQUITECTURA\PRIMER PARCIAL\P1\and0\and00_and0.srr"
Running: hdl_info_gen in foreground

Generating HDL info...

hdl_info_gen completed
# Tue Jan 28 20:17:45 2020

Return Code: 0
Run Time:00h:00m:04s
log file: "C:\lscc\diamond\3.11_x64\bin\nt64\ARQUITECTURA\PRIMER PARCIAL\P1\and0\and00_and0.srr"
Running: and0 in foreground

Running proj_1|and0

Running Flow: compile (Compile) on proj_1|and0
# Tue Jan 28 20:17:46 2020

Running Flow: compile_flow (Compile Process) on proj_1|and0
# Tue Jan 28 20:17:46 2020

Running: compiler (Compile Input) on proj_1|and0
# Tue Jan 28 20:17:46 2020
Copied C:\lscc\diamond\3.11_x64\bin\nt64\ARQUITECTURA\PRIMER PARCIAL\P1\and0\synwork\and00_and0_comp.srs to C:\lscc\diamond\3.11_x64\bin\nt64\ARQUITECTURA\PRIMER PARCIAL\P1\and0\and00_and0.srs

compiler completed
# Tue Jan 28 20:17:52 2020

Return Code: 0
Run Time:00h:00m:06s

Running: multi_srs_gen (Multi-srs Generator) on proj_1|and0
# Tue Jan 28 20:17:52 2020

multi_srs_gen completed
# Tue Jan 28 20:17:52 2020

Return Code: 0
Run Time:00h:00m:00s
Copied C:\lscc\diamond\3.11_x64\bin\nt64\ARQUITECTURA\PRIMER PARCIAL\P1\and0\synwork\and00_and0_mult.srs to C:\lscc\diamond\3.11_x64\bin\nt64\ARQUITECTURA\PRIMER PARCIAL\P1\and0\and00_and0.srs
Copied C:\lscc\diamond\3.11_x64\bin\nt64\ARQUITECTURA\PRIMER PARCIAL\P1\and0\and00_and0.srr to C:\lscc\diamond\3.11_x64\bin\nt64\ARQUITECTURA\PRIMER PARCIAL\P1\and0\and00_and0.srf
Complete: Compile Process on proj_1|and0

Running: premap (Premap) on proj_1|and0
# Tue Jan 28 20:17:52 2020

premap completed
# Tue Jan 28 20:17:56 2020

Return Code: 0
Run Time:00h:00m:04s
Complete: Compile on proj_1|and0

Running Flow: map (Map) on proj_1|and0
# Tue Jan 28 20:17:56 2020
License granted for 4 parallel jobs

Running: fpga_mapper (Map & Optimize) on proj_1|and0
# Tue Jan 28 20:17:56 2020
Copied C:\lscc\diamond\3.11_x64\bin\nt64\ARQUITECTURA\PRIMER PARCIAL\P1\and0\synwork\and00_and0_m.srm to C:\lscc\diamond\3.11_x64\bin\nt64\ARQUITECTURA\PRIMER PARCIAL\P1\and0\and00_and0.srm

fpga_mapper completed
# Tue Jan 28 20:18:02 2020

Return Code: 0
Run Time:00h:00m:06s
Complete: Map on proj_1|and0
Copied C:\lscc\diamond\3.11_x64\bin\nt64\ARQUITECTURA\PRIMER PARCIAL\P1\and0\and00_and0.srr to C:\lscc\diamond\3.11_x64\bin\nt64\ARQUITECTURA\PRIMER PARCIAL\P1\and0\and00_and0.srf
Complete: Logic Synthesis on proj_1|and0
TCL script complete: "and00_and0_synplify.tcl"
exit status=0
exit status=0
Save changes for project:
C:\lscc\diamond\3.11_x64\bin\nt64\ARQUITECTURA\PRIMER PARCIAL\P1\and0\proj_1.prj
batch mode default:no
