
Loading design for application trce from file mult8bit00_mult8bit.ncd.
Design name: topmult8bit00
NCD version: 3.3
Vendor:      LATTICE
Device:      LCMXO2-7000HE
Package:     TQFP144
Performance: 4
Loading device for application trce from file 'xo2c7000.nph' in environment: C:/lscc/diamond/3.11_x64/ispfpga.
Package Status:                     Final          Version 1.39.
Performance Hardware Data Status:   Final          Version 34.4.
Setup and Hold Report

--------------------------------------------------------------------------------
Lattice TRACE Report - Setup, Version Diamond (64-bit) 3.11.0.396.4
Tue Feb 25 22:23:39 2020

Copyright (c) 1991-1994 by NeoCAD Inc. All rights reserved.
Copyright (c) 1995 AT&T Corp.   All rights reserved.
Copyright (c) 1995-2001 Lucent Technologies Inc.  All rights reserved.
Copyright (c) 2001 Agere Systems   All rights reserved.
Copyright (c) 2002-2019 Lattice Semiconductor Corporation,  All rights reserved.

Report Information
------------------
Command line:    trce -v 10 -gt -sethld -sp 4 -sphld m -o mult8bit00_mult8bit.twr -gui -msgset C:/lscc/diamond/3.11_x64/bin/nt64/Practicas/mult8bit00/promote.xml mult8bit00_mult8bit.ncd mult8bit00_mult8bit.prf 
Design file:     mult8bit00_mult8bit.ncd
Preference file: mult8bit00_mult8bit.prf
Device,speed:    LCMXO2-7000HE,4
Report level:    verbose report, limited to 10 items per preference
--------------------------------------------------------------------------------

BLOCK ASYNCPATHS
BLOCK RESETPATHS
--------------------------------------------------------------------------------



================================================================================
Preference: Default path enumeration
            4096 items scored, 0 timing errors detected.
--------------------------------------------------------------------------------

Report:   43.904ns delay Am[2] to Rm[15]

   Name    Fanout   Delay (ns)          Site               Resource
PADI_DEL    ---     1.372         12.PAD to       12.PADDI Am[2]
ROUTE        14     6.755       12.PADDI to      R19C5D.B1 Am_c[2]
CTOF_DEL    ---     0.495      R19C5D.B1 to      R19C5D.F1 SLICE_63
ROUTE         2     0.762      R19C5D.F1 to      R19C5A.C0 sa00[1]
CTOF_DEL    ---     0.495      R19C5A.C0 to      R19C5A.F0 SLICE_0
ROUTE         2     0.637      R19C5A.F0 to      R18C5A.D0 sc00[1]
CTOF_DEL    ---     0.495      R18C5A.D0 to      R18C5A.F0 SLICE_52
ROUTE         2     0.995      R18C5A.F0 to      R19C5C.A0 ss00[1]
CTOF_DEL    ---     0.495      R19C5C.A0 to      R19C5C.F0 SLICE_29
ROUTE         3     1.776      R19C5C.F0 to      R18C5D.B0 sc01[1]
CTOF_DEL    ---     0.495      R18C5D.B0 to      R18C5D.F0 SLICE_49
ROUTE         2     0.637      R18C5D.F0 to      R17C5C.D1 sc01[2]
CTOF_DEL    ---     0.495      R17C5C.D1 to      R17C5C.F1 SLICE_25
ROUTE         3     1.437      R17C5C.F1 to      R16C5A.B1 sc01[3]
CTOF_DEL    ---     0.495      R16C5A.B1 to      R16C5A.F1 SLICE_28
ROUTE         2     1.010      R16C5A.F1 to      R15C5B.B1 sc01[4]
CTOF_DEL    ---     0.495      R15C5B.B1 to      R15C5B.F1 SLICE_27
ROUTE         2     0.753      R15C5B.F1 to      R15C6A.C1 sc01[5]
CTOF_DEL    ---     0.495      R15C6A.C1 to      R15C6A.F1 SLICE_57
ROUTE         2     1.200      R15C6A.F1 to      R16C7D.C1 ss01[5]
CTOF_DEL    ---     0.495      R16C7D.C1 to      R16C7D.F1 SLICE_41
ROUTE         2     0.973      R16C7D.F1 to      R16C6D.A0 M053.Sint1
CTOF_DEL    ---     0.495      R16C6D.A0 to      R16C6D.F0 SLICE_20
ROUTE         2     1.483      R16C6D.F0 to      R17C7C.C1 M068.Sint1
CTOF_DEL    ---     0.495      R17C7C.C1 to      R17C7C.F1 SLICE_37
ROUTE         2     0.654      R17C7C.F1 to      R16C7B.D0 sc04[3]
CTOF_DEL    ---     0.495      R16C7B.D0 to      R16C7B.F0 SLICE_36
ROUTE         2     0.973      R16C7B.F0 to      R15C7C.A1 sc04[4]
CTOF_DEL    ---     0.495      R15C7C.A1 to      R15C7C.F1 SLICE_34
ROUTE         2     1.010      R15C7C.F1 to      R15C6A.B0 sc04[5]
CTOF_DEL    ---     0.495      R15C6A.B0 to      R15C6A.F0 SLICE_57
ROUTE         2     1.200      R15C6A.F0 to      R16C8A.C1 ss04[5]
CTOF_DEL    ---     0.495      R16C8A.C1 to      R16C8A.F1 SLICE_11
ROUTE         2     0.976      R16C8A.F1 to      R16C8A.A0 sc05[5]
CTOF_DEL    ---     0.495      R16C8A.A0 to      R16C8A.F0 SLICE_11
ROUTE         2     1.015      R16C8A.F0 to      R15C8D.B0 sc05[6]
CTOF_DEL    ---     0.495      R15C8D.B0 to      R15C8D.F0 SLICE_4
ROUTE         2     0.702      R15C8D.F0 to      R15C8B.B1 M118/Yx_0_a3_0
CTOF_DEL    ---     0.495      R15C8B.B1 to      R15C8B.F1 SLICE_2
ROUTE         2     0.445      R15C8B.F1 to      R15C8C.C0 sc06[6]
CTOF_DEL    ---     0.495      R15C8C.C0 to      R15C8C.F0 SLICE_1
ROUTE         1     3.791      R15C8C.F0 to       59.PADDO Rm_c[15]
DOPAD_DEL   ---     3.448       59.PADDO to         59.PAD Rm[15]
                  --------
                   43.904   (33.5% logic, 66.5% route), 22 logic levels.

Report:   43.828ns delay Am[2] to Rm[14]

   Name    Fanout   Delay (ns)          Site               Resource
PADI_DEL    ---     1.372         12.PAD to       12.PADDI Am[2]
ROUTE        14     6.755       12.PADDI to      R19C5D.B1 Am_c[2]
CTOF_DEL    ---     0.495      R19C5D.B1 to      R19C5D.F1 SLICE_63
ROUTE         2     0.762      R19C5D.F1 to      R19C5A.C0 sa00[1]
CTOF_DEL    ---     0.495      R19C5A.C0 to      R19C5A.F0 SLICE_0
ROUTE         2     0.637      R19C5A.F0 to      R18C5A.D0 sc00[1]
CTOF_DEL    ---     0.495      R18C5A.D0 to      R18C5A.F0 SLICE_52
ROUTE         2     0.995      R18C5A.F0 to      R19C5C.A0 ss00[1]
CTOF_DEL    ---     0.495      R19C5C.A0 to      R19C5C.F0 SLICE_29
ROUTE         3     1.776      R19C5C.F0 to      R18C5D.B0 sc01[1]
CTOF_DEL    ---     0.495      R18C5D.B0 to      R18C5D.F0 SLICE_49
ROUTE         2     0.637      R18C5D.F0 to      R17C5C.D1 sc01[2]
CTOF_DEL    ---     0.495      R17C5C.D1 to      R17C5C.F1 SLICE_25
ROUTE         3     1.437      R17C5C.F1 to      R16C5A.B1 sc01[3]
CTOF_DEL    ---     0.495      R16C5A.B1 to      R16C5A.F1 SLICE_28
ROUTE         2     1.010      R16C5A.F1 to      R15C5B.B1 sc01[4]
CTOF_DEL    ---     0.495      R15C5B.B1 to      R15C5B.F1 SLICE_27
ROUTE         2     0.753      R15C5B.F1 to      R15C6A.C1 sc01[5]
CTOF_DEL    ---     0.495      R15C6A.C1 to      R15C6A.F1 SLICE_57
ROUTE         2     1.200      R15C6A.F1 to      R16C7D.C1 ss01[5]
CTOF_DEL    ---     0.495      R16C7D.C1 to      R16C7D.F1 SLICE_41
ROUTE         2     0.973      R16C7D.F1 to      R16C6D.A0 M053.Sint1
CTOF_DEL    ---     0.495      R16C6D.A0 to      R16C6D.F0 SLICE_20
ROUTE         2     1.483      R16C6D.F0 to      R17C7C.C1 M068.Sint1
CTOF_DEL    ---     0.495      R17C7C.C1 to      R17C7C.F1 SLICE_37
ROUTE         2     0.654      R17C7C.F1 to      R16C7B.D0 sc04[3]
CTOF_DEL    ---     0.495      R16C7B.D0 to      R16C7B.F0 SLICE_36
ROUTE         2     0.973      R16C7B.F0 to      R15C7C.A1 sc04[4]
CTOF_DEL    ---     0.495      R15C7C.A1 to      R15C7C.F1 SLICE_34
ROUTE         2     1.010      R15C7C.F1 to      R15C6A.B0 sc04[5]
CTOF_DEL    ---     0.495      R15C6A.B0 to      R15C6A.F0 SLICE_57
ROUTE         2     1.200      R15C6A.F0 to      R16C8A.C1 ss04[5]
CTOF_DEL    ---     0.495      R16C8A.C1 to      R16C8A.F1 SLICE_11
ROUTE         2     0.976      R16C8A.F1 to      R16C8A.A0 sc05[5]
CTOF_DEL    ---     0.495      R16C8A.A0 to      R16C8A.F0 SLICE_11
ROUTE         2     1.015      R16C8A.F0 to      R15C8D.B0 sc05[6]
CTOF_DEL    ---     0.495      R15C8D.B0 to      R15C8D.F0 SLICE_4
ROUTE         2     0.702      R15C8D.F0 to      R15C8B.B1 M118/Yx_0_a3_0
CTOF_DEL    ---     0.495      R15C8B.B1 to      R15C8B.F1 SLICE_2
ROUTE         2     0.445      R15C8B.F1 to      R15C8B.C0 sc06[6]
CTOF_DEL    ---     0.495      R15C8B.C0 to      R15C8B.F0 SLICE_2
ROUTE         1     3.715      R15C8B.F0 to       57.PADDO Rm_c[14]
DOPAD_DEL   ---     3.448       57.PADDO to         57.PAD Rm[14]
                  --------
                   43.828   (33.6% logic, 66.4% route), 22 logic levels.

Report:   43.821ns delay Am[2] to Rm[15]

   Name    Fanout   Delay (ns)          Site               Resource
PADI_DEL    ---     1.372         12.PAD to       12.PADDI Am[2]
ROUTE        14     6.755       12.PADDI to      R19C5D.B1 Am_c[2]
CTOF_DEL    ---     0.495      R19C5D.B1 to      R19C5D.F1 SLICE_63
ROUTE         2     0.762      R19C5D.F1 to      R19C5A.C0 sa00[1]
CTOF_DEL    ---     0.495      R19C5A.C0 to      R19C5A.F0 SLICE_0
ROUTE         2     0.637      R19C5A.F0 to      R18C5A.D0 sc00[1]
CTOF_DEL    ---     0.495      R18C5A.D0 to      R18C5A.F0 SLICE_52
ROUTE         2     0.995      R18C5A.F0 to      R19C5C.A0 ss00[1]
CTOF_DEL    ---     0.495      R19C5C.A0 to      R19C5C.F0 SLICE_29
ROUTE         3     1.776      R19C5C.F0 to      R18C5D.B0 sc01[1]
CTOF_DEL    ---     0.495      R18C5D.B0 to      R18C5D.F0 SLICE_49
ROUTE         2     0.637      R18C5D.F0 to      R17C5C.D1 sc01[2]
CTOF_DEL    ---     0.495      R17C5C.D1 to      R17C5C.F1 SLICE_25
ROUTE         3     1.437      R17C5C.F1 to      R16C5A.B1 sc01[3]
CTOF_DEL    ---     0.495      R16C5A.B1 to      R16C5A.F1 SLICE_28
ROUTE         2     1.010      R16C5A.F1 to      R15C5B.B1 sc01[4]
CTOF_DEL    ---     0.495      R15C5B.B1 to      R15C5B.F1 SLICE_27
ROUTE         2     0.753      R15C5B.F1 to      R15C6A.C1 sc01[5]
CTOF_DEL    ---     0.495      R15C6A.C1 to      R15C6A.F1 SLICE_57
ROUTE         2     1.200      R15C6A.F1 to      R16C7D.C1 ss01[5]
CTOF_DEL    ---     0.495      R16C7D.C1 to      R16C7D.F1 SLICE_41
ROUTE         2     0.973      R16C7D.F1 to      R16C6D.A0 M053.Sint1
CTOF_DEL    ---     0.495      R16C6D.A0 to      R16C6D.F0 SLICE_20
ROUTE         2     1.703      R16C6D.F0 to      R17C7D.A0 M068.Sint1
CTOF_DEL    ---     0.495      R17C7D.A0 to      R17C7D.F0 SLICE_38
ROUTE         2     1.703      R17C7D.F0 to      R18C8B.A0 ss04[2]
CTOF_DEL    ---     0.495      R18C8B.A0 to      R18C8B.F0 SLICE_15
ROUTE         2     0.652      R18C8B.F0 to      R19C8A.D1 ss05[1]
CTOF_DEL    ---     0.495      R19C8A.D1 to      R19C8A.F1 SLICE_8
ROUTE         2     1.010      R19C8A.F1 to      R18C8D.B1 sc06[1]
CTOF_DEL    ---     0.495      R18C8D.B1 to      R18C8D.F1 SLICE_7
ROUTE         2     0.632      R18C8D.F1 to      R17C8A.D1 sc06[2]
CTOF_DEL    ---     0.495      R17C8A.D1 to      R17C8A.F1 SLICE_6
ROUTE         2     1.032      R17C8A.F1 to      R16C8B.B1 sc06[3]
CTOF_DEL    ---     0.495      R16C8B.B1 to      R16C8B.F1 SLICE_5
ROUTE         2     0.445      R16C8B.F1 to      R16C8D.C1 sc06[4]
CTOF_DEL    ---     0.495      R16C8D.C1 to      R16C8D.F1 SLICE_3
ROUTE         2     0.753      R16C8D.F1 to      R15C8B.C1 sc06[5]
CTOF_DEL    ---     0.495      R15C8B.C1 to      R15C8B.F1 SLICE_2
ROUTE         2     0.445      R15C8B.F1 to      R15C8C.C0 sc06[6]
CTOF_DEL    ---     0.495      R15C8C.C0 to      R15C8C.F0 SLICE_1
ROUTE         1     3.791      R15C8C.F0 to       59.PADDO Rm_c[15]
DOPAD_DEL   ---     3.448       59.PADDO to         59.PAD Rm[15]
                  --------
                   43.821   (33.6% logic, 66.4% route), 22 logic levels.

Report:   43.745ns delay Am[2] to Rm[14]

   Name    Fanout   Delay (ns)          Site               Resource
PADI_DEL    ---     1.372         12.PAD to       12.PADDI Am[2]
ROUTE        14     6.755       12.PADDI to      R19C5D.B1 Am_c[2]
CTOF_DEL    ---     0.495      R19C5D.B1 to      R19C5D.F1 SLICE_63
ROUTE         2     0.762      R19C5D.F1 to      R19C5A.C0 sa00[1]
CTOF_DEL    ---     0.495      R19C5A.C0 to      R19C5A.F0 SLICE_0
ROUTE         2     0.637      R19C5A.F0 to      R18C5A.D0 sc00[1]
CTOF_DEL    ---     0.495      R18C5A.D0 to      R18C5A.F0 SLICE_52
ROUTE         2     0.995      R18C5A.F0 to      R19C5C.A0 ss00[1]
CTOF_DEL    ---     0.495      R19C5C.A0 to      R19C5C.F0 SLICE_29
ROUTE         3     1.776      R19C5C.F0 to      R18C5D.B0 sc01[1]
CTOF_DEL    ---     0.495      R18C5D.B0 to      R18C5D.F0 SLICE_49
ROUTE         2     0.637      R18C5D.F0 to      R17C5C.D1 sc01[2]
CTOF_DEL    ---     0.495      R17C5C.D1 to      R17C5C.F1 SLICE_25
ROUTE         3     1.437      R17C5C.F1 to      R16C5A.B1 sc01[3]
CTOF_DEL    ---     0.495      R16C5A.B1 to      R16C5A.F1 SLICE_28
ROUTE         2     1.010      R16C5A.F1 to      R15C5B.B1 sc01[4]
CTOF_DEL    ---     0.495      R15C5B.B1 to      R15C5B.F1 SLICE_27
ROUTE         2     0.753      R15C5B.F1 to      R15C6A.C1 sc01[5]
CTOF_DEL    ---     0.495      R15C6A.C1 to      R15C6A.F1 SLICE_57
ROUTE         2     1.200      R15C6A.F1 to      R16C7D.C1 ss01[5]
CTOF_DEL    ---     0.495      R16C7D.C1 to      R16C7D.F1 SLICE_41
ROUTE         2     0.973      R16C7D.F1 to      R16C6D.A0 M053.Sint1
CTOF_DEL    ---     0.495      R16C6D.A0 to      R16C6D.F0 SLICE_20
ROUTE         2     1.703      R16C6D.F0 to      R17C7D.A0 M068.Sint1
CTOF_DEL    ---     0.495      R17C7D.A0 to      R17C7D.F0 SLICE_38
ROUTE         2     1.703      R17C7D.F0 to      R18C8B.A0 ss04[2]
CTOF_DEL    ---     0.495      R18C8B.A0 to      R18C8B.F0 SLICE_15
ROUTE         2     0.652      R18C8B.F0 to      R19C8A.D1 ss05[1]
CTOF_DEL    ---     0.495      R19C8A.D1 to      R19C8A.F1 SLICE_8
ROUTE         2     1.010      R19C8A.F1 to      R18C8D.B1 sc06[1]
CTOF_DEL    ---     0.495      R18C8D.B1 to      R18C8D.F1 SLICE_7
ROUTE         2     0.632      R18C8D.F1 to      R17C8A.D1 sc06[2]
CTOF_DEL    ---     0.495      R17C8A.D1 to      R17C8A.F1 SLICE_6
ROUTE         2     1.032      R17C8A.F1 to      R16C8B.B1 sc06[3]
CTOF_DEL    ---     0.495      R16C8B.B1 to      R16C8B.F1 SLICE_5
ROUTE         2     0.445      R16C8B.F1 to      R16C8D.C1 sc06[4]
CTOF_DEL    ---     0.495      R16C8D.C1 to      R16C8D.F1 SLICE_3
ROUTE         2     0.753      R16C8D.F1 to      R15C8B.C1 sc06[5]
CTOF_DEL    ---     0.495      R15C8B.C1 to      R15C8B.F1 SLICE_2
ROUTE         2     0.445      R15C8B.F1 to      R15C8B.C0 sc06[6]
CTOF_DEL    ---     0.495      R15C8B.C0 to      R15C8B.F0 SLICE_2
ROUTE         1     3.715      R15C8B.F0 to       57.PADDO Rm_c[14]
DOPAD_DEL   ---     3.448       57.PADDO to         57.PAD Rm[14]
                  --------
                   43.745   (33.6% logic, 66.4% route), 22 logic levels.

Report:   43.734ns delay Am[2] to Rm[15]

   Name    Fanout   Delay (ns)          Site               Resource
PADI_DEL    ---     1.372         12.PAD to       12.PADDI Am[2]
ROUTE        14     6.755       12.PADDI to      R19C5D.B1 Am_c[2]
CTOF_DEL    ---     0.495      R19C5D.B1 to      R19C5D.F1 SLICE_63
ROUTE         2     0.762      R19C5D.F1 to      R19C5A.C0 sa00[1]
CTOF_DEL    ---     0.495      R19C5A.C0 to      R19C5A.F0 SLICE_0
ROUTE         2     0.637      R19C5A.F0 to      R18C5A.D0 sc00[1]
CTOF_DEL    ---     0.495      R18C5A.D0 to      R18C5A.F0 SLICE_52
ROUTE         2     0.995      R18C5A.F0 to      R19C5C.A0 ss00[1]
CTOF_DEL    ---     0.495      R19C5C.A0 to      R19C5C.F0 SLICE_29
ROUTE         3     1.776      R19C5C.F0 to      R18C5D.B0 sc01[1]
CTOF_DEL    ---     0.495      R18C5D.B0 to      R18C5D.F0 SLICE_49
ROUTE         2     0.637      R18C5D.F0 to      R17C5C.D1 sc01[2]
CTOF_DEL    ---     0.495      R17C5C.D1 to      R17C5C.F1 SLICE_25
ROUTE         3     1.437      R17C5C.F1 to      R16C5A.B1 sc01[3]
CTOF_DEL    ---     0.495      R16C5A.B1 to      R16C5A.F1 SLICE_28
ROUTE         2     1.010      R16C5A.F1 to      R15C5B.B1 sc01[4]
CTOF_DEL    ---     0.495      R15C5B.B1 to      R15C5B.F1 SLICE_27
ROUTE         2     0.753      R15C5B.F1 to      R15C6A.C1 sc01[5]
CTOF_DEL    ---     0.495      R15C6A.C1 to      R15C6A.F1 SLICE_57
ROUTE         2     1.200      R15C6A.F1 to      R16C7D.C1 ss01[5]
CTOF_DEL    ---     0.495      R16C7D.C1 to      R16C7D.F1 SLICE_41
ROUTE         2     0.973      R16C7D.F1 to      R16C6D.A0 M053.Sint1
CTOF_DEL    ---     0.495      R16C6D.A0 to      R16C6D.F0 SLICE_20
ROUTE         2     1.703      R16C6D.F0 to      R17C7D.A0 M068.Sint1
CTOF_DEL    ---     0.495      R17C7D.A0 to      R17C7D.F0 SLICE_38
ROUTE         2     1.086      R17C7D.F0 to      R18C8C.C1 ss04[2]
CTOF_DEL    ---     0.495      R18C8C.C1 to      R18C8C.F1 SLICE_14
ROUTE         2     0.753      R18C8C.F1 to      R17C8B.C1 sc05[2]
CTOF_DEL    ---     0.495      R17C8B.C1 to      R17C8B.F1 SLICE_13
ROUTE         2     0.632      R17C8B.F1 to      R16C8C.D1 sc05[3]
CTOF_DEL    ---     0.495      R16C8C.D1 to      R16C8C.F1 SLICE_12
ROUTE         2     0.976      R16C8C.F1 to      R16C8A.A1 sc05[4]
CTOF_DEL    ---     0.495      R16C8A.A1 to      R16C8A.F1 SLICE_11
ROUTE         2     0.976      R16C8A.F1 to      R16C8A.A0 sc05[5]
CTOF_DEL    ---     0.495      R16C8A.A0 to      R16C8A.F0 SLICE_11
ROUTE         2     1.015      R16C8A.F0 to      R15C8D.B0 sc05[6]
CTOF_DEL    ---     0.495      R15C8D.B0 to      R15C8D.F0 SLICE_4
ROUTE         2     0.702      R15C8D.F0 to      R15C8B.B1 M118/Yx_0_a3_0
CTOF_DEL    ---     0.495      R15C8B.B1 to      R15C8B.F1 SLICE_2
ROUTE         2     0.445      R15C8B.F1 to      R15C8C.C0 sc06[6]
CTOF_DEL    ---     0.495      R15C8C.C0 to      R15C8C.F0 SLICE_1
ROUTE         1     3.791      R15C8C.F0 to       59.PADDO Rm_c[15]
DOPAD_DEL   ---     3.448       59.PADDO to         59.PAD Rm[15]
                  --------
                   43.734   (33.7% logic, 66.3% route), 22 logic levels.

Report:   43.695ns delay Am[2] to Rm[15]

   Name    Fanout   Delay (ns)          Site               Resource
PADI_DEL    ---     1.372         12.PAD to       12.PADDI Am[2]
ROUTE        14     6.755       12.PADDI to      R19C5D.B1 Am_c[2]
CTOF_DEL    ---     0.495      R19C5D.B1 to      R19C5D.F1 SLICE_63
ROUTE         2     0.762      R19C5D.F1 to      R19C5A.C0 sa00[1]
CTOF_DEL    ---     0.495      R19C5A.C0 to      R19C5A.F0 SLICE_0
ROUTE         2     0.637      R19C5A.F0 to      R18C5A.D0 sc00[1]
CTOF_DEL    ---     0.495      R18C5A.D0 to      R18C5A.F0 SLICE_52
ROUTE         2     0.995      R18C5A.F0 to      R19C5C.A0 ss00[1]
CTOF_DEL    ---     0.495      R19C5C.A0 to      R19C5C.F0 SLICE_29
ROUTE         3     1.776      R19C5C.F0 to      R18C5D.B0 sc01[1]
CTOF_DEL    ---     0.495      R18C5D.B0 to      R18C5D.F0 SLICE_49
ROUTE         2     0.637      R18C5D.F0 to      R17C5C.D1 sc01[2]
CTOF_DEL    ---     0.495      R17C5C.D1 to      R17C5C.F1 SLICE_25
ROUTE         3     1.437      R17C5C.F1 to      R16C5A.B1 sc01[3]
CTOF_DEL    ---     0.495      R16C5A.B1 to      R16C5A.F1 SLICE_28
ROUTE         2     1.010      R16C5A.F1 to      R15C5B.B1 sc01[4]
CTOF_DEL    ---     0.495      R15C5B.B1 to      R15C5B.F1 SLICE_27
ROUTE         2     0.753      R15C5B.F1 to      R15C6A.C1 sc01[5]
CTOF_DEL    ---     0.495      R15C6A.C1 to      R15C6A.F1 SLICE_57
ROUTE         2     1.200      R15C6A.F1 to      R16C7D.C1 ss01[5]
CTOF_DEL    ---     0.495      R16C7D.C1 to      R16C7D.F1 SLICE_41
ROUTE         2     0.973      R16C7D.F1 to      R16C6D.A0 M053.Sint1
CTOF_DEL    ---     0.495      R16C6D.A0 to      R16C6D.F0 SLICE_20
ROUTE         2     1.483      R16C6D.F0 to      R17C7C.C1 M068.Sint1
CTOF_DEL    ---     0.495      R17C7C.C1 to      R17C7C.F1 SLICE_37
ROUTE         2     0.654      R17C7C.F1 to      R16C7B.D0 sc04[3]
CTOF_DEL    ---     0.495      R16C7B.D0 to      R16C7B.F0 SLICE_36
ROUTE         2     0.973      R16C7B.F0 to      R15C7C.A1 sc04[4]
CTOF_DEL    ---     0.495      R15C7C.A1 to      R15C7C.F1 SLICE_34
ROUTE         2     1.010      R15C7C.F1 to      R15C6A.B0 sc04[5]
CTOF_DEL    ---     0.495      R15C6A.B0 to      R15C6A.F0 SLICE_57
ROUTE         2     1.200      R15C6A.F0 to      R16C8A.C1 ss04[5]
CTOF_DEL    ---     0.495      R16C8A.C1 to      R16C8A.F1 SLICE_11
ROUTE         2     0.753      R16C8A.F1 to      R16C7A.C0 sc05[5]
CTOF_DEL    ---     0.495      R16C7A.C0 to      R16C7A.F0 SLICE_56
ROUTE         2     0.978      R16C7A.F0 to      R16C8D.A1 ss05[5]
CTOF_DEL    ---     0.495      R16C8D.A1 to      R16C8D.F1 SLICE_3
ROUTE         2     0.753      R16C8D.F1 to      R15C8B.C1 sc06[5]
CTOF_DEL    ---     0.495      R15C8B.C1 to      R15C8B.F1 SLICE_2
ROUTE         2     0.445      R15C8B.F1 to      R15C8C.C0 sc06[6]
CTOF_DEL    ---     0.495      R15C8C.C0 to      R15C8C.F0 SLICE_1
ROUTE         1     3.791      R15C8C.F0 to       59.PADDO Rm_c[15]
DOPAD_DEL   ---     3.448       59.PADDO to         59.PAD Rm[15]
                  --------
                   43.695   (33.7% logic, 66.3% route), 22 logic levels.

Report:   43.658ns delay Am[2] to Rm[14]

   Name    Fanout   Delay (ns)          Site               Resource
PADI_DEL    ---     1.372         12.PAD to       12.PADDI Am[2]
ROUTE        14     6.755       12.PADDI to      R19C5D.B1 Am_c[2]
CTOF_DEL    ---     0.495      R19C5D.B1 to      R19C5D.F1 SLICE_63
ROUTE         2     0.762      R19C5D.F1 to      R19C5A.C0 sa00[1]
CTOF_DEL    ---     0.495      R19C5A.C0 to      R19C5A.F0 SLICE_0
ROUTE         2     0.637      R19C5A.F0 to      R18C5A.D0 sc00[1]
CTOF_DEL    ---     0.495      R18C5A.D0 to      R18C5A.F0 SLICE_52
ROUTE         2     0.995      R18C5A.F0 to      R19C5C.A0 ss00[1]
CTOF_DEL    ---     0.495      R19C5C.A0 to      R19C5C.F0 SLICE_29
ROUTE         3     1.776      R19C5C.F0 to      R18C5D.B0 sc01[1]
CTOF_DEL    ---     0.495      R18C5D.B0 to      R18C5D.F0 SLICE_49
ROUTE         2     0.637      R18C5D.F0 to      R17C5C.D1 sc01[2]
CTOF_DEL    ---     0.495      R17C5C.D1 to      R17C5C.F1 SLICE_25
ROUTE         3     1.437      R17C5C.F1 to      R16C5A.B1 sc01[3]
CTOF_DEL    ---     0.495      R16C5A.B1 to      R16C5A.F1 SLICE_28
ROUTE         2     1.010      R16C5A.F1 to      R15C5B.B1 sc01[4]
CTOF_DEL    ---     0.495      R15C5B.B1 to      R15C5B.F1 SLICE_27
ROUTE         2     0.753      R15C5B.F1 to      R15C6A.C1 sc01[5]
CTOF_DEL    ---     0.495      R15C6A.C1 to      R15C6A.F1 SLICE_57
ROUTE         2     1.200      R15C6A.F1 to      R16C7D.C1 ss01[5]
CTOF_DEL    ---     0.495      R16C7D.C1 to      R16C7D.F1 SLICE_41
ROUTE         2     0.973      R16C7D.F1 to      R16C6D.A0 M053.Sint1
CTOF_DEL    ---     0.495      R16C6D.A0 to      R16C6D.F0 SLICE_20
ROUTE         2     1.703      R16C6D.F0 to      R17C7D.A0 M068.Sint1
CTOF_DEL    ---     0.495      R17C7D.A0 to      R17C7D.F0 SLICE_38
ROUTE         2     1.086      R17C7D.F0 to      R18C8C.C1 ss04[2]
CTOF_DEL    ---     0.495      R18C8C.C1 to      R18C8C.F1 SLICE_14
ROUTE         2     0.753      R18C8C.F1 to      R17C8B.C1 sc05[2]
CTOF_DEL    ---     0.495      R17C8B.C1 to      R17C8B.F1 SLICE_13
ROUTE         2     0.632      R17C8B.F1 to      R16C8C.D1 sc05[3]
CTOF_DEL    ---     0.495      R16C8C.D1 to      R16C8C.F1 SLICE_12
ROUTE         2     0.976      R16C8C.F1 to      R16C8A.A1 sc05[4]
CTOF_DEL    ---     0.495      R16C8A.A1 to      R16C8A.F1 SLICE_11
ROUTE         2     0.976      R16C8A.F1 to      R16C8A.A0 sc05[5]
CTOF_DEL    ---     0.495      R16C8A.A0 to      R16C8A.F0 SLICE_11
ROUTE         2     1.015      R16C8A.F0 to      R15C8D.B0 sc05[6]
CTOF_DEL    ---     0.495      R15C8D.B0 to      R15C8D.F0 SLICE_4
ROUTE         2     0.702      R15C8D.F0 to      R15C8B.B1 M118/Yx_0_a3_0
CTOF_DEL    ---     0.495      R15C8B.B1 to      R15C8B.F1 SLICE_2
ROUTE         2     0.445      R15C8B.F1 to      R15C8B.C0 sc06[6]
CTOF_DEL    ---     0.495      R15C8B.C0 to      R15C8B.F0 SLICE_2
ROUTE         1     3.715      R15C8B.F0 to       57.PADDO Rm_c[14]
DOPAD_DEL   ---     3.448       57.PADDO to         57.PAD Rm[14]
                  --------
                   43.658   (33.7% logic, 66.3% route), 22 logic levels.

Report:   43.619ns delay Am[2] to Rm[14]

   Name    Fanout   Delay (ns)          Site               Resource
PADI_DEL    ---     1.372         12.PAD to       12.PADDI Am[2]
ROUTE        14     6.755       12.PADDI to      R19C5D.B1 Am_c[2]
CTOF_DEL    ---     0.495      R19C5D.B1 to      R19C5D.F1 SLICE_63
ROUTE         2     0.762      R19C5D.F1 to      R19C5A.C0 sa00[1]
CTOF_DEL    ---     0.495      R19C5A.C0 to      R19C5A.F0 SLICE_0
ROUTE         2     0.637      R19C5A.F0 to      R18C5A.D0 sc00[1]
CTOF_DEL    ---     0.495      R18C5A.D0 to      R18C5A.F0 SLICE_52
ROUTE         2     0.995      R18C5A.F0 to      R19C5C.A0 ss00[1]
CTOF_DEL    ---     0.495      R19C5C.A0 to      R19C5C.F0 SLICE_29
ROUTE         3     1.776      R19C5C.F0 to      R18C5D.B0 sc01[1]
CTOF_DEL    ---     0.495      R18C5D.B0 to      R18C5D.F0 SLICE_49
ROUTE         2     0.637      R18C5D.F0 to      R17C5C.D1 sc01[2]
CTOF_DEL    ---     0.495      R17C5C.D1 to      R17C5C.F1 SLICE_25
ROUTE         3     1.437      R17C5C.F1 to      R16C5A.B1 sc01[3]
CTOF_DEL    ---     0.495      R16C5A.B1 to      R16C5A.F1 SLICE_28
ROUTE         2     1.010      R16C5A.F1 to      R15C5B.B1 sc01[4]
CTOF_DEL    ---     0.495      R15C5B.B1 to      R15C5B.F1 SLICE_27
ROUTE         2     0.753      R15C5B.F1 to      R15C6A.C1 sc01[5]
CTOF_DEL    ---     0.495      R15C6A.C1 to      R15C6A.F1 SLICE_57
ROUTE         2     1.200      R15C6A.F1 to      R16C7D.C1 ss01[5]
CTOF_DEL    ---     0.495      R16C7D.C1 to      R16C7D.F1 SLICE_41
ROUTE         2     0.973      R16C7D.F1 to      R16C6D.A0 M053.Sint1
CTOF_DEL    ---     0.495      R16C6D.A0 to      R16C6D.F0 SLICE_20
ROUTE         2     1.483      R16C6D.F0 to      R17C7C.C1 M068.Sint1
CTOF_DEL    ---     0.495      R17C7C.C1 to      R17C7C.F1 SLICE_37
ROUTE         2     0.654      R17C7C.F1 to      R16C7B.D0 sc04[3]
CTOF_DEL    ---     0.495      R16C7B.D0 to      R16C7B.F0 SLICE_36
ROUTE         2     0.973      R16C7B.F0 to      R15C7C.A1 sc04[4]
CTOF_DEL    ---     0.495      R15C7C.A1 to      R15C7C.F1 SLICE_34
ROUTE         2     1.010      R15C7C.F1 to      R15C6A.B0 sc04[5]
CTOF_DEL    ---     0.495      R15C6A.B0 to      R15C6A.F0 SLICE_57
ROUTE         2     1.200      R15C6A.F0 to      R16C8A.C1 ss04[5]
CTOF_DEL    ---     0.495      R16C8A.C1 to      R16C8A.F1 SLICE_11
ROUTE         2     0.753      R16C8A.F1 to      R16C7A.C0 sc05[5]
CTOF_DEL    ---     0.495      R16C7A.C0 to      R16C7A.F0 SLICE_56
ROUTE         2     0.978      R16C7A.F0 to      R16C8D.A1 ss05[5]
CTOF_DEL    ---     0.495      R16C8D.A1 to      R16C8D.F1 SLICE_3
ROUTE         2     0.753      R16C8D.F1 to      R15C8B.C1 sc06[5]
CTOF_DEL    ---     0.495      R15C8B.C1 to      R15C8B.F1 SLICE_2
ROUTE         2     0.445      R15C8B.F1 to      R15C8B.C0 sc06[6]
CTOF_DEL    ---     0.495      R15C8B.C0 to      R15C8B.F0 SLICE_2
ROUTE         1     3.715      R15C8B.F0 to       57.PADDO Rm_c[14]
DOPAD_DEL   ---     3.448       57.PADDO to         57.PAD Rm[14]
                  --------
                   43.619   (33.7% logic, 66.3% route), 22 logic levels.

Report:   43.525ns delay Am[2] to Rm[15]

   Name    Fanout   Delay (ns)          Site               Resource
PADI_DEL    ---     1.372         12.PAD to       12.PADDI Am[2]
ROUTE        14     6.755       12.PADDI to      R19C5D.B1 Am_c[2]
CTOF_DEL    ---     0.495      R19C5D.B1 to      R19C5D.F1 SLICE_63
ROUTE         2     0.762      R19C5D.F1 to      R19C5A.C0 sa00[1]
CTOF_DEL    ---     0.495      R19C5A.C0 to      R19C5A.F0 SLICE_0
ROUTE         2     0.637      R19C5A.F0 to      R18C5A.D0 sc00[1]
CTOF_DEL    ---     0.495      R18C5A.D0 to      R18C5A.F0 SLICE_52
ROUTE         2     0.995      R18C5A.F0 to      R19C5C.A0 ss00[1]
CTOF_DEL    ---     0.495      R19C5C.A0 to      R19C5C.F0 SLICE_29
ROUTE         3     1.776      R19C5C.F0 to      R18C5D.B0 sc01[1]
CTOF_DEL    ---     0.495      R18C5D.B0 to      R18C5D.F0 SLICE_49
ROUTE         2     0.637      R18C5D.F0 to      R17C5C.D1 sc01[2]
CTOF_DEL    ---     0.495      R17C5C.D1 to      R17C5C.F1 SLICE_25
ROUTE         3     1.437      R17C5C.F1 to      R16C5A.B1 sc01[3]
CTOF_DEL    ---     0.495      R16C5A.B1 to      R16C5A.F1 SLICE_28
ROUTE         2     1.010      R16C5A.F1 to      R15C5B.B1 sc01[4]
CTOF_DEL    ---     0.495      R15C5B.B1 to      R15C5B.F1 SLICE_27
ROUTE         2     0.753      R15C5B.F1 to      R15C6A.C1 sc01[5]
CTOF_DEL    ---     0.495      R15C6A.C1 to      R15C6A.F1 SLICE_57
ROUTE         2     1.200      R15C6A.F1 to      R16C7D.C1 ss01[5]
CTOF_DEL    ---     0.495      R16C7D.C1 to      R16C7D.F1 SLICE_41
ROUTE         2     0.973      R16C7D.F1 to      R16C6D.A0 M053.Sint1
CTOF_DEL    ---     0.495      R16C6D.A0 to      R16C6D.F0 SLICE_20
ROUTE         2     1.703      R16C6D.F0 to      R17C7D.A0 M068.Sint1
CTOF_DEL    ---     0.495      R17C7D.A0 to      R17C7D.F0 SLICE_38
ROUTE         2     1.086      R17C7D.F0 to      R18C8C.C1 ss04[2]
CTOF_DEL    ---     0.495      R18C8C.C1 to      R18C8C.F1 SLICE_14
ROUTE         2     0.753      R18C8C.F1 to      R17C8B.C1 sc05[2]
CTOF_DEL    ---     0.495      R17C8B.C1 to      R17C8B.F1 SLICE_13
ROUTE         2     0.632      R17C8B.F1 to      R16C8C.D1 sc05[3]
CTOF_DEL    ---     0.495      R16C8C.D1 to      R16C8C.F1 SLICE_12
ROUTE         2     0.976      R16C8C.F1 to      R16C8A.A1 sc05[4]
CTOF_DEL    ---     0.495      R16C8A.A1 to      R16C8A.F1 SLICE_11
ROUTE         2     0.753      R16C8A.F1 to      R16C7A.C0 sc05[5]
CTOF_DEL    ---     0.495      R16C7A.C0 to      R16C7A.F0 SLICE_56
ROUTE         2     0.978      R16C7A.F0 to      R16C8D.A1 ss05[5]
CTOF_DEL    ---     0.495      R16C8D.A1 to      R16C8D.F1 SLICE_3
ROUTE         2     0.753      R16C8D.F1 to      R15C8B.C1 sc06[5]
CTOF_DEL    ---     0.495      R15C8B.C1 to      R15C8B.F1 SLICE_2
ROUTE         2     0.445      R15C8B.F1 to      R15C8C.C0 sc06[6]
CTOF_DEL    ---     0.495      R15C8C.C0 to      R15C8C.F0 SLICE_1
ROUTE         1     3.791      R15C8C.F0 to       59.PADDO Rm_c[15]
DOPAD_DEL   ---     3.448       59.PADDO to         59.PAD Rm[15]
                  --------
                   43.525   (33.8% logic, 66.2% route), 22 logic levels.

Report:   43.449ns delay Am[2] to Rm[14]

   Name    Fanout   Delay (ns)          Site               Resource
PADI_DEL    ---     1.372         12.PAD to       12.PADDI Am[2]
ROUTE        14     6.755       12.PADDI to      R19C5D.B1 Am_c[2]
CTOF_DEL    ---     0.495      R19C5D.B1 to      R19C5D.F1 SLICE_63
ROUTE         2     0.762      R19C5D.F1 to      R19C5A.C0 sa00[1]
CTOF_DEL    ---     0.495      R19C5A.C0 to      R19C5A.F0 SLICE_0
ROUTE         2     0.637      R19C5A.F0 to      R18C5A.D0 sc00[1]
CTOF_DEL    ---     0.495      R18C5A.D0 to      R18C5A.F0 SLICE_52
ROUTE         2     0.995      R18C5A.F0 to      R19C5C.A0 ss00[1]
CTOF_DEL    ---     0.495      R19C5C.A0 to      R19C5C.F0 SLICE_29
ROUTE         3     1.776      R19C5C.F0 to      R18C5D.B0 sc01[1]
CTOF_DEL    ---     0.495      R18C5D.B0 to      R18C5D.F0 SLICE_49
ROUTE         2     0.637      R18C5D.F0 to      R17C5C.D1 sc01[2]
CTOF_DEL    ---     0.495      R17C5C.D1 to      R17C5C.F1 SLICE_25
ROUTE         3     1.437      R17C5C.F1 to      R16C5A.B1 sc01[3]
CTOF_DEL    ---     0.495      R16C5A.B1 to      R16C5A.F1 SLICE_28
ROUTE         2     1.010      R16C5A.F1 to      R15C5B.B1 sc01[4]
CTOF_DEL    ---     0.495      R15C5B.B1 to      R15C5B.F1 SLICE_27
ROUTE         2     0.753      R15C5B.F1 to      R15C6A.C1 sc01[5]
CTOF_DEL    ---     0.495      R15C6A.C1 to      R15C6A.F1 SLICE_57
ROUTE         2     1.200      R15C6A.F1 to      R16C7D.C1 ss01[5]
CTOF_DEL    ---     0.495      R16C7D.C1 to      R16C7D.F1 SLICE_41
ROUTE         2     0.973      R16C7D.F1 to      R16C6D.A0 M053.Sint1
CTOF_DEL    ---     0.495      R16C6D.A0 to      R16C6D.F0 SLICE_20
ROUTE         2     1.703      R16C6D.F0 to      R17C7D.A0 M068.Sint1
CTOF_DEL    ---     0.495      R17C7D.A0 to      R17C7D.F0 SLICE_38
ROUTE         2     1.086      R17C7D.F0 to      R18C8C.C1 ss04[2]
CTOF_DEL    ---     0.495      R18C8C.C1 to      R18C8C.F1 SLICE_14
ROUTE         2     0.753      R18C8C.F1 to      R17C8B.C1 sc05[2]
CTOF_DEL    ---     0.495      R17C8B.C1 to      R17C8B.F1 SLICE_13
ROUTE         2     0.632      R17C8B.F1 to      R16C8C.D1 sc05[3]
CTOF_DEL    ---     0.495      R16C8C.D1 to      R16C8C.F1 SLICE_12
ROUTE         2     0.976      R16C8C.F1 to      R16C8A.A1 sc05[4]
CTOF_DEL    ---     0.495      R16C8A.A1 to      R16C8A.F1 SLICE_11
ROUTE         2     0.753      R16C8A.F1 to      R16C7A.C0 sc05[5]
CTOF_DEL    ---     0.495      R16C7A.C0 to      R16C7A.F0 SLICE_56
ROUTE         2     0.978      R16C7A.F0 to      R16C8D.A1 ss05[5]
CTOF_DEL    ---     0.495      R16C8D.A1 to      R16C8D.F1 SLICE_3
ROUTE         2     0.753      R16C8D.F1 to      R15C8B.C1 sc06[5]
CTOF_DEL    ---     0.495      R15C8B.C1 to      R15C8B.F1 SLICE_2
ROUTE         2     0.445      R15C8B.F1 to      R15C8B.C0 sc06[6]
CTOF_DEL    ---     0.495      R15C8B.C0 to      R15C8B.F0 SLICE_2
ROUTE         1     3.715      R15C8B.F0 to       57.PADDO Rm_c[14]
DOPAD_DEL   ---     3.448       57.PADDO to         57.PAD Rm[14]
                  --------
                   43.449   (33.9% logic, 66.1% route), 22 logic levels.

Report:   43.904ns is the maximum delay for this preference.


================================================================================
Preference: Default net enumeration
            144 items scored, 0 timing errors detected.
--------------------------------------------------------------------------------

Report:    6.755ns maximum delay on Am_c[2]

           Delays             Connection(s)
           6.755ns         12.PADDI to R19C5D.B1       
           6.755ns         12.PADDI to R19C5D.B0       
           6.718ns         12.PADDI to R18C5A.A1       
           4.756ns         12.PADDI to R18C6C.C1       
           6.334ns         12.PADDI to R17C6C.D0       
           4.976ns         12.PADDI to R17C6A.A1       
           5.844ns         12.PADDI to R17C7A.A0       
           5.410ns         12.PADDI to R18C7B.A1       
           5.032ns         12.PADDI to R17C6D.D1       
           5.013ns         12.PADDI to R17C6D.B0       
           3.685ns         12.PADDI to R18C8B.B0       
           3.685ns         12.PADDI to R18C8C.B1       
           3.877ns         12.PADDI to R19C8A.C0       
           3.016ns         12.PADDI to R18C8D.C1       

Report:    5.665ns maximum delay on Bm_c[2]

           Delays             Connection(s)
           5.048ns        133.PADDI to R19C5D.C0       
           3.589ns        133.PADDI to R15C6A.D1       
           5.268ns        133.PADDI to R19C5B.A0       
           4.853ns        133.PADDI to R16C5C.B0       
           5.268ns        133.PADDI to R18C5B.A1       
           4.456ns        133.PADDI to R18C6C.D1       
           4.426ns        133.PADDI to R17C6C.D1       
           5.665ns        133.PADDI to R19C5C.A1       
           4.927ns        133.PADDI to R19C5C.D0       
           4.475ns        133.PADDI to R16C5A.D1       
           4.475ns        133.PADDI to R16C5A.D0       
           4.435ns        133.PADDI to R15C5B.D1       
           4.435ns        133.PADDI to R15C5B.D0       
           4.029ns        133.PADDI to R16C6A.D0       
           4.853ns        133.PADDI to R17C5C.B1       
           3.710ns        133.PADDI to R15C6B.C1       

Report:    5.363ns maximum delay on Am_c[6]

           Delays             Connection(s)
           4.539ns          6.PADDI to R16C6B.B0       
           3.616ns          6.PADDI to R15C6A.A1       
           3.275ns          6.PADDI to R15C6A.D0       
           4.176ns          6.PADDI to R16C7A.D1       
           4.176ns          6.PADDI to R16C7A.D0       
           5.037ns          6.PADDI to R15C7A.D1       
           5.363ns          6.PADDI to R15C7A.A0       
           4.603ns          6.PADDI to R16C5C.D1       
           5.037ns          6.PADDI to R15C7C.D0       
           4.603ns          6.PADDI to R16C5D.D1       
           3.616ns          6.PADDI to R15C5B.A0       
           4.161ns          6.PADDI to R16C6C.D0       
           3.709ns          6.PADDI to R16C8A.D0       
           3.312ns          6.PADDI to R16C8D.D0       
           3.269ns          6.PADDI to R15C8B.D1       

Report:    5.323ns maximum delay on Bm_c[3]

           Delays             Connection(s)
           4.186ns        132.PADDI to R16C6B.C1       
           4.186ns        132.PADDI to R16C6B.C0       
           5.054ns        132.PADDI to R17C7B.C1       
           4.933ns        132.PADDI to R18C7A.D1       
           5.323ns        132.PADDI to R18C5B.D0       
           4.443ns        132.PADDI to R17C6C.B0       
           4.803ns        132.PADDI to R17C6B.A0       
           4.877ns        132.PADDI to R16C7D.B1       
           4.877ns        132.PADDI to R17C5C.B0       
           4.443ns        132.PADDI to R16C6C.B1       
           4.443ns        132.PADDI to R16C6C.B0       
           4.321ns        132.PADDI to R15C6B.A0       
           4.406ns        132.PADDI to R17C6D.A1       
           4.406ns        132.PADDI to R16C6D.A1       
           3.924ns        132.PADDI to R15C6D.A1       

Report:    5.322ns maximum delay on Am_c[3]

           Delays             Connection(s)
           4.020ns         11.PADDI to R17C7B.A1       
           4.020ns         11.PADDI to R17C7B.A0       
           2.795ns         11.PADDI to R17C5A.D0       
           5.322ns         11.PADDI to R18C5A.A0       
           5.322ns         11.PADDI to R18C5D.A1       
           3.991ns         11.PADDI to R17C6C.A1       
           4.020ns         11.PADDI to R17C7A.A1       
           3.374ns         11.PADDI to R17C7D.C1       
           3.179ns         11.PADDI to R17C5B.B1       
           3.142ns         11.PADDI to R17C5C.A1       
           3.192ns         11.PADDI to R17C5C.D0       
           4.895ns         11.PADDI to R18C8C.B0       
           4.462ns         11.PADDI to R17C8B.B1       
           4.120ns         11.PADDI to R18C8D.D0       
           4.028ns         11.PADDI to R17C8A.A1       

Report:    5.027ns maximum delay on Am_c[1]

           Delays             Connection(s)
           2.670ns         13.PADDI to R16C6B.B1       
           5.027ns         13.PADDI to R19C4C.D0       
           3.213ns         13.PADDI to R19C5B.B1       
           4.600ns         13.PADDI to R18C5B.D1       
           4.166ns         13.PADDI to R18C7C.D1       
           4.941ns         13.PADDI to R18C7B.B0       
           3.213ns         13.PADDI to R19C5C.B0       
           4.166ns         13.PADDI to R18C6D.D0       
           4.166ns         13.PADDI to R18C6B.D1       
           4.166ns         13.PADDI to R18C6B.D0       
           4.910ns         13.PADDI to R18C8B.B1       
           3.281ns         13.PADDI to R19C8B.D0       
           4.056ns         13.PADDI to R19C8A.B1       
           3.588ns         13.PADDI to R19C5A.A1       
           3.588ns         13.PADDI to R19C5A.A0       

Report:    4.816ns maximum delay on Am_c[7]

           Delays             Connection(s)
           4.738ns          5.PADDI to R16C5D.D0       
           4.738ns          5.PADDI to R16C5B.D1       
           4.738ns          5.PADDI to R16C5B.D0       
           4.676ns          5.PADDI to R16C6A.B1       
           4.816ns          5.PADDI to R16C6A.C0       
           4.193ns          5.PADDI to R15C6B.A1       
           3.858ns          5.PADDI to R15C6B.D0       
           4.633ns          5.PADDI to R15C6D.B1       
           3.858ns          5.PADDI to R15C6D.D0       
           4.193ns          5.PADDI to R15C7D.A1       
           4.193ns          5.PADDI to R15C7D.A0       
           3.248ns          5.PADDI to R15C8D.B1       
           3.504ns          5.PADDI to R15C8D.D0       
           3.637ns          5.PADDI to R15C8B.A0       
           3.637ns          5.PADDI to R15C8C.A1       
           3.637ns          5.PADDI to R15C8C.A0       

Report:    4.627ns maximum delay on Am_c[5]

           Delays             Connection(s)
           3.356ns          9.PADDI to R15C7B.C0       
           4.450ns          9.PADDI to R16C4A.A1       
           4.450ns          9.PADDI to R16C4A.A0       
           4.487ns          9.PADDI to R17C5D.B1       
           3.632ns          9.PADDI to R16C7D.D1       
           4.627ns          9.PADDI to R16C5A.C0       
           4.016ns          9.PADDI to R15C5B.A1       
           3.356ns          9.PADDI to R16C6C.C1       
           3.591ns          9.PADDI to R16C8C.B0       
           3.213ns          9.PADDI to R16C8A.D1       
           3.179ns          9.PADDI to R16C8B.B0       
           2.801ns          9.PADDI to R16C8D.D1       

Report:    4.484ns maximum delay on Am_c[0]

           Delays             Connection(s)
           4.022ns         14.PADDI to R18C7A.A1       
           3.681ns         14.PADDI to R18C7A.D0       
           3.219ns         14.PADDI to R19C4C.B1       
           3.359ns         14.PADDI to R19C4C.C0       
           3.219ns         14.PADDI to R19C5B.B0       
           4.484ns         14.PADDI to R18C5B.B0       
           3.830ns         14.PADDI to R18C6A.C0       
           3.219ns         14.PADDI to R19C5C.B1       
           3.830ns         14.PADDI to R18C6D.C1       
           4.022ns         14.PADDI to R18C7D.A1       
           4.059ns         14.PADDI to R18C7D.B0       
           4.001ns         14.PADDI to R18C8A.A1       
           3.384ns         14.PADDI to R18C8A.C0       
           2.950ns         14.PADDI to R19C8B.C1       
           3.219ns         14.PADDI to R19C5A.B1       

Report:    4.482ns maximum delay on Am_c[4]

           Delays             Connection(s)
           2.501ns         10.PADDI to R15C7B.C1       
           3.626ns         10.PADDI to R17C5A.B1       
           3.626ns         10.PADDI to R17C5A.B0       
           4.482ns         10.PADDI to R17C5D.B0       
           3.662ns         10.PADDI to R16C5C.D0       
           3.630ns         10.PADDI to R17C6B.B0       
           3.192ns         10.PADDI to R17C7C.B0       
           3.997ns         10.PADDI to R16C7B.A0       
           4.104ns         10.PADDI to R17C5B.D0       
           3.386ns         10.PADDI to R16C5A.C1       
           3.600ns         10.PADDI to R16C6D.B1       
           2.825ns         10.PADDI to R16C6D.D0       
           3.979ns         10.PADDI to R17C8B.A0       
           3.380ns         10.PADDI to R16C8C.C1       
           3.241ns         10.PADDI to R17C8A.D0       
           3.545ns         10.PADDI to R16C8B.A1       

Report:    6.755ns is the maximum delay for this preference.

Report Summary
--------------
----------------------------------------------------------------------------
Preference                              |   Constraint|       Actual|Levels
----------------------------------------------------------------------------
                                        |             |             |
Default path enumeration                |     0.000 ns|    43.904 ns|   0  
                                        |             |             |
Default net enumeration                 |     0.000 ns|     6.755 ns|   0  
                                        |             |             |
----------------------------------------------------------------------------


All preferences were met.


Clock Domains Analysis
------------------------

Found 0 clocks:


Timing summary (Setup):
---------------

Timing errors: 0  Score: 0
Cumulative negative slack: 0

Constraints cover 840810 paths, 144 nets, and 481 connections (100.00% coverage)

--------------------------------------------------------------------------------

