Running in Lattice mode

Starting:    C:\lscc\diamond\3.11_x64\synpbase\bin64\mbin\synbatch.exe
Install:     C:\lscc\diamond\3.11_x64\synpbase
Hostname:    DESKTOP-P12ICFP
Date:        Tue Feb 25 22:05:30 2020
Version:     N-2018.03L-SP1-1

Arguments:   -product synplify_pro -batch mult8bit00_mult8bit_synplify.tcl
ProductType: synplify_pro




Copied C:\lscc\diamond\3.11_x64\bin\nt64\Practicas\mult8bit00\mult8bit\mult8bit00_mult8bit.srr to C:\lscc\diamond\3.11_x64\bin\nt64\Practicas\mult8bit00\mult8bit\backup\mult8bit00_mult8bit.srr
log file: "C:\lscc\diamond\3.11_x64\bin\nt64\Practicas\mult8bit00\mult8bit\mult8bit00_mult8bit.srr"
Running: hdl_info_gen in foreground

Generating HDL info...
Copied C:\lscc\diamond\3.11_x64\bin\nt64\Practicas\mult8bit00\mult8bit\mult8bit00_mult8bit.srr to C:\lscc\diamond\3.11_x64\bin\nt64\Practicas\mult8bit00\mult8bit\mult8bit00_mult8bit.srf

hdl_info_gen completed
# Tue Feb 25 22:05:33 2020

Return Code: 0
Run Time:00h:00m:02s
log file: "C:\lscc\diamond\3.11_x64\bin\nt64\Practicas\mult8bit00\mult8bit\mult8bit00_mult8bit.srr"
Running: mult8bit in foreground

Running proj_1|mult8bit

Running Flow: compile (Compile) on proj_1|mult8bit
# Tue Feb 25 22:05:33 2020

Running Flow: compile_flow (Compile Process) on proj_1|mult8bit
# Tue Feb 25 22:05:33 2020

Running: compiler (Compile Input) on proj_1|mult8bit
# Tue Feb 25 22:05:33 2020
Copied C:\lscc\diamond\3.11_x64\bin\nt64\Practicas\mult8bit00\mult8bit\synwork\mult8bit00_mult8bit_comp.srs to C:\lscc\diamond\3.11_x64\bin\nt64\Practicas\mult8bit00\mult8bit\mult8bit00_mult8bit.srs

compiler completed
# Tue Feb 25 22:05:39 2020

Return Code: 0
Run Time:00h:00m:06s

Running: multi_srs_gen (Multi-srs Generator) on proj_1|mult8bit
# Tue Feb 25 22:05:39 2020

multi_srs_gen completed
# Tue Feb 25 22:05:40 2020

Return Code: 0
Run Time:00h:00m:01s
Copied C:\lscc\diamond\3.11_x64\bin\nt64\Practicas\mult8bit00\mult8bit\synwork\mult8bit00_mult8bit_mult.srs to C:\lscc\diamond\3.11_x64\bin\nt64\Practicas\mult8bit00\mult8bit\mult8bit00_mult8bit.srs
Copied C:\lscc\diamond\3.11_x64\bin\nt64\Practicas\mult8bit00\mult8bit\mult8bit00_mult8bit.srr to C:\lscc\diamond\3.11_x64\bin\nt64\Practicas\mult8bit00\mult8bit\mult8bit00_mult8bit.srf
Complete: Compile Process on proj_1|mult8bit

Running: premap (Premap) on proj_1|mult8bit
# Tue Feb 25 22:05:40 2020

premap completed
# Tue Feb 25 22:05:47 2020

Return Code: 0
Run Time:00h:00m:07s
Complete: Compile on proj_1|mult8bit

Running Flow: map (Map) on proj_1|mult8bit
# Tue Feb 25 22:05:47 2020
License granted for 4 parallel jobs

Running: fpga_mapper (Map & Optimize) on proj_1|mult8bit
# Tue Feb 25 22:05:47 2020
Copied C:\lscc\diamond\3.11_x64\bin\nt64\Practicas\mult8bit00\mult8bit\synwork\mult8bit00_mult8bit_m.srm to C:\lscc\diamond\3.11_x64\bin\nt64\Practicas\mult8bit00\mult8bit\mult8bit00_mult8bit.srm

fpga_mapper completed
# Tue Feb 25 22:06:02 2020

Return Code: 0
Run Time:00h:00m:15s
Complete: Map on proj_1|mult8bit
Copied C:\lscc\diamond\3.11_x64\bin\nt64\Practicas\mult8bit00\mult8bit\mult8bit00_mult8bit.srr to C:\lscc\diamond\3.11_x64\bin\nt64\Practicas\mult8bit00\mult8bit\mult8bit00_mult8bit.srf
Complete: Logic Synthesis on proj_1|mult8bit
TCL script complete: "mult8bit00_mult8bit_synplify.tcl"
exit status=0
exit status=0
Save changes for project:
C:\lscc\diamond\3.11_x64\bin\nt64\Practicas\mult8bit00\mult8bit\proj_1.prj
batch mode default:no
