
Copyright (C) 1994-2018 Synopsys, Inc.
This Synopsys software and all associated documentation are proprietary to Synopsys, Inc.
and may only be used pursuant to the terms and conditions of a written license agreement
with Synopsys, Inc. All other use, reproduction, modification, or distribution of the
Synopsys software or the associated documentation is strictly prohibited.
Tool: Synplify Pro (R)
Build: N-2018.03L-SP1-1
Install: C:\lscc\diamond\3.11_x64\synpbase
OS: Windows 6.2

Hostname: DESKTOP-P12ICFP

Implementation : shiftLR0
Synopsys HDL compiler and linker, Version comp2018q2p1, Build 461R, Built Apr  1 2019 09:17:43

Modified Files: 3
FID:  path (prevtimestamp, timestamp)
25       C:\lscc\diamond\3.11_x64\bin\nt64\Arqui\Practicas\shiftLR00\packageshiftLR00.vhdl (2019-02-22 11:37:40, 2020-02-20 20:04:55)
26       C:\lscc\diamond\3.11_x64\bin\nt64\Arqui\Practicas\shiftLR00\shiftLR00.vhdl (2019-03-08 17:24:52, 2020-02-20 22:56:35)
27       C:\lscc\diamond\3.11_x64\bin\nt64\Arqui\Practicas\shiftLR00\topshifLR00.vhdl (2019-03-08 17:23:43, 2020-02-20 22:55:01)

*******************************************************************
Modules that may have changed as a result of file changes: 5
MID:  lib.cell.view
0        work.div00.div0 may have changed because the following files changed:
                        C:\lscc\diamond\3.11_x64\bin\nt64\Arqui\Practicas\shiftLR00\topshifLR00.vhdl (2019-03-08 17:23:43, 2020-02-20 22:55:01) <-- (may instantiate this module)
2        work.osc00.osc0 may have changed because the following files changed:
                        C:\lscc\diamond\3.11_x64\bin\nt64\Arqui\Practicas\shiftLR00\topshifLR00.vhdl (2019-03-08 17:23:43, 2020-02-20 22:55:01) <-- (may instantiate this module)
4        work.shiftlr00.shiftlr0 may have changed because the following files changed:
                        C:\lscc\diamond\3.11_x64\bin\nt64\Arqui\Practicas\shiftLR00\shiftLR00.vhdl (2019-03-08 17:24:52, 2020-02-20 22:56:35) <-- (architecture and entity definition)
                        C:\lscc\diamond\3.11_x64\bin\nt64\Arqui\Practicas\shiftLR00\topshifLR00.vhdl (2019-03-08 17:23:43, 2020-02-20 22:55:01) <-- (may instantiate this module)
6        work.topdiv00.topdiv0 may have changed because the following files changed:
                        C:\lscc\diamond\3.11_x64\bin\nt64\Arqui\Practicas\shiftLR00\topshifLR00.vhdl (2019-03-08 17:23:43, 2020-02-20 22:55:01) <-- (may instantiate this module)
8        work.topshiftlr00.topshiftlr0 may have changed because the following files changed:
                        C:\lscc\diamond\3.11_x64\bin\nt64\Arqui\Practicas\shiftLR00\topshifLR00.vhdl (2019-03-08 17:23:43, 2020-02-20 22:55:01) <-- (architecture and entity definition)

*******************************************************************
Unmodified files: 15
FID:  path (timestamp)
28       C:\lscc\diamond\3.11_x64\bin\nt64\Arqui\Practicas\topdiv00VHDL\div00.vhdl (2019-02-19 20:01:42)
29       C:\lscc\diamond\3.11_x64\bin\nt64\Arqui\Practicas\topdiv00VHDL\osc00.vhdl (2019-02-19 19:04:48)
30       C:\lscc\diamond\3.11_x64\bin\nt64\Arqui\Practicas\topdiv00VHDL\packagediv00.vhdl (2019-02-19 20:07:20)
31       C:\lscc\diamond\3.11_x64\bin\nt64\Arqui\Practicas\topdiv00VHDL\topdiv00.vhdl (2019-03-11 22:51:13)
32       C:\lscc\diamond\3.11_x64\cae_library\synthesis\vhdl\machxo2.vhd (2018-11-15 01:32:12)
33       C:\lscc\diamond\3.11_x64\synpbase\lib\cpld\lattice.vhd (2019-04-01 09:08:08)
34       C:\lscc\diamond\3.11_x64\synpbase\lib\vhd\arith.vhd (2019-04-01 09:07:44)
35       C:\lscc\diamond\3.11_x64\synpbase\lib\vhd\hyperents.vhd (2019-04-01 09:07:44)
36       C:\lscc\diamond\3.11_x64\synpbase\lib\vhd\location.map (2019-04-01 16:01:20)
37       C:\lscc\diamond\3.11_x64\synpbase\lib\vhd\numeric.vhd (2019-04-01 09:07:44)
38       C:\lscc\diamond\3.11_x64\synpbase\lib\vhd\snps_haps_pkg.vhd (2019-04-01 09:07:44)
39       C:\lscc\diamond\3.11_x64\synpbase\lib\vhd\std.vhd (2019-04-01 09:07:44)
40       C:\lscc\diamond\3.11_x64\synpbase\lib\vhd\std1164.vhd (2019-04-01 09:07:44)
41       C:\lscc\diamond\3.11_x64\synpbase\lib\vhd\umr_capim.vhd (2019-04-01 09:07:44)
42       C:\lscc\diamond\3.11_x64\synpbase\lib\vhd\unsigned.vhd (2019-04-01 09:07:44)

*******************************************************************
Unchanged modules: 0
MID:  lib.cell.view
