
synpwrap -msg -prj "barrelRL00_barrelRL0_synplify.tcl" -log "barrelRL00_barrelRL0.srf"
Copyright (C) 1992-2019 Lattice Semiconductor Corporation. All rights reserved.
Lattice Diamond Version 3.11.0.396.4
    <postMsg mid="2011000" type="Info"    dynamic="0" navigation="0"  />

==contents of barrelRL00_barrelRL0.srf
#Build: Synplify Pro (R) N-2018.03L-SP1-1, Build 443R, Apr  1 2019
#install: C:\lscc\diamond\3.11_x64\synpbase
#OS: Windows 8 6.2
#Hostname: DESKTOP-P12ICFP

# Thu Feb 27 11:06:36 2020

#Implementation: barrelRL0


Copyright (C) 1994-2018 Synopsys, Inc.
This Synopsys software and all associated documentation are proprietary to Synopsys, Inc.
and may only be used pursuant to the terms and conditions of a written license agreement
with Synopsys, Inc. All other use, reproduction, modification, or distribution of the
Synopsys software or the associated documentation is strictly prohibited.
Tool: Synplify Pro (R)
Build: N-2018.03L-SP1-1
Install: C:\lscc\diamond\3.11_x64\synpbase
OS: Windows 6.2

Hostname: DESKTOP-P12ICFP

Implementation : barrelRL0
Synopsys HDL Compiler, Version comp2018q2p1, Build 461R, Built Apr  1 2019 09:17:43

@N|Running in 64-bit mode

Copyright (C) 1994-2018 Synopsys, Inc.
This Synopsys software and all associated documentation are proprietary to Synopsys, Inc.
and may only be used pursuant to the terms and conditions of a written license agreement
with Synopsys, Inc. All other use, reproduction, modification, or distribution of the
Synopsys software or the associated documentation is strictly prohibited.
Tool: Synplify Pro (R)
Build: N-2018.03L-SP1-1
Install: C:\lscc\diamond\3.11_x64\synpbase
OS: Windows 6.2

Hostname: DESKTOP-P12ICFP

Implementation : barrelRL0
Synopsys VHDL Compiler, Version comp2018q2p1, Build 461R, Built Apr  1 2019 09:17:43

@N|Running in 64-bit mode
@N:"C:\lscc\diamond\3.11_x64\bin\nt64\Arqui\Practicas\barrelRL00\topbarrelRL00.vhd":9:7:9:19|Top entity is set to topbarrelRL00.
Options changed - recompiling
VHDL syntax check successful!
Options changed - recompiling
@N: CD630 :"C:\lscc\diamond\3.11_x64\bin\nt64\Arqui\Practicas\barrelRL00\topbarrelRL00.vhd":9:7:9:19|Synthesizing work.topbarrelrl00.topbarrelrl0.
@N: CD630 :"C:\lscc\diamond\3.11_x64\bin\nt64\Arqui\Practicas\barrelRL00\barrelRL00.vhd":9:7:9:16|Synthesizing work.barrelrl00.barrelrl0.
Post processing for work.barrelrl00.barrelrl0
Running optimization stage 1 on barrelRL00 .......
@N: CD630 :"C:\lscc\diamond\3.11_x64\bin\nt64\Arqui\Practicas\barrelhelp\topdiv00.vhd":9:7:9:14|Synthesizing work.topdiv00.topdiv0.
@N: CD630 :"C:\lscc\diamond\3.11_x64\bin\nt64\Arqui\Practicas\barrelhelp\div00.vhd":9:7:9:11|Synthesizing work.div00.div0.
Post processing for work.div00.div0
Running optimization stage 1 on div00 .......
@N: CD630 :"C:\lscc\diamond\3.11_x64\bin\nt64\Arqui\Practicas\barrelhelp\osc00.vhd":10:7:10:11|Synthesizing work.osc00.osc0.
@W: CD276 :"C:\lscc\diamond\3.11_x64\cae_library\synthesis\vhdl\machxo2.vhd":2297:8:2297:15|Map for port sedstdby of component osch not found
@N: CD630 :"C:\lscc\diamond\3.11_x64\cae_library\synthesis\vhdl\machxo2.vhd":2291:10:2291:13|Synthesizing work.osch.syn_black_box.
Post processing for work.osch.syn_black_box
Running optimization stage 1 on OSCH .......
Post processing for work.osc00.osc0
Running optimization stage 1 on osc00 .......
Post processing for work.topdiv00.topdiv0
Running optimization stage 1 on topdiv00 .......
Post processing for work.topbarrelrl00.topbarrelrl0
Running optimization stage 1 on topbarrelRL00 .......
Running optimization stage 2 on OSCH .......
Running optimization stage 2 on osc00 .......
Running optimization stage 2 on div00 .......
Running optimization stage 2 on topdiv00 .......
Running optimization stage 2 on barrelRL00 .......
Running optimization stage 2 on topbarrelRL00 .......

For a summary of runtime and memory usage per design unit, please see file:
==========================================================
@L: C:\lscc\diamond\3.11_x64\bin\nt64\Arqui\Practicas\barrelRL00\barrelRL0\synwork\layer0.rt.csv


At c_vhdl Exit (Real Time elapsed 0h:00m:01s; CPU Time elapsed 0h:00m:00s; Memory used current: 77MB peak: 80MB)

Process took 0h:00m:01s realtime, 0h:00m:01s cputime

Process completed successfully.
# Thu Feb 27 11:06:39 2020

###########################################################]

Copyright (C) 1994-2018 Synopsys, Inc.
This Synopsys software and all associated documentation are proprietary to Synopsys, Inc.
and may only be used pursuant to the terms and conditions of a written license agreement
with Synopsys, Inc. All other use, reproduction, modification, or distribution of the
Synopsys software or the associated documentation is strictly prohibited.
Tool: Synplify Pro (R)
Build: N-2018.03L-SP1-1
Install: C:\lscc\diamond\3.11_x64\synpbase
OS: Windows 6.2

Hostname: DESKTOP-P12ICFP

Implementation : barrelRL0
Synopsys Synopsys Netlist Linker, Version comp2018q2p1, Build 461R, Built Apr  1 2019 09:17:43

@N|Running in 64-bit mode
File C:\lscc\diamond\3.10_x64\synpbase\bin64\syn_nfilter.exe changed - recompiling
File C:\Users\James\Documents\ESCOM_SEMESTRE_6\3CM2_ARQUITECTURA\Project3CM2MachX02\barrelRL00\barrelRL0\synwork\layer0.srs changed - recompiling

At syn_nfilter Exit (Real Time elapsed 0h:00m:00s; CPU Time elapsed 0h:00m:00s; Memory used current: 67MB peak: 68MB)

Process took 0h:00m:01s realtime, 0h:00m:01s cputime

Process completed successfully.
# Thu Feb 27 11:06:41 2020

###########################################################]

For a summary of runtime and memory usage for all design units, please see file:
==========================================================
@L: C:\lscc\diamond\3.11_x64\bin\nt64\Arqui\Practicas\barrelRL00\barrelRL0\synwork\barrelRL00_barrelRL0_comp.rt.csv

@END

At c_hdl Exit (Real Time elapsed 0h:00m:03s; CPU Time elapsed 0h:00m:01s; Memory used current: 3MB peak: 4MB)

Process took 0h:00m:03s realtime, 0h:00m:01s cputime

Process completed successfully.
# Thu Feb 27 11:06:41 2020

###########################################################]

Copyright (C) 1994-2018 Synopsys, Inc.
This Synopsys software and all associated documentation are proprietary to Synopsys, Inc.
and may only be used pursuant to the terms and conditions of a written license agreement
with Synopsys, Inc. All other use, reproduction, modification, or distribution of the
Synopsys software or the associated documentation is strictly prohibited.
Tool: Synplify Pro (R)
Build: N-2018.03L-SP1-1
Install: C:\lscc\diamond\3.11_x64\synpbase
OS: Windows 6.2

Hostname: DESKTOP-P12ICFP

Database state : C:\lscc\diamond\3.11_x64\bin\nt64\Arqui\Practicas\barrelRL00\barrelRL0\synwork\|barrelRL0
Synopsys Synopsys Netlist Linker, Version comp2018q2p1, Build 461R, Built Apr  1 2019 09:17:43

@N|Running in 64-bit mode
File C:\lscc\diamond\3.10_x64\synpbase\bin64\syn_nfilter.exe changed - recompiling
File C:\Users\James\Documents\ESCOM_SEMESTRE_6\3CM2_ARQUITECTURA\Project3CM2MachX02\barrelRL00\barrelRL0\synwork\barrelRL00_barrelRL0_comp.srs changed - recompiling

At syn_nfilter Exit (Real Time elapsed 0h:00m:00s; CPU Time elapsed 0h:00m:00s; Memory used current: 67MB peak: 68MB)

Process took 0h:00m:01s realtime, 0h:00m:01s cputime

Process completed successfully.
# Thu Feb 27 11:06:43 2020

###########################################################]
Premap Report

# Thu Feb 27 11:06:45 2020


Copyright (C) 1994-2018 Synopsys, Inc.
This Synopsys software and all associated documentation are proprietary to Synopsys, Inc.
and may only be used pursuant to the terms and conditions of a written license agreement
with Synopsys, Inc. All other use, reproduction, modification, or distribution of the
Synopsys software or the associated documentation is strictly prohibited.
Tool: Synplify Pro (R)
Build: N-2018.03L-SP1-1
Install: C:\lscc\diamond\3.11_x64\synpbase
OS: Windows 6.2

Hostname: DESKTOP-P12ICFP

Implementation : barrelRL0
Synopsys Lattice Technology Pre-mapping, Version maplat2018q2p1, Build 055R, Built Apr  3 2019 09:51:54


Mapper Startup Complete (Real Time elapsed 0h:00m:00s; CPU Time elapsed 0h:00m:00s; Memory used current: 99MB peak: 100MB)

@A: MF827 |No constraint file specified.
@N: MF284 |Setting synthesis effort to medium for the design
@L: C:\lscc\diamond\3.11_x64\bin\nt64\Arqui\Practicas\barrelRL00\barrelRL0\barrelRL00_barrelRL0_scck.rpt 
Printing clock  summary report in "C:\lscc\diamond\3.11_x64\bin\nt64\Arqui\Practicas\barrelRL00\barrelRL0\barrelRL00_barrelRL0_scck.rpt" file 
@N: MF916 |Option synthesis_strategy=base is enabled. 
@N: MF248 |Running in 64-bit mode.
@N: MF666 |Clock conversion enabled. (Command "set_option -fix_gated_and_generated_clocks 1" in the project file.)

Design Input Complete (Real Time elapsed 0h:00m:00s; CPU Time elapsed 0h:00m:00s; Memory used current: 100MB peak: 102MB)


Mapper Initialization Complete (Real Time elapsed 0h:00m:01s; CPU Time elapsed 0h:00m:00s; Memory used current: 100MB peak: 102MB)


Start loading timing files (Real Time elapsed 0h:00m:01s; CPU Time elapsed 0h:00m:00s; Memory used current: 112MB peak: 112MB)


Finished loading timing files (Real Time elapsed 0h:00m:01s; CPU Time elapsed 0h:00m:00s; Memory used current: 112MB peak: 114MB)

@N: MF284 |Setting synthesis effort to medium for the design
@N: MH105 |UMR3 is only supported for HAPS-80.
@N: MH105 |UMR3 is only supported for HAPS-80.
syn_allowed_resources : blockrams=26  set on top level netlist topbarrelRL00

Finished netlist restructuring (Real Time elapsed 0h:00m:02s; CPU Time elapsed 0h:00m:00s; Memory used current: 140MB peak: 142MB)



Clock Summary
******************

          Start                            Requested     Requested     Clock                                           Clock                   Clock
Level     Clock                            Frequency     Period        Type                                            Group                   Load 
----------------------------------------------------------------------------------------------------------------------------------------------------
0 -       osc00|osc_int_inferred_clock     2.1 MHz       480.769       inferred                                        Inferred_clkgroup_0     22   
1 .         div00|outosc_derived_clock     2.1 MHz       480.769       derived (from osc00|osc_int_inferred_clock)     Inferred_clkgroup_0     20   
====================================================================================================================================================



Clock Load Summary
***********************

                                 Clock     Source                           Clock Pin              Non-clock Pin     Non-clock Pin
Clock                            Load      Pin                              Seq Example            Seq Example       Comb Example 
----------------------------------------------------------------------------------------------------------------------------------
osc00|osc_int_inferred_clock     22        SRL00.D00.OSCInst0.OSC(OSCH)     SRL00.D01.outosc.C     -                 -            
div00|outosc_derived_clock       20        SRL00.D01.outosc.Q[0](dffe)      SRL01.sins[7:0].C      -                 -            
==================================================================================================================================

@W: MT529 :"c:\lscc\diamond\3.11_x64\bin\nt64\arqui\practicas\barrelhelp\div00.vhd":23:2:23:3|Found inferred clock osc00|osc_int_inferred_clock which controls 22 sequential elements including SRL00.D01.sdiv[20:0]. This clock has no specified timing constraint which may prevent conversion of gated or generated clocks and may adversely impact design performance. 

ICG Latch Removal Summary:
Number of ICG latches removed: 0
Number of ICG latches not removed:	0


@S |Clock Optimization Summary



#### START OF PREMAP CLOCK OPTIMIZATION REPORT #####[

0 non-gated/non-generated clock tree(s) driving 0 clock pin(s) of sequential element(s)
2 gated/generated clock tree(s) driving 42 clock pin(s) of sequential element(s)
0 instances converted, 42 sequential instances remain driven by gated/generated clocks

=================================================================== Gated/Generated Clocks ===================================================================
Clock Tree ID     Driving Element            Drive Element Type     Unconverted Fanout     Sample Instance          Explanation                               
--------------------------------------------------------------------------------------------------------------------------------------------------------------
@KP:ckid0_0       SRL00.D01.outosc.Q[0]      dffe                   20                     SRL01.snotimes[3:0]      Derived clock on input (not legal for GCC)
@KP:ckid0_2       SRL00.D00.OSCInst0.OSC     OSCH                   22                     SRL00.D01.sdiv[20:0]     Black box on clock path                   
==============================================================================================================================================================


##### END OF CLOCK OPTIMIZATION REPORT ######

@N: FX1143 |Skipping assigning INTERNAL_VREF to iobanks, because the table of mapping from pin to iobank is not initialized.
Finished Pre Mapping Phase.

Starting constraint checker (Real Time elapsed 0h:00m:03s; CPU Time elapsed 0h:00m:01s; Memory used current: 140MB peak: 142MB)


Finished constraint checker preprocessing (Real Time elapsed 0h:00m:03s; CPU Time elapsed 0h:00m:01s; Memory used current: 140MB peak: 142MB)

None
None

Finished constraint checker (Real Time elapsed 0h:00m:04s; CPU Time elapsed 0h:00m:01s; Memory used current: 140MB peak: 142MB)

Pre-mapping successful!

At Mapper Exit (Real Time elapsed 0h:00m:04s; CPU Time elapsed 0h:00m:01s; Memory used current: 56MB peak: 142MB)

Process took 0h:00m:04s realtime, 0h:00m:01s cputime
# Thu Feb 27 11:06:50 2020

###########################################################]
Map & Optimize Report

# Thu Feb 27 11:06:51 2020


Copyright (C) 1994-2018 Synopsys, Inc.
This Synopsys software and all associated documentation are proprietary to Synopsys, Inc.
and may only be used pursuant to the terms and conditions of a written license agreement
with Synopsys, Inc. All other use, reproduction, modification, or distribution of the
Synopsys software or the associated documentation is strictly prohibited.
Tool: Synplify Pro (R)
Build: N-2018.03L-SP1-1
Install: C:\lscc\diamond\3.11_x64\synpbase
OS: Windows 6.2

Hostname: DESKTOP-P12ICFP

Implementation : barrelRL0
Synopsys Lattice Technology Mapper, Version maplat2018q2p1, Build 055R, Built Apr  3 2019 09:51:54


Mapper Startup Complete (Real Time elapsed 0h:00m:00s; CPU Time elapsed 0h:00m:00s; Memory used current: 99MB peak: 100MB)

@N: MF284 |Setting synthesis effort to medium for the design
@N: MF916 |Option synthesis_strategy=base is enabled. 
@N: MF248 |Running in 64-bit mode.
@N: MF666 |Clock conversion enabled. (Command "set_option -fix_gated_and_generated_clocks 1" in the project file.)

Design Input Complete (Real Time elapsed 0h:00m:00s; CPU Time elapsed 0h:00m:00s; Memory used current: 98MB peak: 100MB)


Mapper Initialization Complete (Real Time elapsed 0h:00m:00s; CPU Time elapsed 0h:00m:00s; Memory used current: 98MB peak: 100MB)


Start loading timing files (Real Time elapsed 0h:00m:00s; CPU Time elapsed 0h:00m:00s; Memory used current: 112MB peak: 112MB)


Finished loading timing files (Real Time elapsed 0h:00m:00s; CPU Time elapsed 0h:00m:00s; Memory used current: 112MB peak: 114MB)

@N: MF284 |Setting synthesis effort to medium for the design


Starting Optimization and Mapping (Real Time elapsed 0h:00m:01s; CPU Time elapsed 0h:00m:00s; Memory used current: 139MB peak: 142MB)


Available hyper_sources - for debug and ip models
	None Found


Finished RTL optimizations (Real Time elapsed 0h:00m:01s; CPU Time elapsed 0h:00m:00s; Memory used current: 139MB peak: 142MB)


Starting factoring (Real Time elapsed 0h:00m:01s; CPU Time elapsed 0h:00m:00s; Memory used current: 140MB peak: 142MB)


Finished factoring (Real Time elapsed 0h:00m:01s; CPU Time elapsed 0h:00m:01s; Memory used current: 141MB peak: 142MB)


Finished generic timing optimizations - Pass 1 (Real Time elapsed 0h:00m:02s; CPU Time elapsed 0h:00m:01s; Memory used current: 143MB peak: 144MB)


Starting Early Timing Optimization (Real Time elapsed 0h:00m:02s; CPU Time elapsed 0h:00m:01s; Memory used current: 144MB peak: 145MB)


Finished Early Timing Optimization (Real Time elapsed 0h:00m:02s; CPU Time elapsed 0h:00m:01s; Memory used current: 144MB peak: 145MB)


Finished generic timing optimizations - Pass 2 (Real Time elapsed 0h:00m:02s; CPU Time elapsed 0h:00m:01s; Memory used current: 144MB peak: 145MB)


Finished preparing to map (Real Time elapsed 0h:00m:02s; CPU Time elapsed 0h:00m:01s; Memory used current: 144MB peak: 145MB)


Finished technology mapping (Real Time elapsed 0h:00m:03s; CPU Time elapsed 0h:00m:02s; Memory used current: 148MB peak: 150MB)

Pass		 CPU time		Worst Slack		Luts / Registers
------------------------------------------------------------
   1		0h:00m:02s		   468.32ns		  62 /        42

Finished technology timing optimizations and critical path resynthesis (Real Time elapsed 0h:00m:03s; CPU Time elapsed 0h:00m:02s; Memory used current: 148MB peak: 150MB)

@N: FX164 |The option to pack registers in the IOB has not been specified. Please set syn_useioff attribute.  
@A: BN291 :"c:\lscc\diamond\3.11_x64\bin\nt64\arqui\practicas\barrelrl00\barrelrl00.vhd":26:2:26:3|Boundary register SRL01.outs_7_.fb (in view: work.topbarrelRL00(topbarrelrl0)) is packed into a complex cell. To disable register packing, set syn_keep=1 on the net between the register and the complex cell. 
@A: BN291 :"c:\lscc\diamond\3.11_x64\bin\nt64\arqui\practicas\barrelrl00\barrelrl00.vhd":26:2:26:3|Boundary register SRL01.outs_6_.fb (in view: work.topbarrelRL00(topbarrelrl0)) is packed into a complex cell. To disable register packing, set syn_keep=1 on the net between the register and the complex cell. 
@A: BN291 :"c:\lscc\diamond\3.11_x64\bin\nt64\arqui\practicas\barrelrl00\barrelrl00.vhd":26:2:26:3|Boundary register SRL01.outs_5_.fb (in view: work.topbarrelRL00(topbarrelrl0)) is packed into a complex cell. To disable register packing, set syn_keep=1 on the net between the register and the complex cell. 
@A: BN291 :"c:\lscc\diamond\3.11_x64\bin\nt64\arqui\practicas\barrelrl00\barrelrl00.vhd":26:2:26:3|Boundary register SRL01.outs_4_.fb (in view: work.topbarrelRL00(topbarrelrl0)) is packed into a complex cell. To disable register packing, set syn_keep=1 on the net between the register and the complex cell. 
@A: BN291 :"c:\lscc\diamond\3.11_x64\bin\nt64\arqui\practicas\barrelrl00\barrelrl00.vhd":26:2:26:3|Boundary register SRL01.outs_3_.fb (in view: work.topbarrelRL00(topbarrelrl0)) is packed into a complex cell. To disable register packing, set syn_keep=1 on the net between the register and the complex cell. 
@A: BN291 :"c:\lscc\diamond\3.11_x64\bin\nt64\arqui\practicas\barrelrl00\barrelrl00.vhd":26:2:26:3|Boundary register SRL01.outs_2_.fb (in view: work.topbarrelRL00(topbarrelrl0)) is packed into a complex cell. To disable register packing, set syn_keep=1 on the net between the register and the complex cell. 
@A: BN291 :"c:\lscc\diamond\3.11_x64\bin\nt64\arqui\practicas\barrelrl00\barrelrl00.vhd":26:2:26:3|Boundary register SRL01.outs_1_.fb (in view: work.topbarrelRL00(topbarrelrl0)) is packed into a complex cell. To disable register packing, set syn_keep=1 on the net between the register and the complex cell. 
@A: BN291 :"c:\lscc\diamond\3.11_x64\bin\nt64\arqui\practicas\barrelrl00\barrelrl00.vhd":26:2:26:3|Boundary register SRL01.outs_0_.fb (in view: work.topbarrelRL00(topbarrelrl0)) is packed into a complex cell. To disable register packing, set syn_keep=1 on the net between the register and the complex cell. 

Finished restoring hierarchy (Real Time elapsed 0h:00m:03s; CPU Time elapsed 0h:00m:02s; Memory used current: 148MB peak: 150MB)


Start Writing Netlists (Real Time elapsed 0h:00m:03s; CPU Time elapsed 0h:00m:02s; Memory used current: 114MB peak: 150MB)

Writing Analyst data base C:\lscc\diamond\3.11_x64\bin\nt64\Arqui\Practicas\barrelRL00\barrelRL0\synwork\barrelRL00_barrelRL0_m.srm

Finished Writing Netlist Databases (Real Time elapsed 0h:00m:04s; CPU Time elapsed 0h:00m:03s; Memory used current: 147MB peak: 150MB)

Writing EDIF Netlist and constraint files
@N: FX1056 |Writing EDF file: C:\lscc\diamond\3.11_x64\bin\nt64\Arqui\Practicas\barrelRL00\barrelRL0\barrelRL00_barrelRL0.edi
N-2018.03L-SP1-1
@N: BW106 |Synplicity Constraint File capacitance units using default value of 1pF 

Finished Writing EDIF Netlist and constraint files (Real Time elapsed 0h:00m:06s; CPU Time elapsed 0h:00m:04s; Memory used current: 151MB peak: 153MB)


Start final timing analysis (Real Time elapsed 0h:00m:06s; CPU Time elapsed 0h:00m:04s; Memory used current: 152MB peak: 153MB)

@W: MT420 |Found inferred clock osc00|osc_int_inferred_clock with period 480.77ns. Please declare a user-defined clock on net SRL00.D00.sclk.
@N: MT615 |Found clock div00|outosc_derived_clock with period 480.77ns 


##### START OF TIMING REPORT #####[
# Timing Report written on Thu Feb 27 11:06:58 2020
#


Top view:               topbarrelRL00
Requested Frequency:    2.1 MHz
Wire load mode:         top
Paths requested:        5
Constraint File(s):    
@N: MT320 |This timing report is an estimate of place and route data. For final timing results, use the FPGA vendor place and route report.

@N: MT322 |Clock constraints include only register-to-register paths associated with each individual clock.



Performance Summary
*******************


Worst slack in design: 468.548

                                 Requested     Estimated     Requested     Estimated                 Clock                                           Clock              
Starting Clock                   Frequency     Frequency     Period        Period        Slack       Type                                            Group              
------------------------------------------------------------------------------------------------------------------------------------------------------------------------
div00|outosc_derived_clock       2.1 MHz       347.8 MHz     480.769       2.875         955.788     derived (from osc00|osc_int_inferred_clock)     Inferred_clkgroup_0
osc00|osc_int_inferred_clock     2.1 MHz       81.8 MHz      480.769       12.221        468.548     inferred                                        Inferred_clkgroup_0
========================================================================================================================================================================





Clock Relationships
*******************

Clocks                                                      |    rise  to  rise     |    fall  to  fall   |    rise  to  fall   |    fall  to  rise 
----------------------------------------------------------------------------------------------------------------------------------------------------
Starting                      Ending                        |  constraint  slack    |  constraint  slack  |  constraint  slack  |  constraint  slack
----------------------------------------------------------------------------------------------------------------------------------------------------
osc00|osc_int_inferred_clock  osc00|osc_int_inferred_clock  |  480.769     468.548  |  No paths    -      |  No paths    -      |  No paths    -    
div00|outosc_derived_clock    div00|outosc_derived_clock    |  480.769     955.788  |  No paths    -      |  No paths    -      |  No paths    -    
====================================================================================================================================================
 Note: 'No paths' indicates there are no paths in the design for that pair of clock edges.
       'Diff grp' indicates that paths exist but the starting clock and ending clock are in different clock groups.



Interface Information 
*********************

No IO constraint found



====================================
Detailed Report for Clock: div00|outosc_derived_clock
====================================



Starting Points with Worst Slack
********************************

                      Starting                                                           Arrival            
Instance              Reference                      Type        Pin     Net             Time        Slack  
                      Clock                                                                                 
------------------------------------------------------------------------------------------------------------
SRL01.snotimes[0]     div00|outosc_derived_clock     FD1S3AX     Q       snotimes[0]     1.108       955.788
SRL01.snotimes[1]     div00|outosc_derived_clock     FD1S3AX     Q       snotimes[1]     1.044       955.852
SRL01.snotimes[2]     div00|outosc_derived_clock     FD1S3AX     Q       snotimes[2]     1.044       955.852
SRL01.snotimes[3]     div00|outosc_derived_clock     FD1S3AX     Q       snotimes[3]     1.044       955.852
SRL01.sins[0]         div00|outosc_derived_clock     FD1P3AX     Q       sins[0]         1.044       959.967
SRL01.sins[1]         div00|outosc_derived_clock     FD1P3AX     Q       sins[1]         1.044       959.967
SRL01.sins[2]         div00|outosc_derived_clock     FD1P3AX     Q       sins[2]         1.044       959.967
SRL01.sins[3]         div00|outosc_derived_clock     FD1P3AX     Q       sins[3]         1.044       959.967
SRL01.sins[4]         div00|outosc_derived_clock     FD1P3AX     Q       sins[4]         1.044       959.967
SRL01.sins[5]         div00|outosc_derived_clock     FD1P3AX     Q       sins[5]         1.044       959.967
============================================================================================================


Ending Points with Worst Slack
******************************

                      Starting                                                                Required            
Instance              Reference                      Type        Pin     Net                  Time         Slack  
                      Clock                                                                                       
------------------------------------------------------------------------------------------------------------------
SRL01.snotimes[3]     div00|outosc_derived_clock     FD1S3AX     D       un1_notimes_1[3]     961.433      955.788
SRL01.snotimes[1]     div00|outosc_derived_clock     FD1S3AX     D       un1_notimes_1[1]     961.433      955.931
SRL01.snotimes[2]     div00|outosc_derived_clock     FD1S3AX     D       un1_notimes_1[2]     961.433      955.931
SRL01.sins[0]         div00|outosc_derived_clock     FD1P3AX     SP      outs_1_sqmuxa_i      961.067      957.393
SRL01.sins[1]         div00|outosc_derived_clock     FD1P3AX     SP      outs_1_sqmuxa_i      961.067      957.393
SRL01.sins[2]         div00|outosc_derived_clock     FD1P3AX     SP      outs_1_sqmuxa_i      961.067      957.393
SRL01.sins[3]         div00|outosc_derived_clock     FD1P3AX     SP      outs_1_sqmuxa_i      961.067      957.393
SRL01.sins[4]         div00|outosc_derived_clock     FD1P3AX     SP      outs_1_sqmuxa_i      961.067      957.393
SRL01.sins[5]         div00|outosc_derived_clock     FD1P3AX     SP      outs_1_sqmuxa_i      961.067      957.393
SRL01.sins[6]         div00|outosc_derived_clock     FD1P3AX     SP      outs_1_sqmuxa_i      961.067      957.393
==================================================================================================================



Worst Path Information
***********************


Path information for path number 1: 
      Requested Period:                      961.538
    - Setup time:                            0.106
    + Clock delay at ending point:           0.000 (ideal)
    = Required time:                         961.433

    - Propagation time:                      5.645
    - Clock delay at starting point:         0.000 (ideal)
    = Slack (non-critical) :                 955.788

    Number of logic level(s):                4
    Starting point:                          SRL01.snotimes[0] / Q
    Ending point:                            SRL01.snotimes[3] / D
    The start point is clocked by            div00|outosc_derived_clock [rising] on pin CK
    The end   point is clocked by            div00|outosc_derived_clock [rising] on pin CK
    -Timing constraint applied as multi cycle path with factor 2 (from c:div00|outosc_derived_clock to c:div00|outosc_derived_clock)

Instance / Net                                      Pin      Pin               Arrival     No. of    
Name                                   Type         Name     Dir     Delay     Time        Fan Out(s)
-----------------------------------------------------------------------------------------------------
SRL01.snotimes[0]                      FD1S3AX      Q        Out     1.108     1.108       -         
snotimes[0]                            Net          -        -       -         -           3         
SRL01.psRL\.op_gt\.op_gt\.sins9_c4     ORCALUT4     A        In      0.000     1.108       -         
SRL01.psRL\.op_gt\.op_gt\.sins9_c4     ORCALUT4     Z        Out     1.301     2.409       -         
sins9                                  Net          -        -       -         -           14        
SRL01.un1_notimes_1_cry_0_0            CCU2D        C1       In      0.000     2.409       -         
SRL01.un1_notimes_1_cry_0_0            CCU2D        COUT     Out     1.544     3.953       -         
un1_notimes_1_cry_0                    Net          -        -       -         -           1         
SRL01.un1_notimes_1_cry_1_0            CCU2D        CIN      In      0.000     3.953       -         
SRL01.un1_notimes_1_cry_1_0            CCU2D        COUT     Out     0.143     4.096       -         
un1_notimes_1_cry_2                    Net          -        -       -         -           1         
SRL01.un1_notimes_1_s_3_0              CCU2D        CIN      In      0.000     4.096       -         
SRL01.un1_notimes_1_s_3_0              CCU2D        S0       Out     1.549     5.645       -         
un1_notimes_1[3]                       Net          -        -       -         -           1         
SRL01.snotimes[3]                      FD1S3AX      D        In      0.000     5.645       -         
=====================================================================================================




====================================
Detailed Report for Clock: osc00|osc_int_inferred_clock
====================================



Starting Points with Worst Slack
********************************

                       Starting                                                          Arrival            
Instance               Reference                        Type        Pin     Net          Time        Slack  
                       Clock                                                                                
------------------------------------------------------------------------------------------------------------
SRL00.D01.sdiv[12]     osc00|osc_int_inferred_clock     FD1S3IX     Q       sdiv[12]     1.108       468.548
SRL00.D01.sdiv[13]     osc00|osc_int_inferred_clock     FD1S3IX     Q       sdiv[13]     1.108       468.548
SRL00.D01.sdiv[8]      osc00|osc_int_inferred_clock     FD1S3IX     Q       sdiv[8]      1.044       468.572
SRL00.D01.sdiv[9]      osc00|osc_int_inferred_clock     FD1S3IX     Q       sdiv[9]      1.044       468.572
SRL00.D01.sdiv[10]     osc00|osc_int_inferred_clock     FD1S3IX     Q       sdiv[10]     1.044       468.572
SRL00.D01.sdiv[11]     osc00|osc_int_inferred_clock     FD1S3IX     Q       sdiv[11]     1.044       468.572
SRL00.D01.sdiv[2]      osc00|osc_int_inferred_clock     FD1S3IX     Q       sdiv[2]      1.044       468.612
SRL00.D01.sdiv[3]      osc00|osc_int_inferred_clock     FD1S3IX     Q       sdiv[3]      1.044       468.612
SRL00.D01.sdiv[4]      osc00|osc_int_inferred_clock     FD1S3IX     Q       sdiv[4]      1.044       468.612
SRL00.D01.sdiv[5]      osc00|osc_int_inferred_clock     FD1S3IX     Q       sdiv[5]      1.044       468.612
============================================================================================================


Ending Points with Worst Slack
******************************

                       Starting                                                              Required            
Instance               Reference                        Type        Pin     Net              Time         Slack  
                       Clock                                                                                     
-----------------------------------------------------------------------------------------------------------------
SRL00.D01.sdiv[19]     osc00|osc_int_inferred_clock     FD1S3IX     D       un1_sdiv[20]     480.664      468.548
SRL00.D01.sdiv[20]     osc00|osc_int_inferred_clock     FD1S3IX     D       un1_sdiv[21]     480.664      468.548
SRL00.D01.sdiv[17]     osc00|osc_int_inferred_clock     FD1S3IX     D       un1_sdiv[18]     480.664      468.691
SRL00.D01.sdiv[18]     osc00|osc_int_inferred_clock     FD1S3IX     D       un1_sdiv[19]     480.664      468.691
SRL00.D01.sdiv[15]     osc00|osc_int_inferred_clock     FD1S3IX     D       un1_sdiv[16]     480.664      468.834
SRL00.D01.sdiv[16]     osc00|osc_int_inferred_clock     FD1S3IX     D       un1_sdiv[17]     480.664      468.834
SRL00.D01.sdiv[13]     osc00|osc_int_inferred_clock     FD1S3IX     D       un1_sdiv[14]     480.664      468.977
SRL00.D01.sdiv[14]     osc00|osc_int_inferred_clock     FD1S3IX     D       un1_sdiv[15]     480.664      468.977
SRL00.D01.sdiv[11]     osc00|osc_int_inferred_clock     FD1S3IX     D       un1_sdiv[12]     480.664      469.120
SRL00.D01.sdiv[12]     osc00|osc_int_inferred_clock     FD1S3IX     D       un1_sdiv[13]     480.664      469.120
=================================================================================================================



Worst Path Information
***********************


Path information for path number 1: 
      Requested Period:                      480.769
    - Setup time:                            0.106
    + Clock delay at ending point:           0.000 (ideal)
    = Required time:                         480.664

    - Propagation time:                      12.115
    - Clock delay at starting point:         0.000 (ideal)
    = Slack (critical) :                     468.548

    Number of logic level(s):                17
    Starting point:                          SRL00.D01.sdiv[12] / Q
    Ending point:                            SRL00.D01.sdiv[20] / D
    The start point is clocked by            osc00|osc_int_inferred_clock [rising] on pin CK
    The end   point is clocked by            osc00|osc_int_inferred_clock [rising] on pin CK

Instance / Net                                        Pin      Pin               Arrival     No. of    
Name                                     Type         Name     Dir     Delay     Time        Fan Out(s)
-------------------------------------------------------------------------------------------------------
SRL00.D01.sdiv[12]                       FD1S3IX      Q        Out     1.108     1.108       -         
sdiv[12]                                 Net          -        -       -         -           3         
SRL00.D01.pdiv\.outosc13lto17_i_a2_7     ORCALUT4     A        In      0.000     1.108       -         
SRL00.D01.pdiv\.outosc13lto17_i_a2_7     ORCALUT4     Z        Out     1.153     2.261       -         
N_3_7                                    Net          -        -       -         -           3         
SRL00.D01.pdiv\.outosc23lto15_i_a2_2     ORCALUT4     A        In      0.000     2.261       -         
SRL00.D01.pdiv\.outosc23lto15_i_a2_2     ORCALUT4     Z        Out     1.089     3.349       -         
outosc23lto15_i_a2_2                     Net          -        -       -         -           2         
SRL00.D01.pdiv\.outosc23lto15_i_a2       ORCALUT4     B        In      0.000     3.349       -         
SRL00.D01.pdiv\.outosc23lto15_i_a2       ORCALUT4     Z        Out     1.193     4.542       -         
N_3_18                                   Net          -        -       -         -           4         
SRL00.D01.outosc_0_sqmuxa_4              ORCALUT4     A        In      0.000     4.542       -         
SRL00.D01.outosc_0_sqmuxa_4              ORCALUT4     Z        Out     1.089     5.631       -         
outosc_0_sqmuxa_4                        Net          -        -       -         -           2         
SRL00.D01.un1_outosc50_2_0               ORCALUT4     A        In      0.000     5.631       -         
SRL00.D01.un1_outosc50_2_0               ORCALUT4     Z        Out     1.089     6.720       -         
un1_outosc50_2_0                         Net          -        -       -         -           2         
SRL00.D01.un1_sdiv_cry_0_0_RNO           ORCALUT4     B        In      0.000     6.720       -         
SRL00.D01.un1_sdiv_cry_0_0_RNO           ORCALUT4     Z        Out     1.017     7.737       -         
un1_outosc50_i                           Net          -        -       -         -           1         
SRL00.D01.un1_sdiv_cry_0_0               CCU2D        B0       In      0.000     7.737       -         
SRL00.D01.un1_sdiv_cry_0_0               CCU2D        COUT     Out     1.544     9.281       -         
un1_sdiv_cry_0                           Net          -        -       -         -           1         
SRL00.D01.un1_sdiv_cry_1_0               CCU2D        CIN      In      0.000     9.281       -         
SRL00.D01.un1_sdiv_cry_1_0               CCU2D        COUT     Out     0.143     9.424       -         
un1_sdiv_cry_2                           Net          -        -       -         -           1         
SRL00.D01.un1_sdiv_cry_3_0               CCU2D        CIN      In      0.000     9.424       -         
SRL00.D01.un1_sdiv_cry_3_0               CCU2D        COUT     Out     0.143     9.567       -         
un1_sdiv_cry_4                           Net          -        -       -         -           1         
SRL00.D01.un1_sdiv_cry_5_0               CCU2D        CIN      In      0.000     9.567       -         
SRL00.D01.un1_sdiv_cry_5_0               CCU2D        COUT     Out     0.143     9.710       -         
un1_sdiv_cry_6                           Net          -        -       -         -           1         
SRL00.D01.un1_sdiv_cry_7_0               CCU2D        CIN      In      0.000     9.710       -         
SRL00.D01.un1_sdiv_cry_7_0               CCU2D        COUT     Out     0.143     9.852       -         
un1_sdiv_cry_8                           Net          -        -       -         -           1         
SRL00.D01.un1_sdiv_cry_9_0               CCU2D        CIN      In      0.000     9.852       -         
SRL00.D01.un1_sdiv_cry_9_0               CCU2D        COUT     Out     0.143     9.995       -         
un1_sdiv_cry_10                          Net          -        -       -         -           1         
SRL00.D01.un1_sdiv_cry_11_0              CCU2D        CIN      In      0.000     9.995       -         
SRL00.D01.un1_sdiv_cry_11_0              CCU2D        COUT     Out     0.143     10.138      -         
un1_sdiv_cry_12                          Net          -        -       -         -           1         
SRL00.D01.un1_sdiv_cry_13_0              CCU2D        CIN      In      0.000     10.138      -         
SRL00.D01.un1_sdiv_cry_13_0              CCU2D        COUT     Out     0.143     10.281      -         
un1_sdiv_cry_14                          Net          -        -       -         -           1         
SRL00.D01.un1_sdiv_cry_15_0              CCU2D        CIN      In      0.000     10.281      -         
SRL00.D01.un1_sdiv_cry_15_0              CCU2D        COUT     Out     0.143     10.424      -         
un1_sdiv_cry_16                          Net          -        -       -         -           1         
SRL00.D01.un1_sdiv_cry_17_0              CCU2D        CIN      In      0.000     10.424      -         
SRL00.D01.un1_sdiv_cry_17_0              CCU2D        COUT     Out     0.143     10.566      -         
un1_sdiv_cry_18                          Net          -        -       -         -           1         
SRL00.D01.un1_sdiv_cry_19_0              CCU2D        CIN      In      0.000     10.566      -         
SRL00.D01.un1_sdiv_cry_19_0              CCU2D        S1       Out     1.549     12.115      -         
un1_sdiv[21]                             Net          -        -       -         -           1         
SRL00.D01.sdiv[20]                       FD1S3IX      D        In      0.000     12.115      -         
=======================================================================================================



##### END OF TIMING REPORT #####]

Timing exceptions that could not be applied
None

Finished final timing analysis (Real Time elapsed 0h:00m:07s; CPU Time elapsed 0h:00m:05s; Memory used current: 152MB peak: 153MB)


Finished timing report (Real Time elapsed 0h:00m:07s; CPU Time elapsed 0h:00m:05s; Memory used current: 152MB peak: 153MB)

---------------------------------------
Resource Usage Report
Part: lcmxo2_7000he-5

Register bits: 42 of 6864 (1%)
PIC Latch:       0
I/O cells:       27


Details:
CCU2D:          14
FD1P3AX:        8
FD1S3AX:        5
FD1S3IX:        21
GSR:            1
IB:             18
INV:            1
OB:             9
OFS1P3IX:       8
ORCALUT4:       60
OSCH:           1
PUR:            1
VHI:            3
VLO:            4
false:          1
true:           2
Mapper successful!

At Mapper Exit (Real Time elapsed 0h:00m:07s; CPU Time elapsed 0h:00m:05s; Memory used current: 33MB peak: 153MB)

Process took 0h:00m:07s realtime, 0h:00m:05s cputime
# Thu Feb 27 11:06:59 2020

###########################################################]


Synthesis exit by 0.

edif2ngd  -l "MachXO2" -d LCMXO2-7000HE -path "C:/lscc/diamond/3.11_x64/bin/nt64/Arqui/Practicas/barrelRL00/barrelRL0" -path "C:/lscc/diamond/3.11_x64/bin/nt64/Arqui/Practicas/barrelRL00"   "C:/lscc/diamond/3.11_x64/bin/nt64/Arqui/Practicas/barrelRL00/barrelRL0/barrelRL00_barrelRL0.edi" "barrelRL00_barrelRL0.ngo"   
edif2ngd:  version Diamond (64-bit) 3.11.0.396.4

Copyright (c) 1991-1994 by NeoCAD Inc. All rights reserved.
Copyright (c) 1995 AT&T Corp.   All rights reserved.
Copyright (c) 1995-2001 Lucent Technologies Inc.  All rights reserved.
Copyright (c) 2001 Agere Systems   All rights reserved.
Copyright (c) 2002-2019 Lattice Semiconductor Corporation,  All rights reserved.
Writing the design to barrelRL00_barrelRL0.ngo...

Total CPU Time: 0 secs  
Total REAL Time: 2 secs  
Peak Memory Usage: 10 MB


ngdbuild  -a "MachXO2" -d LCMXO2-7000HE  -p "C:/lscc/diamond/3.11_x64/ispfpga/xo2c00/data"  -p "C:/lscc/diamond/3.11_x64/bin/nt64/Arqui/Practicas/barrelRL00/barrelRL0" -p "C:/lscc/diamond/3.11_x64/bin/nt64/Arqui/Practicas/barrelRL00"  "barrelRL00_barrelRL0.ngo" "barrelRL00_barrelRL0.ngd"  	
ngdbuild:  version Diamond (64-bit) 3.11.0.396.4

Copyright (c) 1991-1994 by NeoCAD Inc. All rights reserved.
Copyright (c) 1995 AT&T Corp.   All rights reserved.
Copyright (c) 1995-2001 Lucent Technologies Inc.  All rights reserved.
Copyright (c) 2001 Agere Systems   All rights reserved.
Copyright (c) 2002-2019 Lattice Semiconductor Corporation,  All rights reserved.
Reading 'barrelRL00_barrelRL0.ngo' ...
Loading NGL library 'C:/lscc/diamond/3.11_x64/ispfpga/xo2c00a/data/xo2alib.ngl'...
Loading NGL library 'C:/lscc/diamond/3.11_x64/ispfpga/xo2c00/data/xo2clib.ngl'...
Loading NGL library 'C:/lscc/diamond/3.11_x64/ispfpga/mg5g00/data/mg5glib.ngl'...
Loading NGL library 'C:/lscc/diamond/3.11_x64/ispfpga/or5g00/data/orc5glib.ngl'...


Running DRC...

    <postMsg mid="1166052" type="Warning" dynamic="2" navigation="1" arg0="logical" arg1="SRL00/D00/OSCInst0_SEDSTDBY" arg2="SRL00/D00/OSCInst0_SEDSTDBY"  />
    <postMsg mid="1163101" type="Warning" dynamic="1" navigation="0" arg0="1"  />

Design Results:
    153 blocks expanded
Complete the first expansion.
Writing 'barrelRL00_barrelRL0.ngd' ...
Total CPU Time: 0 secs 
Total REAL Time: 0 secs 
Peak Memory Usage: 18 MB


map -a "MachXO2" -p LCMXO2-7000HE -t TQFP144 -s 5 -oc Commercial   "barrelRL00_barrelRL0.ngd" -o "barrelRL00_barrelRL0_map.ncd" -pr "barrelRL00_barrelRL0.prf" -mp "barrelRL00_barrelRL0.mrp" -lpf "C:/lscc/diamond/3.11_x64/bin/nt64/Arqui/Practicas/barrelRL00/barrelRL0/barrelRL00_barrelRL0_synplify.lpf" -lpf "C:/lscc/diamond/3.11_x64/bin/nt64/Arqui/Practicas/barrelRL00/barrelRL00.lpf" -c 0           
map:  version Diamond (64-bit) 3.11.0.396.4

Copyright (c) 1991-1994 by NeoCAD Inc. All rights reserved.
Copyright (c) 1995 AT&T Corp.   All rights reserved.
Copyright (c) 1995-2001 Lucent Technologies Inc.  All rights reserved.
Copyright (c) 2001 Agere Systems   All rights reserved.
Copyright (c) 2002-2019 Lattice Semiconductor Corporation,  All rights reserved.
   Process the file: barrelRL00_barrelRL0.ngd
   Picdevice="LCMXO2-7000HE"

   Pictype="TQFP144"

   Picspeed=5

   Remove unused logic

   Do not produce over sized NCDs.

Part used: LCMXO2-7000HETQFP144, Performance used: 5.

Loading device for application map from file 'xo2c7000.nph' in environment: C:/lscc/diamond/3.11_x64/ispfpga.
Package Status:                     Final          Version 1.39.

Running general design DRC...

Removing unused logic...

Optimizing...




Design Summary:
   Number of registers:     42 out of  7209 (1%)
      PFU registers:           34 out of  6864 (0%)
      PIO registers:            8 out of   345 (2%)
   Number of SLICEs:        44 out of  3432 (1%)
      SLICEs as Logic/ROM:     44 out of  3432 (1%)
      SLICEs as RAM:            0 out of  2574 (0%)
      SLICEs as Carry:         14 out of  3432 (0%)
   Number of LUT4s:         88 out of  6864 (1%)
      Number used as logic LUTs:         60
      Number used as distributed RAM:     0
      Number used as ripple logic:       28
      Number used as shift registers:     0
   Number of PIO sites used: 27 + 4(JTAG) out of 115 (27%)
   Number of block RAMs:  0 out of 26 (0%)
   Number of GSRs:        0 out of 1 (0%)
   EFB used :        No
   JTAG used :       No
   Readback used :   No
   Oscillator used : Yes
   Startup used :    No
   POR :             On
   Bandgap :         On
   Number of Power Controller:  0 out of 1 (0%)
   Number of Dynamic Bank Controller (BCINRD):  0 out of 6 (0%)
   Number of Dynamic Bank Controller (BCLVDSO):  0 out of 1 (0%)
   Number of DCCA:  0 out of 8 (0%)
   Number of DCMA:  0 out of 2 (0%)
   Number of PLLs:  0 out of 2 (0%)
   Number of DQSDLLs:  0 out of 2 (0%)
   Number of CLKDIVC:  0 out of 4 (0%)
   Number of ECLKSYNCA:  0 out of 4 (0%)
   Number of ECLKBRIDGECS:  0 out of 2 (0%)
   Notes:-
      1. Total number of LUT4s = (Number of logic LUT4s) + 2*(Number of distributed RAMs) + 2*(Number of ripple logic)
      2. Number of logic LUT4s does not include count of distributed RAM and ripple logic.
   Number of clocks:  2
     Net clk0_c: 15 loads, 15 rising, 0 falling (Driver: SRL00/D01/outosc )
     Net SRL00/sclk: 12 loads, 12 rising, 0 falling (Driver: SRL00/D00/OSCInst0 )
   Number of Clock Enables:  2
     Net SRL01.psRL.op_gt.op_gt.sins9: 8 loads, 0 LSLICEs
     Net SRL01/outs_1_sqmuxa_i: 4 loads, 4 LSLICEs
   Number of LSRs:  2
     Net ens0_c: 8 loads, 0 LSLICEs
     Net SRL00/D01/un1_outosc50_RNICBDL: 11 loads, 11 LSLICEs
   Number of nets driven by tri-state buffers:  0
   Top 10 highest fanout non-clock nets:
     Net ens0_c: 24 loads
     Net SRL01.psRL.op_gt.op_gt.sins9: 14 loads
     Net SRL00/D01/un1_outosc50_RNICBDL: 11 loads
     Net SRL00/D01/sdiv[16]: 8 loads
     Net SRL00/D01/sdiv[18]: 8 loads
     Net SRL00/D01/sdiv[17]: 7 loads
     Net cdiv0_c[2]: 6 loads
     Net cdiv0_c[3]: 6 loads
     Net SRL00/D01/sdiv[19]: 6 loads
     Net SRL00/D01/sdiv[20]: 6 loads
 

   Number of warnings:  0
   Number of errors:    0



Total CPU Time: 2 secs  
Total REAL Time: 3 secs  
Peak Memory Usage: 58 MB

Dumping design to file barrelRL00_barrelRL0_map.ncd.

mpartrce -p "barrelRL00_barrelRL0.p2t" -f "barrelRL00_barrelRL0.p3t" -tf "barrelRL00_barrelRL0.pt" "barrelRL00_barrelRL0_map.ncd" "barrelRL00_barrelRL0.ncd"

---- MParTrce Tool ----
Removing old design directory at request of -rem command line option to this program.
Running par. Please wait . . .

Lattice Place and Route Report for Design "barrelRL00_barrelRL0_map.ncd"
Thu Feb 27 11:07:24 2020

PAR: Place And Route Diamond (64-bit) 3.11.0.396.4.
Command Line: par -w -l 5 -i 6 -t 1 -c 0 -e 0 -gui -msgset C:/lscc/diamond/3.11_x64/bin/nt64/Arqui/Practicas/barrelRL00/promote.xml -exp parUseNBR=1:parCDP=0:parCDR=0:parPathBased=OFF barrelRL00_barrelRL0_map.ncd barrelRL00_barrelRL0.dir/5_1.ncd barrelRL00_barrelRL0.prf
Preference file: barrelRL00_barrelRL0.prf.
Placement level-cost: 5-1.
Routing Iterations: 6

Loading design for application par from file barrelRL00_barrelRL0_map.ncd.
Design name: topbarrelRL00
NCD version: 3.3
Vendor:      LATTICE
Device:      LCMXO2-7000HE
Package:     TQFP144
Performance: 5
Loading device for application par from file 'xo2c7000.nph' in environment: C:/lscc/diamond/3.11_x64/ispfpga.
Package Status:                     Final          Version 1.39.
Performance Hardware Data Status:   Final          Version 34.4.
License checked out.


Ignore Preference Error(s):  True
Device utilization summary:

   PIO (prelim)   27+4(JTAG)/336     9% used
                  27+4(JTAG)/115     27% bonded
   IOLOGIC            8/336           2% used

   SLICE             44/3432          1% used

   OSC                1/1           100% used


Number of Signals: 157
Number of Connections: 363

Pin Constraint Summary:
   27 out of 27 pins locked (100% locked).

The following 2 signals are selected to use the primary clock routing resources:
    clk0_c (driver: SRL00/D01/SLICE_19, clk load #: 15)
    SRL00/sclk (driver: SRL00/D00/OSCInst0, clk load #: 12)


The following 1 signal is selected to use the secondary clock routing resources:
    SRL00/D01/un1_outosc50_RNICBDL (driver: SRL00/D01/SLICE_23, clk load #: 0, sr load #: 11, ce load #: 0)

No signal is selected as Global Set/Reset.
Starting Placer Phase 0.

Finished Placer Phase 0.  REAL time: 6 secs 

Starting Placer Phase 1.
...................
Placer score = 49016.
Finished Placer Phase 1.  REAL time: 26 secs 

Starting Placer Phase 2.
.
Placer score =  48190
Finished Placer Phase 2.  REAL time: 26 secs 


------------------ Clock Report ------------------

Global Clock Resources:
  CLK_PIN    : 0 out of 8 (0%)
  PLL        : 0 out of 2 (0%)
  DCM        : 0 out of 2 (0%)
  DCC        : 0 out of 8 (0%)

Global Clocks:
  PRIMARY "clk0_c" from Q0 on comp "SRL00/D01/SLICE_19" on site "R2C19D", clk load = 15
  PRIMARY "SRL00/sclk" from OSC on comp "SRL00/D00/OSCInst0" on site "OSC", clk load = 12
  SECONDARY "SRL00/D01/un1_outosc50_RNICBDL" from F0 on comp "SRL00/D01/SLICE_23" on site "R14C18A", clk load = 0, ce load = 0, sr load = 11

  PRIMARY  : 2 out of 8 (25%)
  SECONDARY: 1 out of 8 (12%)

Edge Clocks:
  No edge clock selected.

--------------- End of Clock Report ---------------


I/O Usage Summary (final):
   27 + 4(JTAG) out of 336 (9.2%) PIO sites used.
   27 + 4(JTAG) out of 115 (27.0%) bonded PIO sites used.
   Number of PIO comps: 27; differential: 0.
   Number of Vref pins used: 0.

I/O Bank Usage Summary:
+----------+---------------+------------+-----------+
| I/O Bank | Usage         | Bank Vccio | Bank Vref |
+----------+---------------+------------+-----------+
| 0        | 2 / 28 (  7%) | 2.5V       | -         |
| 1        | 8 / 29 ( 27%) | 2.5V       | -         |
| 2        | 1 / 29 (  3%) | 2.5V       | -         |
| 3        | 8 / 9 ( 88%)  | 2.5V       | -         |
| 4        | 4 / 10 ( 40%) | 2.5V       | -         |
| 5        | 4 / 10 ( 40%) | 2.5V       | -         |
+----------+---------------+------------+-----------+

Total placer CPU time: 17 secs 

Dumping design to file barrelRL00_barrelRL0.dir/5_1.ncd.

0 connections routed; 363 unrouted.
Starting router resource preassignment

Completed router resource preassignment. Real time: 37 secs 

Start NBR router at 11:08:03 02/27/20

*****************************************************************
Info: NBR allows conflicts(one node used by more than one signal)
      in the earlier iterations. In each iteration, it tries to  
      solve the conflicts while keeping the critical connections 
      routed as short as possible. The routing process is said to
      be completed when no conflicts exist and all connections   
      are routed.                                                
Note: NBR uses a different method to calculate timing slacks. The
      worst slack and total negative slack may not be the same as
      that in TRCE report. You should always run TRCE to verify  
      your design.                                               
*****************************************************************

Start NBR special constraint process at 11:08:04 02/27/20

Start NBR section for initial routing at 11:08:04 02/27/20
Level 4, iteration 1
11(0.00%) conflicts; 0(0.00%) untouched conn; 0 (nbr) score; 
Estimated worst slack/total negative slack<setup>: 467.771ns/0.000ns; real time: 41 secs 

Info: Initial congestion level at 75% usage is 0
Info: Initial congestion area  at 75% usage is 0 (0.00%)

Start NBR section for normal routing at 11:08:05 02/27/20
Level 4, iteration 1
10(0.00%) conflicts; 0(0.00%) untouched conn; 0 (nbr) score; 
Estimated worst slack/total negative slack<setup>: 467.771ns/0.000ns; real time: 41 secs 
Level 4, iteration 2
3(0.00%) conflicts; 0(0.00%) untouched conn; 0 (nbr) score; 
Estimated worst slack/total negative slack<setup>: 467.771ns/0.000ns; real time: 41 secs 
Level 4, iteration 3
0(0.00%) conflict; 0(0.00%) untouched conn; 0 (nbr) score; 
Estimated worst slack/total negative slack<setup>: 467.771ns/0.000ns; real time: 42 secs 

Start NBR section for setup/hold timing optimization with effort level 3 at 11:08:06 02/27/20

Start NBR section for re-routing at 11:08:07 02/27/20
Level 4, iteration 1
0(0.00%) conflict; 0(0.00%) untouched conn; 0 (nbr) score; 
Estimated worst slack/total negative slack<setup>: 467.771ns/0.000ns; real time: 43 secs 

Start NBR section for post-routing at 11:08:07 02/27/20

End NBR router with 0 unrouted connection

NBR Summary
-----------
  Number of unrouted connections : 0 (0.00%)
  Number of connections with timing violations : 0 (0.00%)
  Estimated worst slack<setup> : 467.771ns
  Timing score<setup> : 0
-----------
Notes: The timing info is calculated for SETUP only and all PAR_ADJs are ignored.



Total CPU time 26 secs 
Total REAL time: 47 secs 
Completely routed.
End of route.  363 routed (100.00%); 0 unrouted.

Hold time timing score: 0, hold timing errors: 0

Timing score: 0 

Dumping design to file barrelRL00_barrelRL0.dir/5_1.ncd.


PAR_SUMMARY::Run status = Completed
PAR_SUMMARY::Number of unrouted conns = 0
PAR_SUMMARY::Worst  slack<setup/<ns>> = 467.771
PAR_SUMMARY::Timing score<setup/<ns>> = 0.000
PAR_SUMMARY::Worst  slack<hold /<ns>> = 0.379
PAR_SUMMARY::Timing score<hold /<ns>> = 0.000
PAR_SUMMARY::Number of errors = 0

Total CPU  time to completion: 26 secs 
Total REAL time to completion: 48 secs 

par done!

Note: user must run 'Trace' for timing closure signoff.

Copyright (c) 1991-1994 by NeoCAD Inc. All rights reserved.
Copyright (c) 1995 AT&T Corp.   All rights reserved.
Copyright (c) 1995-2001 Lucent Technologies Inc.  All rights reserved.
Copyright (c) 2001 Agere Systems   All rights reserved.
Copyright (c) 2002-2019 Lattice Semiconductor Corporation,  All rights reserved.
Exiting par with exit code 0
Exiting mpartrce with exit code 0

trce -f "barrelRL00_barrelRL0.pt" -o "barrelRL00_barrelRL0.twr" "barrelRL00_barrelRL0.ncd" "barrelRL00_barrelRL0.prf"
trce:  version Diamond (64-bit) 3.11.0.396.4

Copyright (c) 1991-1994 by NeoCAD Inc. All rights reserved.
Copyright (c) 1995 AT&T Corp.   All rights reserved.
Copyright (c) 1995-2001 Lucent Technologies Inc.  All rights reserved.
Copyright (c) 2001 Agere Systems   All rights reserved.
Copyright (c) 2002-2019 Lattice Semiconductor Corporation,  All rights reserved.

Loading design for application trce from file barrelrl00_barrelrl0.ncd.
Design name: topbarrelRL00
NCD version: 3.3
Vendor:      LATTICE
Device:      LCMXO2-7000HE
Package:     TQFP144
Performance: 5
Loading device for application trce from file 'xo2c7000.nph' in environment: C:/lscc/diamond/3.11_x64/ispfpga.
Package Status:                     Final          Version 1.39.
Performance Hardware Data Status:   Final          Version 34.4.
Setup and Hold Report

--------------------------------------------------------------------------------
Lattice TRACE Report - Setup, Version Diamond (64-bit) 3.11.0.396.4
Thu Feb 27 11:08:16 2020

Copyright (c) 1991-1994 by NeoCAD Inc. All rights reserved.
Copyright (c) 1995 AT&T Corp.   All rights reserved.
Copyright (c) 1995-2001 Lucent Technologies Inc.  All rights reserved.
Copyright (c) 2001 Agere Systems   All rights reserved.
Copyright (c) 2002-2019 Lattice Semiconductor Corporation,  All rights reserved.

Report Information
------------------
Command line:    trce -v 10 -gt -sethld -sp 5 -sphld m -o barrelRL00_barrelRL0.twr -gui -msgset C:/lscc/diamond/3.11_x64/bin/nt64/Arqui/Practicas/barrelRL00/promote.xml barrelRL00_barrelRL0.ncd barrelRL00_barrelRL0.prf 
Design file:     barrelrl00_barrelrl0.ncd
Preference file: barrelrl00_barrelrl0.prf
Device,speed:    LCMXO2-7000HE,5
Report level:    verbose report, limited to 10 items per preference
--------------------------------------------------------------------------------

BLOCK ASYNCPATHS
BLOCK RESETPATHS
--------------------------------------------------------------------------------



Timing summary (Setup):
---------------

Timing errors: 0  Score: 0
Cumulative negative slack: 0

Constraints cover 5335 paths, 1 nets, and 259 connections (71.35% coverage)

--------------------------------------------------------------------------------
Lattice TRACE Report - Hold, Version Diamond (64-bit) 3.11.0.396.4
Thu Feb 27 11:08:17 2020

Copyright (c) 1991-1994 by NeoCAD Inc. All rights reserved.
Copyright (c) 1995 AT&T Corp.   All rights reserved.
Copyright (c) 1995-2001 Lucent Technologies Inc.  All rights reserved.
Copyright (c) 2001 Agere Systems   All rights reserved.
Copyright (c) 2002-2019 Lattice Semiconductor Corporation,  All rights reserved.

Report Information
------------------
Command line:    trce -v 10 -gt -sethld -sp 5 -sphld m -o barrelRL00_barrelRL0.twr -gui -msgset C:/lscc/diamond/3.11_x64/bin/nt64/Arqui/Practicas/barrelRL00/promote.xml barrelRL00_barrelRL0.ncd barrelRL00_barrelRL0.prf 
Design file:     barrelrl00_barrelrl0.ncd
Preference file: barrelrl00_barrelrl0.prf
Device,speed:    LCMXO2-7000HE,m
Report level:    verbose report, limited to 10 items per preference
--------------------------------------------------------------------------------

BLOCK ASYNCPATHS
BLOCK RESETPATHS
--------------------------------------------------------------------------------



Timing summary (Hold):
---------------

Timing errors: 0  Score: 0
Cumulative negative slack: 0

Constraints cover 5335 paths, 1 nets, and 259 connections (71.35% coverage)



Timing summary (Setup and Hold):
---------------

Timing errors: 0 (setup), 0 (hold)
Score: 0 (setup), 0 (hold)
Cumulative negative slack: 0 (0+0)
--------------------------------------------------------------------------------

--------------------------------------------------------------------------------

Total CPU Time: 2 secs 
Total REAL Time: 3 secs 
Peak Memory Usage: 66 MB


tmcheck -par "barrelRL00_barrelRL0.par" 

bitgen -f "barrelRL00_barrelRL0.t2b" -w "barrelRL00_barrelRL0.ncd"  -jedec "barrelRL00_barrelRL0.prf"


BITGEN: Bitstream Generator Diamond (64-bit) 3.11.0.396.4
Copyright (c) 1991-1994 by NeoCAD Inc. All rights reserved.
Copyright (c) 1995 AT&T Corp.   All rights reserved.
Copyright (c) 1995-2001 Lucent Technologies Inc.  All rights reserved.
Copyright (c) 2001 Agere Systems   All rights reserved.
Copyright (c) 2002-2019 Lattice Semiconductor Corporation,  All rights reserved.


Loading design for application Bitgen from file barrelRL00_barrelRL0.ncd.
Design name: topbarrelRL00
NCD version: 3.3
Vendor:      LATTICE
Device:      LCMXO2-7000HE
Package:     TQFP144
Performance: 5
Loading device for application Bitgen from file 'xo2c7000.nph' in environment: C:/lscc/diamond/3.11_x64/ispfpga.
Package Status:                     Final          Version 1.39.
Performance Hardware Data Status:   Final          Version 34.4.

Running DRC.
DRC detected 0 errors and 0 warnings.
Reading Preference File from barrelRL00_barrelRL0.prf.

Preference Summary:
+---------------------------------+---------------------------------+
|  Preference                     |  Current Setting                |
+---------------------------------+---------------------------------+
|                         RamCfg  |                        Reset**  |
+---------------------------------+---------------------------------+
|                     MCCLK_FREQ  |                         2.08**  |
+---------------------------------+---------------------------------+
|                  CONFIG_SECURE  |                          OFF**  |
+---------------------------------+---------------------------------+
|                          INBUF  |                           ON**  |
+---------------------------------+---------------------------------+
|                      JTAG_PORT  |                       ENABLE**  |
+---------------------------------+---------------------------------+
|                       SDM_PORT  |                      DISABLE**  |
+---------------------------------+---------------------------------+
|                 SLAVE_SPI_PORT  |                      DISABLE**  |
+---------------------------------+---------------------------------+
|                MASTER_SPI_PORT  |                      DISABLE**  |
+---------------------------------+---------------------------------+
|                       I2C_PORT  |                      DISABLE**  |
+---------------------------------+---------------------------------+
|        MUX_CONFIGURATION_PORTS  |                      DISABLE**  |
+---------------------------------+---------------------------------+
|                  CONFIGURATION  |                          CFG**  |
+---------------------------------+---------------------------------+
|                COMPRESS_CONFIG  |                           ON**  |
+---------------------------------+---------------------------------+
|                        MY_ASSP  |                          OFF**  |
+---------------------------------+---------------------------------+
|               ONE_TIME_PROGRAM  |                          OFF**  |
+---------------------------------+---------------------------------+
|                 ENABLE_TRANSFR  |                      DISABLE**  |
+---------------------------------+---------------------------------+
|                  SHAREDEBRINIT  |                      DISABLE**  |
+---------------------------------+---------------------------------+
|            BACKGROUND_RECONFIG  |                          OFF**  |
+---------------------------------+---------------------------------+
 *  Default setting.
 ** The specified setting matches the default setting.


Creating bit map...
 
Bitstream Status: Final           Version 1.95.
 
Saving bit stream in "barrelRL00_barrelRL0.jed".
 
===========
UFM Summary.
===========
UFM Size:        2046 Pages (128*2046 Bits).
UFM Utilization: General Purpose Flash Memory.
 
Available General Purpose Flash Memory: 2046 Pages (Page 0 to Page 2045).
Initialized UFM Pages:                     0 Page.
 
Total CPU Time: 11 secs 
Total REAL Time: 18 secs 
Peak Memory Usage: 290 MB
