Running in Lattice mode

Starting:    C:\lscc\diamond\3.11_x64\synpbase\bin64\mbin\synbatch.exe
Install:     C:\lscc\diamond\3.11_x64\synpbase
Hostname:    DESKTOP-P12ICFP
Date:        Thu Feb 27 11:06:27 2020
Version:     N-2018.03L-SP1-1

Arguments:   -product synplify_pro -batch barrelRL00_barrelRL0_synplify.tcl
ProductType: synplify_pro




Copied C:\lscc\diamond\3.11_x64\bin\nt64\Arqui\Practicas\barrelRL00\barrelRL0\barrelRL00_barrelRL0.srr to C:\lscc\diamond\3.11_x64\bin\nt64\Arqui\Practicas\barrelRL00\barrelRL0\backup\barrelRL00_barrelRL0.srr
log file: "C:\lscc\diamond\3.11_x64\bin\nt64\Arqui\Practicas\barrelRL00\barrelRL0\barrelRL00_barrelRL0.srr"
Running: hdl_info_gen in foreground

Generating HDL info...
Copied C:\lscc\diamond\3.11_x64\bin\nt64\Arqui\Practicas\barrelRL00\barrelRL0\barrelRL00_barrelRL0.srr to C:\lscc\diamond\3.11_x64\bin\nt64\Arqui\Practicas\barrelRL00\barrelRL0\barrelRL00_barrelRL0.srf

hdl_info_gen completed
# Thu Feb 27 11:06:32 2020

Return Code: 0
Run Time:00h:00m:03s
log file: "C:\lscc\diamond\3.11_x64\bin\nt64\Arqui\Practicas\barrelRL00\barrelRL0\barrelRL00_barrelRL0.srr"
Running: barrelRL0 in foreground

Running proj_1|barrelRL0

Running Flow: compile (Compile) on proj_1|barrelRL0
# Thu Feb 27 11:06:36 2020

Running Flow: compile_flow (Compile Process) on proj_1|barrelRL0
# Thu Feb 27 11:06:36 2020

Running: compiler (Compile Input) on proj_1|barrelRL0
# Thu Feb 27 11:06:36 2020
Copied C:\lscc\diamond\3.11_x64\bin\nt64\Arqui\Practicas\barrelRL00\barrelRL0\synwork\barrelRL00_barrelRL0_comp.srs to C:\lscc\diamond\3.11_x64\bin\nt64\Arqui\Practicas\barrelRL00\barrelRL0\barrelRL00_barrelRL0.srs

compiler completed
# Thu Feb 27 11:06:42 2020

Return Code: 0
Run Time:00h:00m:06s

Running: multi_srs_gen (Multi-srs Generator) on proj_1|barrelRL0
# Thu Feb 27 11:06:42 2020

multi_srs_gen completed
# Thu Feb 27 11:06:43 2020

Return Code: 0
Run Time:00h:00m:01s
Copied C:\lscc\diamond\3.11_x64\bin\nt64\Arqui\Practicas\barrelRL00\barrelRL0\synwork\barrelRL00_barrelRL0_mult.srs to C:\lscc\diamond\3.11_x64\bin\nt64\Arqui\Practicas\barrelRL00\barrelRL0\barrelRL00_barrelRL0.srs
Copied C:\lscc\diamond\3.11_x64\bin\nt64\Arqui\Practicas\barrelRL00\barrelRL0\barrelRL00_barrelRL0.srr to C:\lscc\diamond\3.11_x64\bin\nt64\Arqui\Practicas\barrelRL00\barrelRL0\barrelRL00_barrelRL0.srf
Complete: Compile Process on proj_1|barrelRL0

Running: premap (Premap) on proj_1|barrelRL0
# Thu Feb 27 11:06:43 2020

premap completed with warnings
# Thu Feb 27 11:06:50 2020

Return Code: 1
Run Time:00h:00m:07s
Complete: Compile on proj_1|barrelRL0

Running Flow: map (Map) on proj_1|barrelRL0
# Thu Feb 27 11:06:50 2020
License granted for 4 parallel jobs

Running: fpga_mapper (Map & Optimize) on proj_1|barrelRL0
# Thu Feb 27 11:06:50 2020
Copied C:\lscc\diamond\3.11_x64\bin\nt64\Arqui\Practicas\barrelRL00\barrelRL0\synwork\barrelRL00_barrelRL0_m.srm to C:\lscc\diamond\3.11_x64\bin\nt64\Arqui\Practicas\barrelRL00\barrelRL0\barrelRL00_barrelRL0.srm

fpga_mapper completed with warnings
# Thu Feb 27 11:06:59 2020

Return Code: 1
Run Time:00h:00m:09s
Complete: Map on proj_1|barrelRL0
Copied C:\lscc\diamond\3.11_x64\bin\nt64\Arqui\Practicas\barrelRL00\barrelRL0\barrelRL00_barrelRL0.srr to C:\lscc\diamond\3.11_x64\bin\nt64\Arqui\Practicas\barrelRL00\barrelRL0\barrelRL00_barrelRL0.srf
Complete: Logic Synthesis on proj_1|barrelRL0
TCL script complete: "barrelRL00_barrelRL0_synplify.tcl"
exit status=0
exit status=0
Save changes for project:
C:\lscc\diamond\3.11_x64\bin\nt64\Arqui\Practicas\barrelRL00\barrelRL0\proj_1.prj
batch mode default:no
