
Copyright (C) 1994-2018 Synopsys, Inc.
This Synopsys software and all associated documentation are proprietary to Synopsys, Inc.
and may only be used pursuant to the terms and conditions of a written license agreement
with Synopsys, Inc. All other use, reproduction, modification, or distribution of the
Synopsys software or the associated documentation is strictly prohibited.
Tool: Synplify Pro (R)
Build: N-2018.03L-SP1-1
Install: C:\lscc\diamond\3.11_x64\synpbase
OS: Windows 6.2

Hostname: DESKTOP-P12ICFP

Implementation : barrelRL0
Synopsys HDL compiler and linker, Version comp2018q2p1, Build 461R, Built Apr  1 2019 09:17:43

Modified Files: 38
FID:  path (prevtimestamp, timestamp)
0        C:\Users\James\Documents\ESCOM_SEMESTRE_6\3CM2_ARQUITECTURA\Project3CM2MachX02\barrelRL00\barrelRL00.vhd (2018-11-03 01:49:27, N/A)
1        C:\Users\James\Documents\ESCOM_SEMESTRE_6\3CM2_ARQUITECTURA\Project3CM2MachX02\barrelRL00\packagebarrelRL00.vhd (2018-11-03 01:49:55, N/A)
2        C:\Users\James\Documents\ESCOM_SEMESTRE_6\3CM2_ARQUITECTURA\Project3CM2MachX02\barrelRL00\topbarrelRL00.vhd (2018-11-03 01:50:51, N/A)
3        C:\Users\James\Documents\ESCOM_SEMESTRE_6\3CM2_ARQUITECTURA\Project3CM2MachX02\div00vhdl\div00.vhd (2018-09-06 10:48:53, N/A)
4        C:\Users\James\Documents\ESCOM_SEMESTRE_6\3CM2_ARQUITECTURA\Project3CM2MachX02\div00vhdl\osc00.vhd (2018-09-04 14:24:05, N/A)
5        C:\Users\James\Documents\ESCOM_SEMESTRE_6\3CM2_ARQUITECTURA\Project3CM2MachX02\div00vhdl\packagediv00.vhd (2018-09-06 10:53:25, N/A)
6        C:\Users\James\Documents\ESCOM_SEMESTRE_6\3CM2_ARQUITECTURA\Project3CM2MachX02\div00vhdl\topdiv00.vhd (2018-09-06 11:02:51, N/A)
7        C:\lscc\diamond\3.10_x64\cae_library\synthesis\vhdl\machxo2.vhd (2017-04-27 16:11:44, N/A)
8        C:\lscc\diamond\3.10_x64\synpbase\lib\cpld\lattice.vhd (2017-08-05 01:23:36, N/A)
9        C:\lscc\diamond\3.10_x64\synpbase\lib\lucent\machxo2.vhd (2017-08-05 01:23:36, N/A)
10       C:\lscc\diamond\3.10_x64\synpbase\lib\vhd\arith.vhd (2017-08-05 00:03:44, N/A)
11       C:\lscc\diamond\3.10_x64\synpbase\lib\vhd\hyperents.vhd (2017-08-05 00:03:44, N/A)
12       C:\lscc\diamond\3.10_x64\synpbase\lib\vhd\location.map (2017-08-05 06:43:28, N/A)
13       C:\lscc\diamond\3.10_x64\synpbase\lib\vhd\numeric.vhd (2017-08-05 00:03:44, N/A)
14       C:\lscc\diamond\3.10_x64\synpbase\lib\vhd\snps_haps_pkg.vhd (2017-08-05 00:03:44, N/A)
15       C:\lscc\diamond\3.10_x64\synpbase\lib\vhd\std.vhd (2017-08-05 00:03:44, N/A)
16       C:\lscc\diamond\3.10_x64\synpbase\lib\vhd\std1164.vhd (2017-08-05 00:03:44, N/A)
17       C:\lscc\diamond\3.10_x64\synpbase\lib\vhd\umr_capim.vhd (2017-08-05 00:03:44, N/A)
18       C:\lscc\diamond\3.10_x64\synpbase\lib\vhd\unsigned.vhd (2017-08-05 00:03:44, N/A)
19       C:\lscc\diamond\3.11_x64\bin\nt64\Arqui\Practicas\barrelRL00\barrelRL00.vhd (N/A, 2019-02-22 16:16:06)
20       C:\lscc\diamond\3.11_x64\bin\nt64\Arqui\Practicas\barrelRL00\packagebarrelRL00.vhd (N/A, 2018-11-03 01:49:56)
21       C:\lscc\diamond\3.11_x64\bin\nt64\Arqui\Practicas\barrelRL00\topbarrelRL00.vhd (N/A, 2018-11-03 01:50:52)
22       C:\lscc\diamond\3.11_x64\bin\nt64\Arqui\Practicas\barrelhelp\div00.vhd (N/A, 2018-09-06 10:48:54)
23       C:\lscc\diamond\3.11_x64\bin\nt64\Arqui\Practicas\barrelhelp\osc00.vhd (N/A, 2018-09-04 14:43:00)
24       C:\lscc\diamond\3.11_x64\bin\nt64\Arqui\Practicas\barrelhelp\packagediv00.vhd (N/A, 2018-09-06 10:53:26)
25       C:\lscc\diamond\3.11_x64\bin\nt64\Arqui\Practicas\barrelhelp\topdiv00.vhd (N/A, 2018-09-06 11:02:52)
26       C:\lscc\diamond\3.11_x64\cae_library\synthesis\vhdl\machxo2.vhd (N/A, 2018-11-15 01:32:12)
27       C:\lscc\diamond\3.11_x64\synpbase\lib\cpld\lattice.vhd (N/A, 2019-04-01 09:08:08)
28       C:\lscc\diamond\3.11_x64\synpbase\lib\lucent\machxo2.vhd (N/A, 2019-04-01 09:08:08)
29       C:\lscc\diamond\3.11_x64\synpbase\lib\vhd\arith.vhd (N/A, 2019-04-01 09:07:44)
30       C:\lscc\diamond\3.11_x64\synpbase\lib\vhd\hyperents.vhd (N/A, 2019-04-01 09:07:44)
31       C:\lscc\diamond\3.11_x64\synpbase\lib\vhd\location.map (N/A, 2019-04-01 16:01:20)
32       C:\lscc\diamond\3.11_x64\synpbase\lib\vhd\numeric.vhd (N/A, 2019-04-01 09:07:44)
33       C:\lscc\diamond\3.11_x64\synpbase\lib\vhd\snps_haps_pkg.vhd (N/A, 2019-04-01 09:07:44)
34       C:\lscc\diamond\3.11_x64\synpbase\lib\vhd\std.vhd (N/A, 2019-04-01 09:07:44)
35       C:\lscc\diamond\3.11_x64\synpbase\lib\vhd\std1164.vhd (N/A, 2019-04-01 09:07:44)
36       C:\lscc\diamond\3.11_x64\synpbase\lib\vhd\umr_capim.vhd (N/A, 2019-04-01 09:07:44)
37       C:\lscc\diamond\3.11_x64\synpbase\lib\vhd\unsigned.vhd (N/A, 2019-04-01 09:07:44)

*******************************************************************
Modules that may have changed as a result of file changes: 5
MID:  lib.cell.view
0        work.barrelrl00.barrelrl0 may have changed because the following files changed:
                        C:\lscc\diamond\3.11_x64\bin\nt64\Arqui\Practicas\barrelRL00\barrelRL00.vhd (N/A, 2019-02-22 16:16:06) <-- (architecture and entity definition)
                        C:\lscc\diamond\3.11_x64\bin\nt64\Arqui\Practicas\barrelRL00\topbarrelRL00.vhd (N/A, 2018-11-03 01:50:52) <-- (may instantiate this module)
2        work.div00.div0 may have changed because the following files changed:
                        C:\lscc\diamond\3.11_x64\bin\nt64\Arqui\Practicas\barrelRL00\topbarrelRL00.vhd (N/A, 2018-11-03 01:50:52) <-- (may instantiate this module)
                        C:\lscc\diamond\3.11_x64\bin\nt64\Arqui\Practicas\barrelhelp\div00.vhd (N/A, 2018-09-06 10:48:54) <-- (architecture and entity definition)
                        C:\lscc\diamond\3.11_x64\bin\nt64\Arqui\Practicas\barrelhelp\topdiv00.vhd (N/A, 2018-09-06 11:02:52) <-- (may instantiate this module)
4        work.osc00.osc0 may have changed because the following files changed:
                        C:\lscc\diamond\3.11_x64\bin\nt64\Arqui\Practicas\barrelRL00\topbarrelRL00.vhd (N/A, 2018-11-03 01:50:52) <-- (may instantiate this module)
                        C:\lscc\diamond\3.11_x64\bin\nt64\Arqui\Practicas\barrelhelp\osc00.vhd (N/A, 2018-09-04 14:43:00) <-- (architecture and entity definition)
                        C:\lscc\diamond\3.11_x64\bin\nt64\Arqui\Practicas\barrelhelp\topdiv00.vhd (N/A, 2018-09-06 11:02:52) <-- (may instantiate this module)
6        work.topbarrelrl00.topbarrelrl0 may have changed because the following files changed:
                        C:\lscc\diamond\3.11_x64\bin\nt64\Arqui\Practicas\barrelRL00\topbarrelRL00.vhd (N/A, 2018-11-03 01:50:52) <-- (architecture and entity definition)
8        work.topdiv00.topdiv0 may have changed because the following files changed:
                        C:\lscc\diamond\3.11_x64\bin\nt64\Arqui\Practicas\barrelRL00\topbarrelRL00.vhd (N/A, 2018-11-03 01:50:52) <-- (may instantiate this module)
                        C:\lscc\diamond\3.11_x64\bin\nt64\Arqui\Practicas\barrelhelp\topdiv00.vhd (N/A, 2018-09-06 11:02:52) <-- (architecture and entity definition)

*******************************************************************
Unmodified files: 0
FID:  path (timestamp)

*******************************************************************
Unchanged modules: 0
MID:  lib.cell.view
