Running in Lattice mode

Starting:    C:\lscc\diamond\3.11_x64\synpbase\bin64\mbin\synbatch.exe
Install:     C:\lscc\diamond\3.11_x64\synpbase
Hostname:    DESKTOP-P12ICFP
Date:        Thu Feb 20 22:05:59 2020
Version:     N-2018.03L-SP1-1

Arguments:   -product synplify_pro -batch shiftRL00_shiftRL0_synplify.tcl
ProductType: synplify_pro




log file: "C:\lscc\diamond\3.11_x64\bin\nt64\Arqui\Practicas\shiftRL00\shiftRL0\shiftRL00_shiftRL0.srr"
Running: hdl_info_gen in foreground

Generating HDL info...
Copied C:\lscc\diamond\3.11_x64\bin\nt64\Arqui\Practicas\shiftRL00\shiftRL0\shiftRL00_shiftRL0.srr to C:\lscc\diamond\3.11_x64\bin\nt64\Arqui\Practicas\shiftRL00\shiftRL0\shiftRL00_shiftRL0.srf

hdl_info_gen completed
# Thu Feb 20 22:06:04 2020

Return Code: 0
Run Time:00h:00m:03s
log file: "C:\lscc\diamond\3.11_x64\bin\nt64\Arqui\Practicas\shiftRL00\shiftRL0\shiftRL00_shiftRL0.srr"
Running: shiftRL0 in foreground

Running proj_1|shiftRL0

Running Flow: compile (Compile) on proj_1|shiftRL0
# Thu Feb 20 22:06:04 2020

Running Flow: compile_flow (Compile Process) on proj_1|shiftRL0
# Thu Feb 20 22:06:04 2020

Running: compiler (Compile Input) on proj_1|shiftRL0
# Thu Feb 20 22:06:04 2020
Copied C:\lscc\diamond\3.11_x64\bin\nt64\Arqui\Practicas\shiftRL00\shiftRL0\synwork\shiftRL00_shiftRL0_comp.srs to C:\lscc\diamond\3.11_x64\bin\nt64\Arqui\Practicas\shiftRL00\shiftRL0\shiftRL00_shiftRL0.srs

compiler completed
# Thu Feb 20 22:06:11 2020

Return Code: 0
Run Time:00h:00m:07s

Running: multi_srs_gen (Multi-srs Generator) on proj_1|shiftRL0
# Thu Feb 20 22:06:11 2020

multi_srs_gen completed
# Thu Feb 20 22:06:12 2020

Return Code: 0
Run Time:00h:00m:01s
Copied C:\lscc\diamond\3.11_x64\bin\nt64\Arqui\Practicas\shiftRL00\shiftRL0\synwork\shiftRL00_shiftRL0_mult.srs to C:\lscc\diamond\3.11_x64\bin\nt64\Arqui\Practicas\shiftRL00\shiftRL0\shiftRL00_shiftRL0.srs
Copied C:\lscc\diamond\3.11_x64\bin\nt64\Arqui\Practicas\shiftRL00\shiftRL0\shiftRL00_shiftRL0.srr to C:\lscc\diamond\3.11_x64\bin\nt64\Arqui\Practicas\shiftRL00\shiftRL0\shiftRL00_shiftRL0.srf
Complete: Compile Process on proj_1|shiftRL0

Running: premap (Premap) on proj_1|shiftRL0
# Thu Feb 20 22:06:12 2020

premap completed with warnings
# Thu Feb 20 22:06:17 2020

Return Code: 1
Run Time:00h:00m:05s
Complete: Compile on proj_1|shiftRL0

Running Flow: map (Map) on proj_1|shiftRL0
# Thu Feb 20 22:06:17 2020
License granted for 4 parallel jobs

Running: fpga_mapper (Map & Optimize) on proj_1|shiftRL0
# Thu Feb 20 22:06:17 2020
Copied C:\lscc\diamond\3.11_x64\bin\nt64\Arqui\Practicas\shiftRL00\shiftRL0\synwork\shiftRL00_shiftRL0_m.srm to C:\lscc\diamond\3.11_x64\bin\nt64\Arqui\Practicas\shiftRL00\shiftRL0\shiftRL00_shiftRL0.srm

fpga_mapper completed with warnings
# Thu Feb 20 22:06:26 2020

Return Code: 1
Run Time:00h:00m:09s
Complete: Map on proj_1|shiftRL0
Copied C:\lscc\diamond\3.11_x64\bin\nt64\Arqui\Practicas\shiftRL00\shiftRL0\shiftRL00_shiftRL0.srr to C:\lscc\diamond\3.11_x64\bin\nt64\Arqui\Practicas\shiftRL00\shiftRL0\shiftRL00_shiftRL0.srf
Complete: Logic Synthesis on proj_1|shiftRL0
TCL script complete: "shiftRL00_shiftRL0_synplify.tcl"
exit status=0
exit status=0
Save changes for project:
C:\lscc\diamond\3.11_x64\bin\nt64\Arqui\Practicas\shiftRL00\shiftRL0\proj_1.prj
batch mode default:no
