
Loading design for application trce from file adder4bit00_adder4bit.ncd.
Design name: topadder4bit00
NCD version: 3.3
Vendor:      LATTICE
Device:      LCMXO2-7000HE
Package:     TQFP144
Performance: 5
Loading device for application trce from file 'xo2c7000.nph' in environment: C:/lscc/diamond/3.11_x64/ispfpga.
Package Status:                     Final          Version 1.39.
Performance Hardware Data Status:   Final          Version 34.4.
Setup and Hold Report

--------------------------------------------------------------------------------
Lattice TRACE Report - Setup, Version Diamond (64-bit) 3.11.0.396.4
Wed Feb 05 20:50:57 2020

Copyright (c) 1991-1994 by NeoCAD Inc. All rights reserved.
Copyright (c) 1995 AT&T Corp.   All rights reserved.
Copyright (c) 1995-2001 Lucent Technologies Inc.  All rights reserved.
Copyright (c) 2001 Agere Systems   All rights reserved.
Copyright (c) 2002-2019 Lattice Semiconductor Corporation,  All rights reserved.

Report Information
------------------
Command line:    trce -v 10 -gt -sethld -sp 5 -sphld m -o adder4bit00_adder4bit.twr -gui -msgset C:/Users/Rodrigo García/Desktop/Arqui/Practicas/adder4bit00/promote.xml adder4bit00_adder4bit.ncd adder4bit00_adder4bit.prf 
Design file:     adder4bit00_adder4bit.ncd
Preference file: adder4bit00_adder4bit.prf
Device,speed:    LCMXO2-7000HE,5
Report level:    verbose report, limited to 10 items per preference
--------------------------------------------------------------------------------

BLOCK ASYNCPATHS
BLOCK RESETPATHS
--------------------------------------------------------------------------------



================================================================================
Preference: Default path enumeration
            77 items scored, 0 timing errors detected.
--------------------------------------------------------------------------------

Report:   17.298ns delay SL to So[0]

   Name    Fanout   Delay (ns)          Site               Resource
PADI_DEL    ---     1.372          1.PAD to        1.PADDI SL
ROUTE         7     2.795        1.PADDI to      R12C2C.A1 SL_c
CTOF_DEL    ---     0.452      R12C2C.A1 to      R12C2C.F1 SLICE_1
ROUTE         2     0.392      R12C2C.F1 to      R12C2C.C0 SC[0]
CTOF_DEL    ---     0.452      R12C2C.C0 to      R12C2C.F0 SLICE_1
ROUTE         2     0.673      R12C2C.F0 to      R12C2D.C1 SC[1]
CTOF_DEL    ---     0.452      R12C2D.C1 to      R12C2D.F1 SLICE_0
ROUTE         2     0.899      R12C2D.F1 to      R12C2D.B0 SC[2]
CTOF_DEL    ---     0.452      R12C2D.B0 to      R12C2D.F0 SLICE_0
ROUTE         4     0.854      R12C2D.F0 to      R12C2B.D0 LED_c
CTOF_DEL    ---     0.452      R12C2B.D0 to      R12C2B.F0 SLICE_4
ROUTE         1     4.605      R12C2B.F0 to       61.PADDO So_c[0]
DOPAD_DEL   ---     3.448       61.PADDO to         61.PAD So[0]
                  --------
                   17.298   (40.9% logic, 59.1% route), 7 logic levels.

Report:   16.921ns delay SL to So[1]

   Name    Fanout   Delay (ns)          Site               Resource
PADI_DEL    ---     1.372          1.PAD to        1.PADDI SL
ROUTE         7     2.795        1.PADDI to      R12C2C.A1 SL_c
CTOF_DEL    ---     0.452      R12C2C.A1 to      R12C2C.F1 SLICE_1
ROUTE         2     0.392      R12C2C.F1 to      R12C2C.C0 SC[0]
CTOF_DEL    ---     0.452      R12C2C.C0 to      R12C2C.F0 SLICE_1
ROUTE         2     0.673      R12C2C.F0 to      R12C2D.C1 SC[1]
CTOF_DEL    ---     0.452      R12C2D.C1 to      R12C2D.F1 SLICE_0
ROUTE         2     0.899      R12C2D.F1 to      R12C2D.B0 SC[2]
CTOF_DEL    ---     0.452      R12C2D.B0 to      R12C2D.F0 SLICE_0
ROUTE         4     1.269      R12C2D.F0 to      R12C3D.B0 LED_c
CTOF_DEL    ---     0.452      R12C3D.B0 to      R12C3D.F0 SLICE_3
ROUTE         1     3.813      R12C3D.F0 to       60.PADDO So_c[1]
DOPAD_DEL   ---     3.448       60.PADDO to         60.PAD So[1]
                  --------
                   16.921   (41.8% logic, 58.2% route), 7 logic levels.

Report:   16.570ns delay Ai[0] to So[0]

   Name    Fanout   Delay (ns)          Site               Resource
PADI_DEL    ---     1.372         10.PAD to       10.PADDI Ai[0]
ROUTE         2     2.067       10.PADDI to      R12C2C.C1 Ai_c[0]
CTOF_DEL    ---     0.452      R12C2C.C1 to      R12C2C.F1 SLICE_1
ROUTE         2     0.392      R12C2C.F1 to      R12C2C.C0 SC[0]
CTOF_DEL    ---     0.452      R12C2C.C0 to      R12C2C.F0 SLICE_1
ROUTE         2     0.673      R12C2C.F0 to      R12C2D.C1 SC[1]
CTOF_DEL    ---     0.452      R12C2D.C1 to      R12C2D.F1 SLICE_0
ROUTE         2     0.899      R12C2D.F1 to      R12C2D.B0 SC[2]
CTOF_DEL    ---     0.452      R12C2D.B0 to      R12C2D.F0 SLICE_0
ROUTE         4     0.854      R12C2D.F0 to      R12C2B.D0 LED_c
CTOF_DEL    ---     0.452      R12C2B.D0 to      R12C2B.F0 SLICE_4
ROUTE         1     4.605      R12C2B.F0 to       61.PADDO So_c[0]
DOPAD_DEL   ---     3.448       61.PADDO to         61.PAD So[0]
                  --------
                   16.570   (42.7% logic, 57.3% route), 7 logic levels.

Report:   16.477ns delay SL to So[2]

   Name    Fanout   Delay (ns)          Site               Resource
PADI_DEL    ---     1.372          1.PAD to        1.PADDI SL
ROUTE         7     2.795        1.PADDI to      R12C2C.A1 SL_c
CTOF_DEL    ---     0.452      R12C2C.A1 to      R12C2C.F1 SLICE_1
ROUTE         2     0.392      R12C2C.F1 to      R12C2C.C0 SC[0]
CTOF_DEL    ---     0.452      R12C2C.C0 to      R12C2C.F0 SLICE_1
ROUTE         2     0.673      R12C2C.F0 to      R12C2D.C1 SC[1]
CTOF_DEL    ---     0.452      R12C2D.C1 to      R12C2D.F1 SLICE_0
ROUTE         2     0.899      R12C2D.F1 to      R12C2D.B0 SC[2]
CTOF_DEL    ---     0.452      R12C2D.B0 to      R12C2D.F0 SLICE_0
ROUTE         4     0.854      R12C2D.F0 to      R12C2A.D0 LED_c
CTOF_DEL    ---     0.452      R12C2A.D0 to      R12C2A.F0 SLICE_2
ROUTE         1     3.784      R12C2A.F0 to       58.PADDO So_c[2]
DOPAD_DEL   ---     3.448       58.PADDO to         58.PAD So[2]
                  --------
                   16.477   (43.0% logic, 57.0% route), 7 logic levels.

Report:   16.343ns delay Bi[0] to So[0]

   Name    Fanout   Delay (ns)          Site               Resource
PADI_DEL    ---     1.372         22.PAD to       22.PADDI Bi[0]
ROUTE         2     1.840       22.PADDI to      R12C2C.D1 Bi_c[0]
CTOF_DEL    ---     0.452      R12C2C.D1 to      R12C2C.F1 SLICE_1
ROUTE         2     0.392      R12C2C.F1 to      R12C2C.C0 SC[0]
CTOF_DEL    ---     0.452      R12C2C.C0 to      R12C2C.F0 SLICE_1
ROUTE         2     0.673      R12C2C.F0 to      R12C2D.C1 SC[1]
CTOF_DEL    ---     0.452      R12C2D.C1 to      R12C2D.F1 SLICE_0
ROUTE         2     0.899      R12C2D.F1 to      R12C2D.B0 SC[2]
CTOF_DEL    ---     0.452      R12C2D.B0 to      R12C2D.F0 SLICE_0
ROUTE         4     0.854      R12C2D.F0 to      R12C2B.D0 LED_c
CTOF_DEL    ---     0.452      R12C2B.D0 to      R12C2B.F0 SLICE_4
ROUTE         1     4.605      R12C2B.F0 to       61.PADDO So_c[0]
DOPAD_DEL   ---     3.448       61.PADDO to         61.PAD So[0]
                  --------
                   16.343   (43.3% logic, 56.7% route), 7 logic levels.

Report:   16.193ns delay Ai[0] to So[1]

   Name    Fanout   Delay (ns)          Site               Resource
PADI_DEL    ---     1.372         10.PAD to       10.PADDI Ai[0]
ROUTE         2     2.067       10.PADDI to      R12C2C.C1 Ai_c[0]
CTOF_DEL    ---     0.452      R12C2C.C1 to      R12C2C.F1 SLICE_1
ROUTE         2     0.392      R12C2C.F1 to      R12C2C.C0 SC[0]
CTOF_DEL    ---     0.452      R12C2C.C0 to      R12C2C.F0 SLICE_1
ROUTE         2     0.673      R12C2C.F0 to      R12C2D.C1 SC[1]
CTOF_DEL    ---     0.452      R12C2D.C1 to      R12C2D.F1 SLICE_0
ROUTE         2     0.899      R12C2D.F1 to      R12C2D.B0 SC[2]
CTOF_DEL    ---     0.452      R12C2D.B0 to      R12C2D.F0 SLICE_0
ROUTE         4     1.269      R12C2D.F0 to      R12C3D.B0 LED_c
CTOF_DEL    ---     0.452      R12C3D.B0 to      R12C3D.F0 SLICE_3
ROUTE         1     3.813      R12C3D.F0 to       60.PADDO So_c[1]
DOPAD_DEL   ---     3.448       60.PADDO to         60.PAD So[1]
                  --------
                   16.193   (43.7% logic, 56.3% route), 7 logic levels.

Report:   16.157ns delay SL to So[0]

   Name    Fanout   Delay (ns)          Site               Resource
PADI_DEL    ---     1.372          1.PAD to        1.PADDI SL
ROUTE         7     2.498        1.PADDI to      R12C2C.D0 SL_c
CTOF_DEL    ---     0.452      R12C2C.D0 to      R12C2C.F0 SLICE_1
ROUTE         2     0.673      R12C2C.F0 to      R12C2D.C1 SC[1]
CTOF_DEL    ---     0.452      R12C2D.C1 to      R12C2D.F1 SLICE_0
ROUTE         2     0.899      R12C2D.F1 to      R12C2D.B0 SC[2]
CTOF_DEL    ---     0.452      R12C2D.B0 to      R12C2D.F0 SLICE_0
ROUTE         4     0.854      R12C2D.F0 to      R12C2B.D0 LED_c
CTOF_DEL    ---     0.452      R12C2B.D0 to      R12C2B.F0 SLICE_4
ROUTE         1     4.605      R12C2B.F0 to       61.PADDO So_c[0]
DOPAD_DEL   ---     3.448       61.PADDO to         61.PAD So[0]
                  --------
                   16.157   (41.0% logic, 59.0% route), 6 logic levels.

Report:   16.007ns delay Ai[1] to So[0]

   Name    Fanout   Delay (ns)          Site               Resource
PADI_DEL    ---     1.372          9.PAD to        9.PADDI Ai[1]
ROUTE         2     2.348        9.PADDI to      R12C2C.A0 Ai_c[1]
CTOF_DEL    ---     0.452      R12C2C.A0 to      R12C2C.F0 SLICE_1
ROUTE         2     0.673      R12C2C.F0 to      R12C2D.C1 SC[1]
CTOF_DEL    ---     0.452      R12C2D.C1 to      R12C2D.F1 SLICE_0
ROUTE         2     0.899      R12C2D.F1 to      R12C2D.B0 SC[2]
CTOF_DEL    ---     0.452      R12C2D.B0 to      R12C2D.F0 SLICE_0
ROUTE         4     0.854      R12C2D.F0 to      R12C2B.D0 LED_c
CTOF_DEL    ---     0.452      R12C2B.D0 to      R12C2B.F0 SLICE_4
ROUTE         1     4.605      R12C2B.F0 to       61.PADDO So_c[0]
DOPAD_DEL   ---     3.448       61.PADDO to         61.PAD So[0]
                  --------
                   16.007   (41.4% logic, 58.6% route), 6 logic levels.

Report:   15.966ns delay Bi[0] to So[1]

   Name    Fanout   Delay (ns)          Site               Resource
PADI_DEL    ---     1.372         22.PAD to       22.PADDI Bi[0]
ROUTE         2     1.840       22.PADDI to      R12C2C.D1 Bi_c[0]
CTOF_DEL    ---     0.452      R12C2C.D1 to      R12C2C.F1 SLICE_1
ROUTE         2     0.392      R12C2C.F1 to      R12C2C.C0 SC[0]
CTOF_DEL    ---     0.452      R12C2C.C0 to      R12C2C.F0 SLICE_1
ROUTE         2     0.673      R12C2C.F0 to      R12C2D.C1 SC[1]
CTOF_DEL    ---     0.452      R12C2D.C1 to      R12C2D.F1 SLICE_0
ROUTE         2     0.899      R12C2D.F1 to      R12C2D.B0 SC[2]
CTOF_DEL    ---     0.452      R12C2D.B0 to      R12C2D.F0 SLICE_0
ROUTE         4     1.269      R12C2D.F0 to      R12C3D.B0 LED_c
CTOF_DEL    ---     0.452      R12C3D.B0 to      R12C3D.F0 SLICE_3
ROUTE         1     3.813      R12C3D.F0 to       60.PADDO So_c[1]
DOPAD_DEL   ---     3.448       60.PADDO to         60.PAD So[1]
                  --------
                   15.966   (44.3% logic, 55.7% route), 7 logic levels.

Report:   15.780ns delay SL to So[1]

   Name    Fanout   Delay (ns)          Site               Resource
PADI_DEL    ---     1.372          1.PAD to        1.PADDI SL
ROUTE         7     2.498        1.PADDI to      R12C2C.D0 SL_c
CTOF_DEL    ---     0.452      R12C2C.D0 to      R12C2C.F0 SLICE_1
ROUTE         2     0.673      R12C2C.F0 to      R12C2D.C1 SC[1]
CTOF_DEL    ---     0.452      R12C2D.C1 to      R12C2D.F1 SLICE_0
ROUTE         2     0.899      R12C2D.F1 to      R12C2D.B0 SC[2]
CTOF_DEL    ---     0.452      R12C2D.B0 to      R12C2D.F0 SLICE_0
ROUTE         4     1.269      R12C2D.F0 to      R12C3D.B0 LED_c
CTOF_DEL    ---     0.452      R12C3D.B0 to      R12C3D.F0 SLICE_3
ROUTE         1     3.813      R12C3D.F0 to       60.PADDO So_c[1]
DOPAD_DEL   ---     3.448       60.PADDO to         60.PAD So[1]
                  --------
                   15.780   (42.0% logic, 58.0% route), 6 logic levels.

Report:   17.298ns is the maximum delay for this preference.


================================================================================
Preference: Default net enumeration
            19 items scored, 0 timing errors detected.
--------------------------------------------------------------------------------

Report:    4.605ns maximum delay on So_c[0]

           Delays             Connection(s)
           4.605ns        R12C2B.F0 to 61.PADDO        

Report:    4.226ns maximum delay on So_c[3]

           Delays             Connection(s)
           4.226ns        R12C2B.F1 to 59.PADDO        

Report:    3.813ns maximum delay on So_c[1]

           Delays             Connection(s)
           3.813ns        R12C3D.F0 to 60.PADDO        

Report:    3.786ns maximum delay on LED_c

           Delays             Connection(s)
           3.786ns        R12C2D.F0 to 91.PADDO        
           0.854ns        R12C2D.F0 to R12C2B.D0       
           1.269ns        R12C2D.F0 to R12C3D.B0       
           0.854ns        R12C2D.F0 to R12C2A.D0       

Report:    3.784ns maximum delay on So_c[2]

           Delays             Connection(s)
           3.784ns        R12C2A.F0 to 58.PADDO        

Report:    2.795ns maximum delay on SL_c

           Delays             Connection(s)
           2.498ns          1.PADDI to R12C2B.D1       
           2.236ns          1.PADDI to R12C3D.C1       
           2.498ns          1.PADDI to R12C2A.D1       
           2.795ns          1.PADDI to R12C2C.A1       
           2.498ns          1.PADDI to R12C2C.D0       
           2.795ns          1.PADDI to R12C2D.A1       
           2.236ns          1.PADDI to R12C2D.C0       

Report:    2.756ns maximum delay on Ai_c[3]

           Delays             Connection(s)
           2.756ns          5.PADDI to R12C2B.C1       
           2.291ns          5.PADDI to R12C2D.D0       

Report:    2.348ns maximum delay on Ai_c[1]

           Delays             Connection(s)
           2.038ns          9.PADDI to R12C3D.D0       
           2.348ns          9.PADDI to R12C2C.A0       

Report:    2.305ns maximum delay on Ai_c[2]

           Delays             Connection(s)
           2.305ns          6.PADDI to R12C2A.A0       
           1.986ns          6.PADDI to R12C2D.B1       

Report:    2.150ns maximum delay on Bi_c[0]

           Delays             Connection(s)
           2.150ns         22.PADDI to R12C2B.A0       
           1.840ns         22.PADDI to R12C2C.D1       

Report:    4.605ns is the maximum delay for this preference.

Report Summary
--------------
----------------------------------------------------------------------------
Preference                              |   Constraint|       Actual|Levels
----------------------------------------------------------------------------
                                        |             |             |
Default path enumeration                |     0.000 ns|    17.298 ns|   0  
                                        |             |             |
Default net enumeration                 |     0.000 ns|     4.605 ns|   0  
                                        |             |             |
----------------------------------------------------------------------------


All preferences were met.


Clock Domains Analysis
------------------------

Found 0 clocks:


Timing summary (Setup):
---------------

Timing errors: 0  Score: 0
Cumulative negative slack: 0

Constraints cover 77 paths, 19 nets, and 39 connections (100.00% coverage)

--------------------------------------------------------------------------------

