Running in Lattice mode

Starting:    C:\lscc\diamond\3.11_x64\synpbase\bin64\mbin\synbatch.exe
Install:     C:\lscc\diamond\3.11_x64\synpbase
Hostname:    DESKTOP-P12ICFP
Date:        Wed Feb 26 11:11:18 2020
Version:     N-2018.03L-SP1-1

Arguments:   -product synplify_pro -batch rotRL00_rotRL0_synplify.tcl
ProductType: synplify_pro




log file: "C:\lscc\diamond\3.11_x64\bin\nt64\Arqui\Practicas\rotRL00\rotRL0\rotRL00_rotRL0.srr"
Running: hdl_info_gen in foreground

Generating HDL info...
Copied C:\lscc\diamond\3.11_x64\bin\nt64\Arqui\Practicas\rotRL00\rotRL0\rotRL00_rotRL0.srr to C:\lscc\diamond\3.11_x64\bin\nt64\Arqui\Practicas\rotRL00\rotRL0\rotRL00_rotRL0.srf

hdl_info_gen completed
# Wed Feb 26 11:11:21 2020

Return Code: 0
Run Time:00h:00m:02s
log file: "C:\lscc\diamond\3.11_x64\bin\nt64\Arqui\Practicas\rotRL00\rotRL0\rotRL00_rotRL0.srr"
Running: rotRL0 in foreground

Running proj_1|rotRL0

Running Flow: compile (Compile) on proj_1|rotRL0
# Wed Feb 26 11:11:21 2020

Running Flow: compile_flow (Compile Process) on proj_1|rotRL0
# Wed Feb 26 11:11:21 2020

Running: compiler (Compile Input) on proj_1|rotRL0
# Wed Feb 26 11:11:21 2020
Copied C:\lscc\diamond\3.11_x64\bin\nt64\Arqui\Practicas\rotRL00\rotRL0\synwork\rotRL00_rotRL0_comp.srs to C:\lscc\diamond\3.11_x64\bin\nt64\Arqui\Practicas\rotRL00\rotRL0\rotRL00_rotRL0.srs

compiler completed
# Wed Feb 26 11:11:26 2020

Return Code: 0
Run Time:00h:00m:05s

Running: multi_srs_gen (Multi-srs Generator) on proj_1|rotRL0
# Wed Feb 26 11:11:26 2020

multi_srs_gen completed
# Wed Feb 26 11:11:26 2020

Return Code: 0
Run Time:00h:00m:00s
Copied C:\lscc\diamond\3.11_x64\bin\nt64\Arqui\Practicas\rotRL00\rotRL0\synwork\rotRL00_rotRL0_mult.srs to C:\lscc\diamond\3.11_x64\bin\nt64\Arqui\Practicas\rotRL00\rotRL0\rotRL00_rotRL0.srs
Copied C:\lscc\diamond\3.11_x64\bin\nt64\Arqui\Practicas\rotRL00\rotRL0\rotRL00_rotRL0.srr to C:\lscc\diamond\3.11_x64\bin\nt64\Arqui\Practicas\rotRL00\rotRL0\rotRL00_rotRL0.srf
Complete: Compile Process on proj_1|rotRL0

Running: premap (Premap) on proj_1|rotRL0
# Wed Feb 26 11:11:26 2020

premap completed with warnings
# Wed Feb 26 11:11:30 2020

Return Code: 1
Run Time:00h:00m:04s
Complete: Compile on proj_1|rotRL0

Running Flow: map (Map) on proj_1|rotRL0
# Wed Feb 26 11:11:30 2020
License granted for 4 parallel jobs

Running: fpga_mapper (Map & Optimize) on proj_1|rotRL0
# Wed Feb 26 11:11:30 2020
Copied C:\lscc\diamond\3.11_x64\bin\nt64\Arqui\Practicas\rotRL00\rotRL0\synwork\rotRL00_rotRL0_m.srm to C:\lscc\diamond\3.11_x64\bin\nt64\Arqui\Practicas\rotRL00\rotRL0\rotRL00_rotRL0.srm

fpga_mapper completed with warnings
# Wed Feb 26 11:11:36 2020

Return Code: 1
Run Time:00h:00m:06s
Complete: Map on proj_1|rotRL0
Copied C:\lscc\diamond\3.11_x64\bin\nt64\Arqui\Practicas\rotRL00\rotRL0\rotRL00_rotRL0.srr to C:\lscc\diamond\3.11_x64\bin\nt64\Arqui\Practicas\rotRL00\rotRL0\rotRL00_rotRL0.srf
Complete: Logic Synthesis on proj_1|rotRL0
TCL script complete: "rotRL00_rotRL0_synplify.tcl"
exit status=0
exit status=0
Save changes for project:
C:\lscc\diamond\3.11_x64\bin\nt64\Arqui\Practicas\rotRL00\rotRL0\proj_1.prj
batch mode default:no
