Running in Lattice mode

Starting:    C:\lscc\diamond\3.11_x64\synpbase\bin64\mbin\synbatch.exe
Install:     C:\lscc\diamond\3.11_x64\synpbase
Hostname:    DESKTOP-P12ICFP
Date:        Tue Apr 21 15:28:08 2020
Version:     N-2018.03L-SP1-1

Arguments:   -product synplify_pro -batch key00_key0_synplify.tcl
ProductType: synplify_pro




log file: "C:\lscc\diamond\3.11_x64\bin\nt64\Arqui\Practicas\key00\key00\key0\key00_key0.srr"
Running: hdl_info_gen in foreground

Generating HDL info...
Copied C:\lscc\diamond\3.11_x64\bin\nt64\Arqui\Practicas\key00\key00\key0\key00_key0.srr to C:\lscc\diamond\3.11_x64\bin\nt64\Arqui\Practicas\key00\key00\key0\key00_key0.srf

hdl_info_gen completed
# Tue Apr 21 15:28:10 2020

Return Code: 0
Run Time:00h:00m:01s
log file: "C:\lscc\diamond\3.11_x64\bin\nt64\Arqui\Practicas\key00\key00\key0\key00_key0.srr"
Running: key0 in foreground

Running proj_1|key0

Running Flow: compile (Compile) on proj_1|key0
# Tue Apr 21 15:28:11 2020

Running Flow: compile_flow (Compile Process) on proj_1|key0
# Tue Apr 21 15:28:11 2020

Running: compiler (Compile Input) on proj_1|key0
# Tue Apr 21 15:28:11 2020
Copied C:\lscc\diamond\3.11_x64\bin\nt64\Arqui\Practicas\key00\key00\key0\synwork\key00_key0_comp.srs to C:\lscc\diamond\3.11_x64\bin\nt64\Arqui\Practicas\key00\key00\key0\key00_key0.srs

compiler completed
# Tue Apr 21 15:28:14 2020

Return Code: 0
Run Time:00h:00m:03s

Running: multi_srs_gen (Multi-srs Generator) on proj_1|key0
# Tue Apr 21 15:28:14 2020

multi_srs_gen completed
# Tue Apr 21 15:28:14 2020

Return Code: 0
Run Time:00h:00m:00s
Copied C:\lscc\diamond\3.11_x64\bin\nt64\Arqui\Practicas\key00\key00\key0\synwork\key00_key0_mult.srs to C:\lscc\diamond\3.11_x64\bin\nt64\Arqui\Practicas\key00\key00\key0\key00_key0.srs
Copied C:\lscc\diamond\3.11_x64\bin\nt64\Arqui\Practicas\key00\key00\key0\key00_key0.srr to C:\lscc\diamond\3.11_x64\bin\nt64\Arqui\Practicas\key00\key00\key0\key00_key0.srf
Complete: Compile Process on proj_1|key0

Running: premap (Premap) on proj_1|key0
# Tue Apr 21 15:28:14 2020

premap completed with warnings
# Tue Apr 21 15:28:17 2020

Return Code: 1
Run Time:00h:00m:03s
Complete: Compile on proj_1|key0

Running Flow: map (Map) on proj_1|key0
# Tue Apr 21 15:28:17 2020
License granted for 4 parallel jobs

Running: fpga_mapper (Map & Optimize) on proj_1|key0
# Tue Apr 21 15:28:17 2020
Copied C:\lscc\diamond\3.11_x64\bin\nt64\Arqui\Practicas\key00\key00\key0\synwork\key00_key0_m.srm to C:\lscc\diamond\3.11_x64\bin\nt64\Arqui\Practicas\key00\key00\key0\key00_key0.srm

fpga_mapper completed with warnings
# Tue Apr 21 15:28:23 2020

Return Code: 1
Run Time:00h:00m:06s
Complete: Map on proj_1|key0
Copied C:\lscc\diamond\3.11_x64\bin\nt64\Arqui\Practicas\key00\key00\key0\key00_key0.srr to C:\lscc\diamond\3.11_x64\bin\nt64\Arqui\Practicas\key00\key00\key0\key00_key0.srf
Complete: Logic Synthesis on proj_1|key0
TCL script complete: "key00_key0_synplify.tcl"
exit status=0
exit status=0
Save changes for project:
C:\lscc\diamond\3.11_x64\bin\nt64\Arqui\Practicas\key00\key00\key0\proj_1.prj
batch mode default:no
