Running in Lattice mode

Starting:    C:\lscc\diamond\3.10_x64\synpbase\bin64\mbin\synbatch.exe
Install:     C:\lscc\diamond\3.10_x64\synpbase
Hostname:    LAPTOP-QF8PLV1N
Date:        Fri Feb 22 16:19:48 2019
Version:     M-2017.03L-SP1-1

Arguments:   -product synplify_pro -batch barrelLR00_barrelLR0_synplify.tcl
ProductType: synplify_pro




log file: "C:\Users\atzir\Documents\6 semestre\arqui\Proyectos Arqui\Proyectos\barrelLR00\barrelLR0\barrelLR00_barrelLR0.srr"
Running: hdl_info_gen in foreground

Generating HDL info...

hdl_info_gen completed
# Fri Feb 22 16:19:49 2019

Return Code: 0
Run Time:00h:00m:01s
Copied C:\Users\atzir\Documents\6 semestre\arqui\Proyectos Arqui\Proyectos\barrelLR00\barrelLR0\barrelLR00_barrelLR0.srr to C:\Users\atzir\Documents\6 semestre\arqui\Proyectos Arqui\Proyectos\barrelLR00\barrelLR0\barrelLR00_barrelLR0.srf
log file: "C:\Users\atzir\Documents\6 semestre\arqui\Proyectos Arqui\Proyectos\barrelLR00\barrelLR0\barrelLR00_barrelLR0.srr"
Running: barrelLR0 in foreground

Running proj_1|barrelLR0

Running: compile (Compile) on proj_1|barrelLR0
# Fri Feb 22 16:19:49 2019

Running: compile_flow (Compile Process) on proj_1|barrelLR0
# Fri Feb 22 16:19:49 2019

Running: compiler (Compile Input) on proj_1|barrelLR0
# Fri Feb 22 16:19:49 2019
Copied C:\Users\atzir\Documents\6 semestre\arqui\Proyectos Arqui\Proyectos\barrelLR00\barrelLR0\synwork\barrelLR00_barrelLR0_comp.srs to C:\Users\atzir\Documents\6 semestre\arqui\Proyectos Arqui\Proyectos\barrelLR00\barrelLR0\barrelLR00_barrelLR0.srs

compiler completed
# Fri Feb 22 16:19:51 2019

Return Code: 0
Run Time:00h:00m:02s

Running: multi_srs_gen (Multi-srs Generator) on proj_1|barrelLR0
# Fri Feb 22 16:19:51 2019

multi_srs_gen completed
# Fri Feb 22 16:19:51 2019

Return Code: 0
Run Time:00h:00m:00s
Copied C:\Users\atzir\Documents\6 semestre\arqui\Proyectos Arqui\Proyectos\barrelLR00\barrelLR0\synwork\barrelLR00_barrelLR0_mult.srs to C:\Users\atzir\Documents\6 semestre\arqui\Proyectos Arqui\Proyectos\barrelLR00\barrelLR0\barrelLR00_barrelLR0.srs
Copied C:\Users\atzir\Documents\6 semestre\arqui\Proyectos Arqui\Proyectos\barrelLR00\barrelLR0\barrelLR00_barrelLR0.srr to C:\Users\atzir\Documents\6 semestre\arqui\Proyectos Arqui\Proyectos\barrelLR00\barrelLR0\barrelLR00_barrelLR0.srf
Complete: Compile Process on proj_1|barrelLR0

Running: premap (Pre-mapping) on proj_1|barrelLR0
# Fri Feb 22 16:19:51 2019

premap completed with warnings
# Fri Feb 22 16:19:53 2019

Return Code: 1
Run Time:00h:00m:02s
Complete: Compile on proj_1|barrelLR0

Running: map (Map) on proj_1|barrelLR0
# Fri Feb 22 16:19:53 2019
License granted for 4 parallel jobs

Running: fpga_mapper (Map & Optimize) on proj_1|barrelLR0
# Fri Feb 22 16:19:53 2019
Copied C:\Users\atzir\Documents\6 semestre\arqui\Proyectos Arqui\Proyectos\barrelLR00\barrelLR0\synwork\barrelLR00_barrelLR0_m.srm to C:\Users\atzir\Documents\6 semestre\arqui\Proyectos Arqui\Proyectos\barrelLR00\barrelLR0\barrelLR00_barrelLR0.srm

fpga_mapper completed with warnings
# Fri Feb 22 16:19:54 2019

Return Code: 1
Run Time:00h:00m:01s
Complete: Map on proj_1|barrelLR0
Copied C:\Users\atzir\Documents\6 semestre\arqui\Proyectos Arqui\Proyectos\barrelLR00\barrelLR0\barrelLR00_barrelLR0.srr to C:\Users\atzir\Documents\6 semestre\arqui\Proyectos Arqui\Proyectos\barrelLR00\barrelLR0\barrelLR00_barrelLR0.srf
Complete: Logic Synthesis on proj_1|barrelLR0
TCL script complete: "barrelLR00_barrelLR0_synplify.tcl"
exit status=0
exit status=0
Save changes for project:
C:\Users\atzir\Documents\6 semestre\arqui\Proyectos Arqui\Proyectos\barrelLR00\barrelLR0\proj_1.prj
batch mode default:no
