
            Lattice Mapping Report File for Design Module 'osc00'


Design Information
------------------

Command line:   map -a MachXO2 -p LCMXO2-7000HE -t TQFP144 -s 5 -oc Commercial
     osc00_osc0.ngd -o osc00_osc0_map.ncd -pr osc00_osc0.prf -mp osc00_osc0.mrp
     -lpf C:/lscc/diamond/3.11_x64/bin/nt64/Arquitectura_de_computadoras/PRIMER
     PARCIAL/osc00/osc0/osc00_osc0_synplify.lpf -lpf
     C:/lscc/diamond/3.11_x64/bin/nt64/Arquitectura_de_computadoras/PRIMER
     PARCIAL/osc00/osc00.lpf -c 0 -gui -msgset
     C:/lscc/diamond/3.11_x64/bin/nt64/Arquitectura_de_computadoras/PRIMER
     PARCIAL/osc00/promote.xml 
Target Vendor:  LATTICE
Target Device:  LCMXO2-7000HETQFP144
Target Performance:   5
Mapper:  xo2c00,  version:  Diamond (64-bit) 3.11.0.396.4
Mapped on:  02/15/20  23:11:07

Design Summary
--------------

   Number of registers:     23 out of  7209 (0%)
      PFU registers:           23 out of  6864 (0%)
      PIO registers:            0 out of   345 (0%)
   Number of SLICEs:        34 out of  3432 (1%)
      SLICEs as Logic/ROM:     34 out of  3432 (1%)
      SLICEs as RAM:            0 out of  2574 (0%)
      SLICEs as Carry:         12 out of  3432 (0%)
   Number of LUT4s:         67 out of  6864 (1%)
      Number used as logic LUTs:         43
      Number used as distributed RAM:     0
      Number used as ripple logic:       24
      Number used as shift registers:     0
   Number of PIO sites used: 6 + 4(JTAG) out of 115 (9%)
   Number of block RAMs:  0 out of 26 (0%)
   Number of GSRs:        0 out of 1 (0%)
   EFB used :        No
   JTAG used :       No
   Readback used :   No
   Oscillator used : Yes
   Startup used :    No
   POR :             On
   Bandgap :         On
   Number of Power Controller:  0 out of 1 (0%)
   Number of Dynamic Bank Controller (BCINRD):  0 out of 6 (0%)
   Number of Dynamic Bank Controller (BCLVDSO):  0 out of 1 (0%)
   Number of DCCA:  0 out of 8 (0%)
   Number of DCMA:  0 out of 2 (0%)
   Number of PLLs:  0 out of 2 (0%)
   Number of DQSDLLs:  0 out of 2 (0%)
   Number of CLKDIVC:  0 out of 4 (0%)
   Number of ECLKSYNCA:  0 out of 4 (0%)
   Number of ECLKBRIDGECS:  0 out of 2 (0%)
   Notes:-
      1. Total number of LUT4s = (Number of logic LUT4s) + 2*(Number of
     distributed RAMs) + 2*(Number of ripple logic)
      2. Number of logic LUT4s does not include count of distributed RAM and
     ripple logic.
   Number of clocks:  1

                                    Page 1




Design:  osc00                                         Date:  02/15/20  23:11:07

Design Summary (cont)
---------------------
     Net sclk: 13 loads, 13 rising, 0 falling (Driver: OS00/OSCInst0 )
   Number of Clock Enables:  0
   Number of LSRs:  1
     Net OS01/un1_sdiv69_RNI4BNU: 12 loads, 12 LSLICEs
   Number of nets driven by tri-state buffers:  0
   Top 10 highest fanout non-clock nets:
     Net OS01/un1_sdiv69_RNI4BNU: 12 loads
     Net OS01/sdiv[16]: 7 loads
     Net OS01/sdiv[17]: 7 loads
     Net OS01/N_3_19: 6 loads
     Net OS01/sdiv[18]: 6 loads
     Net OS01/sdiv[19]: 6 loads
     Net indiv0_c[0]: 5 loads
     Net indiv0_c[4]: 5 loads
     Net OS01/sdiv[20]: 5 loads
     Net OS01/sdiv[21]: 5 loads




   Number of warnings:  0
   Number of errors:    0
     

Design Errors/Warnings
----------------------

   No errors or warnings present.

IO (PIO) Attributes
-------------------

+---------------------+-----------+-----------+------------+
| IO Name             | Direction | Levelmode | IO         |
|                     |           |  IO_TYPE  | Register   |
+---------------------+-----------+-----------+------------+
| oscout0             | OUTPUT    | LVCMOS25  |            |
+---------------------+-----------+-----------+------------+
| indiv0[0]           | INPUT     | LVCMOS25  |            |
+---------------------+-----------+-----------+------------+
| indiv0[4]           | INPUT     | LVCMOS25  |            |
+---------------------+-----------+-----------+------------+
| indiv0[3]           | INPUT     | LVCMOS25  |            |
+---------------------+-----------+-----------+------------+
| indiv0[2]           | INPUT     | LVCMOS25  |            |
+---------------------+-----------+-----------+------------+
| indiv0[1]           | INPUT     | LVCMOS25  |            |
+---------------------+-----------+-----------+------------+

Removed logic
-------------

Block VCC undriven or does not drive anything - clipped.
Block GSR_INST undriven or does not drive anything - clipped.
Block GND undriven or does not drive anything - clipped.
Block OS01/VCC undriven or does not drive anything - clipped.

                                    Page 2




Design:  osc00                                         Date:  02/15/20  23:11:07

Removed logic (cont)
--------------------
Signal OS00/GND undriven or does not drive anything - clipped.
Signal OS01/GND undriven or does not drive anything - clipped.
Signal VCC undriven or does not drive anything - clipped.
Signal OS00/OSCInst0_SEDSTDBY undriven or does not drive anything - clipped.
Signal OS01/un1_sdiv_s_21_0_S1 undriven or does not drive anything - clipped.
Signal OS01/un1_sdiv_s_21_0_COUT undriven or does not drive anything - clipped.
Signal OS01/un1_sdiv_cry_0_0_S0 undriven or does not drive anything - clipped.
Signal OS01/N_1 undriven or does not drive anything - clipped.
Block OS00/GND was optimized away.
Block OS01/GND was optimized away.

     

OSC Summary
-----------

OSC 1:                                     Pin/Node Value
  OSC Instance Name:                                OS00/OSCInst0
  OSC Type:                                         OSCH
  STDBY Input:                                      NONE
  OSC Output:                              NODE     sclk
  OSC Nominal Frequency (MHz):                      2.08

ASIC Components
---------------

Instance Name: OS00/OSCInst0
         Type: OSCH

Run Time and Memory Usage
-------------------------

   Total CPU Time: 1 secs  
   Total REAL Time: 2 secs  
   Peak Memory Usage: 57 MB
        





















                                    Page 3


Copyright (c) 1991-1994 by NeoCAD Inc. All rights reserved.
     Copyright (c) 1995 AT&T Corp.   All rights reserved.
     Copyright (c) 1995-2001 Lucent Technologies Inc.  All rights reserved.
     Copyright (c) 2001 Agere Systems   All rights reserved.
     Copyright (c) 2002-2019 Lattice Semiconductor Corporation,  All rights
     reserved.
