Running in Lattice mode

Starting:    C:\lscc\diamond\3.11_x64\synpbase\bin64\mbin\synbatch.exe
Install:     C:\lscc\diamond\3.11_x64\synpbase
Hostname:    DESKTOP-P12ICFP
Date:        Sat Feb 15 23:05:49 2020
Version:     N-2018.03L-SP1-1

Arguments:   -product synplify_pro -batch osc00_osc0_synplify.tcl
ProductType: synplify_pro




log file: "C:\lscc\diamond\3.11_x64\bin\nt64\Arquitectura_de_computadoras\PRIMER PARCIAL\osc00\osc0\osc00_osc0.srr"
Running: hdl_info_gen in foreground

Generating HDL info...

hdl_info_gen completed
# Sat Feb 15 23:05:52 2020

Return Code: 0
Run Time:00h:00m:02s
log file: "C:\lscc\diamond\3.11_x64\bin\nt64\Arquitectura_de_computadoras\PRIMER PARCIAL\osc00\osc0\osc00_osc0.srr"
Running: osc0 in foreground

Running proj_1|osc0

Running Flow: compile (Compile) on proj_1|osc0
# Sat Feb 15 23:05:52 2020

Running Flow: compile_flow (Compile Process) on proj_1|osc0
# Sat Feb 15 23:05:52 2020

Running: compiler (Compile Input) on proj_1|osc0
# Sat Feb 15 23:05:52 2020
Copied C:\lscc\diamond\3.11_x64\bin\nt64\Arquitectura_de_computadoras\PRIMER PARCIAL\osc00\osc0\synwork\osc00_osc0_comp.srs to C:\lscc\diamond\3.11_x64\bin\nt64\Arquitectura_de_computadoras\PRIMER PARCIAL\osc00\osc0\osc00_osc0.srs

compiler completed
# Sat Feb 15 23:05:56 2020

Return Code: 0
Run Time:00h:00m:04s

Running: multi_srs_gen (Multi-srs Generator) on proj_1|osc0
# Sat Feb 15 23:05:56 2020

multi_srs_gen completed
# Sat Feb 15 23:05:57 2020

Return Code: 0
Run Time:00h:00m:01s
Copied C:\lscc\diamond\3.11_x64\bin\nt64\Arquitectura_de_computadoras\PRIMER PARCIAL\osc00\osc0\synwork\osc00_osc0_mult.srs to C:\lscc\diamond\3.11_x64\bin\nt64\Arquitectura_de_computadoras\PRIMER PARCIAL\osc00\osc0\osc00_osc0.srs
Copied C:\lscc\diamond\3.11_x64\bin\nt64\Arquitectura_de_computadoras\PRIMER PARCIAL\osc00\osc0\osc00_osc0.srr to C:\lscc\diamond\3.11_x64\bin\nt64\Arquitectura_de_computadoras\PRIMER PARCIAL\osc00\osc0\osc00_osc0.srf
Complete: Compile Process on proj_1|osc0

Running: premap (Premap) on proj_1|osc0
# Sat Feb 15 23:05:57 2020

premap completed with warnings
# Sat Feb 15 23:06:00 2020

Return Code: 1
Run Time:00h:00m:03s
Complete: Compile on proj_1|osc0

Running Flow: map (Map) on proj_1|osc0
# Sat Feb 15 23:06:00 2020
License granted for 4 parallel jobs

Running: fpga_mapper (Map & Optimize) on proj_1|osc0
# Sat Feb 15 23:06:00 2020
Copied C:\lscc\diamond\3.11_x64\bin\nt64\Arquitectura_de_computadoras\PRIMER PARCIAL\osc00\osc0\synwork\osc00_osc0_m.srm to C:\lscc\diamond\3.11_x64\bin\nt64\Arquitectura_de_computadoras\PRIMER PARCIAL\osc00\osc0\osc00_osc0.srm

fpga_mapper completed with warnings
# Sat Feb 15 23:06:06 2020

Return Code: 1
Run Time:00h:00m:06s
Complete: Map on proj_1|osc0
Copied C:\lscc\diamond\3.11_x64\bin\nt64\Arquitectura_de_computadoras\PRIMER PARCIAL\osc00\osc0\osc00_osc0.srr to C:\lscc\diamond\3.11_x64\bin\nt64\Arquitectura_de_computadoras\PRIMER PARCIAL\osc00\osc0\osc00_osc0.srf
Complete: Logic Synthesis on proj_1|osc0
TCL script complete: "osc00_osc0_synplify.tcl"
exit status=0
exit status=0
Save changes for project:
C:\lscc\diamond\3.11_x64\bin\nt64\Arquitectura_de_computadoras\PRIMER PARCIAL\osc00\osc0\proj_1.prj
batch mode default:no
