
Copyright (C) 1994-2018 Synopsys, Inc.
This Synopsys software and all associated documentation are proprietary to Synopsys, Inc.
and may only be used pursuant to the terms and conditions of a written license agreement
with Synopsys, Inc. All other use, reproduction, modification, or distribution of the
Synopsys software or the associated documentation is strictly prohibited.
Tool: Synplify Pro (R)
Build: N-2018.03L-SP1-1
Install: C:\lscc\diamond\3.11_x64\synpbase
OS: Windows 6.2

Hostname: DESKTOP-P12ICFP

Implementation : word0
Synopsys HDL compiler and linker, Version comp2018q2p1, Build 461R, Built Apr  1 2019 09:17:43

Modified Files: 19
FID:  path (prevtimestamp, timestamp)
0        C:\lscc\diamond\3.11_x64\bin\nt64\Arquitectura_de_computadoras\PRIMER PARCIAL\word00\code00.vhdl (N/A, 2020-02-19 11:30:38)
1        C:\lscc\diamond\3.11_x64\bin\nt64\Arquitectura_de_computadoras\PRIMER PARCIAL\word00\contring00.vhdl (N/A, 2020-02-19 11:26:15)
2        C:\lscc\diamond\3.11_x64\bin\nt64\Arquitectura_de_computadoras\PRIMER PARCIAL\word00\div00.vhdl (N/A, 2020-02-19 11:30:47)
3        C:\lscc\diamond\3.11_x64\bin\nt64\Arquitectura_de_computadoras\PRIMER PARCIAL\word00\osc00.vhdl (N/A, 2020-02-19 11:39:48)
4        C:\lscc\diamond\3.11_x64\bin\nt64\Arquitectura_de_computadoras\PRIMER PARCIAL\word00\oscint0.vhdl (N/A, 2020-02-19 11:36:34)
5        C:\lscc\diamond\3.11_x64\bin\nt64\Arquitectura_de_computadoras\PRIMER PARCIAL\word00\packageosc00.vhdl (N/A, 2020-02-19 11:39:08)
6        C:\lscc\diamond\3.11_x64\bin\nt64\Arquitectura_de_computadoras\PRIMER PARCIAL\word00\packageword00.vhdl (N/A, 2020-02-19 11:44:07)
7        C:\lscc\diamond\3.11_x64\bin\nt64\Arquitectura_de_computadoras\PRIMER PARCIAL\word00\word00.vhdl (N/A, 2020-02-21 10:49:57)
8        C:\lscc\diamond\3.11_x64\cae_library\synthesis\vhdl\machxo2.vhd (N/A, 2018-11-15 01:32:12)
9        C:\lscc\diamond\3.11_x64\synpbase\lib\cpld\lattice.vhd (N/A, 2019-04-01 09:08:08)
10       C:\lscc\diamond\3.11_x64\synpbase\lib\vhd\arith.vhd (N/A, 2019-04-01 09:07:44)
11       C:\lscc\diamond\3.11_x64\synpbase\lib\vhd\hyperents.vhd (N/A, 2019-04-01 09:07:44)
12       C:\lscc\diamond\3.11_x64\synpbase\lib\vhd\location.map (N/A, 2019-04-01 16:01:20)
13       C:\lscc\diamond\3.11_x64\synpbase\lib\vhd\numeric.vhd (N/A, 2019-04-01 09:07:44)
14       C:\lscc\diamond\3.11_x64\synpbase\lib\vhd\snps_haps_pkg.vhd (N/A, 2019-04-01 09:07:44)
15       C:\lscc\diamond\3.11_x64\synpbase\lib\vhd\std.vhd (N/A, 2019-04-01 09:07:44)
16       C:\lscc\diamond\3.11_x64\synpbase\lib\vhd\std1164.vhd (N/A, 2019-04-01 09:07:44)
17       C:\lscc\diamond\3.11_x64\synpbase\lib\vhd\umr_capim.vhd (N/A, 2019-04-01 09:07:44)
18       C:\lscc\diamond\3.11_x64\synpbase\lib\vhd\unsigned.vhd (N/A, 2019-04-01 09:07:44)

*******************************************************************
Modules that may have changed as a result of file changes: 6
MID:  lib.cell.view
0        work.coder00.coder0 may have changed because the following files changed:
                        C:\lscc\diamond\3.11_x64\bin\nt64\Arquitectura_de_computadoras\PRIMER PARCIAL\word00\code00.vhdl (N/A, 2020-02-19 11:30:38) <-- (architecture and entity definition)
                        C:\lscc\diamond\3.11_x64\bin\nt64\Arquitectura_de_computadoras\PRIMER PARCIAL\word00\word00.vhdl (N/A, 2020-02-21 10:49:57) <-- (may instantiate this module)
2        work.contring00.contring0 may have changed because the following files changed:
                        C:\lscc\diamond\3.11_x64\bin\nt64\Arquitectura_de_computadoras\PRIMER PARCIAL\word00\contring00.vhdl (N/A, 2020-02-19 11:26:15) <-- (architecture and entity definition)
                        C:\lscc\diamond\3.11_x64\bin\nt64\Arquitectura_de_computadoras\PRIMER PARCIAL\word00\word00.vhdl (N/A, 2020-02-21 10:49:57) <-- (may instantiate this module)
4        work.div00.div0 may have changed because the following files changed:
                        C:\lscc\diamond\3.11_x64\bin\nt64\Arquitectura_de_computadoras\PRIMER PARCIAL\word00\div00.vhdl (N/A, 2020-02-19 11:30:47) <-- (architecture and entity definition)
                        C:\lscc\diamond\3.11_x64\bin\nt64\Arquitectura_de_computadoras\PRIMER PARCIAL\word00\osc00.vhdl (N/A, 2020-02-19 11:39:48) <-- (may instantiate this module)
                        C:\lscc\diamond\3.11_x64\bin\nt64\Arquitectura_de_computadoras\PRIMER PARCIAL\word00\word00.vhdl (N/A, 2020-02-21 10:49:57) <-- (may instantiate this module)
6        work.osc00.osc0 may have changed because the following files changed:
                        C:\lscc\diamond\3.11_x64\bin\nt64\Arquitectura_de_computadoras\PRIMER PARCIAL\word00\osc00.vhdl (N/A, 2020-02-19 11:39:48) <-- (architecture and entity definition)
                        C:\lscc\diamond\3.11_x64\bin\nt64\Arquitectura_de_computadoras\PRIMER PARCIAL\word00\word00.vhdl (N/A, 2020-02-21 10:49:57) <-- (may instantiate this module)
8        work.oscint00.oscint0 may have changed because the following files changed:
                        C:\lscc\diamond\3.11_x64\bin\nt64\Arquitectura_de_computadoras\PRIMER PARCIAL\word00\osc00.vhdl (N/A, 2020-02-19 11:39:48) <-- (may instantiate this module)
                        C:\lscc\diamond\3.11_x64\bin\nt64\Arquitectura_de_computadoras\PRIMER PARCIAL\word00\oscint0.vhdl (N/A, 2020-02-19 11:36:34) <-- (architecture and entity definition)
                        C:\lscc\diamond\3.11_x64\bin\nt64\Arquitectura_de_computadoras\PRIMER PARCIAL\word00\word00.vhdl (N/A, 2020-02-21 10:49:57) <-- (may instantiate this module)
11       work.word00.word0 may have changed because the following files changed:
                        C:\lscc\diamond\3.11_x64\bin\nt64\Arquitectura_de_computadoras\PRIMER PARCIAL\word00\word00.vhdl (N/A, 2020-02-21 10:49:57) <-- (architecture and entity definition)

*******************************************************************
Unmodified files: 0
FID:  path (timestamp)

*******************************************************************
Unchanged modules: 0
MID:  lib.cell.view
