
Copyright (C) 1994-2018 Synopsys, Inc.
This Synopsys software and all associated documentation are proprietary to Synopsys, Inc.
and may only be used pursuant to the terms and conditions of a written license agreement
with Synopsys, Inc. All other use, reproduction, modification, or distribution of the
Synopsys software or the associated documentation is strictly prohibited.
Tool: Synplify Pro (R)
Build: N-2018.03L-SP1-1
Install: C:\lscc\diamond\3.11_x64\synpbase
OS: Windows 6.2

Hostname: DESKTOP-IB7UNGP

Implementation : lcd2
Synopsys HDL compiler and linker, Version comp2018q2p1, Build 461R, Built Apr  1 2019 09:17:43

Modified Files: 26
FID:  path (prevtimestamp, timestamp)
0        C:\Users\FAROL\Documents\ArquitecturaDeComputadoras3CM1\div00VHDL\div00.vhdl (2019-09-02 09:35:20, N/A)
1        C:\Users\FAROL\Documents\ArquitecturaDeComputadoras3CM1\div00VHDL\osc00.vhd (2019-08-29 09:30:16, N/A)
2        C:\Users\FAROL\Documents\ArquitecturaDeComputadoras3CM1\div00VHDL\packagediv00.vhdl (2019-09-02 09:37:23, N/A)
3        C:\Users\FAROL\Documents\ArquitecturaDeComputadoras3CM1\div00VHDL\topdiv00.vhdl (2019-09-02 09:46:27, N/A)
4        C:\Users\FAROL\Documents\ArquitecturaDeComputadoras3CM1\lcd02\coder00.vhdl (2019-10-20 17:32:00, N/A)
5        C:\Users\FAROL\Documents\ArquitecturaDeComputadoras3CM1\lcd02\contring00.vhdl (2019-10-20 17:32:43, N/A)
6        C:\Users\FAROL\Documents\ArquitecturaDeComputadoras3CM1\lcd02\lcdconfig00.vhdl (2019-10-20 17:34:20, N/A)
7        C:\Users\FAROL\Documents\ArquitecturaDeComputadoras3CM1\lcd02\lcdcontconfig00.vhdl (2019-10-20 17:34:45, N/A)
8        C:\Users\FAROL\Documents\ArquitecturaDeComputadoras3CM1\lcd02\lcdmux00.vhdl (2019-10-20 17:35:15, N/A)
9        C:\Users\FAROL\Documents\ArquitecturaDeComputadoras3CM1\lcd02\packagekey00.vhdl (2019-10-20 17:33:24, N/A)
10       C:\Users\FAROL\Documents\ArquitecturaDeComputadoras3CM1\lcd02\packagelcd00.vhdl (2019-10-20 17:36:37, N/A)
11       C:\Users\FAROL\Documents\ArquitecturaDeComputadoras3CM1\lcd02\topkey00.vhdl (2019-10-20 17:33:47, N/A)
12       C:\Users\FAROL\Documents\ArquitecturaDeComputadoras3CM1\lcd02\toplcd00.vhdl (2019-10-20 17:36:26, N/A)
25       C:\Users\tuben\Desktop\Arqui-master\div00VHDL\div00.vhdl (N/A, 2019-10-20 19:34:50)
26       C:\Users\tuben\Desktop\Arqui-master\div00VHDL\osc00.vhd (N/A, 2019-10-20 19:34:50)
27       C:\Users\tuben\Desktop\Arqui-master\div00VHDL\packagediv00.vhdl (N/A, 2019-10-20 19:34:50)
28       C:\Users\tuben\Desktop\Arqui-master\div00VHDL\topdiv00.vhdl (N/A, 2019-10-20 19:34:50)
29       C:\Users\tuben\Desktop\Arqui-master\lcd02\coder00.vhdl (N/A, 2019-10-20 19:34:50)
30       C:\Users\tuben\Desktop\Arqui-master\lcd02\contring00.vhdl (N/A, 2019-10-20 19:34:50)
31       C:\Users\tuben\Desktop\Arqui-master\lcd02\lcdconfig00.vhdl (N/A, 2019-10-20 19:34:50)
32       C:\Users\tuben\Desktop\Arqui-master\lcd02\lcdcontconfig00.vhdl (N/A, 2019-10-20 19:34:50)
33       C:\Users\tuben\Desktop\Arqui-master\lcd02\lcdmux00.vhdl (N/A, 2019-10-20 19:34:50)
34       C:\Users\tuben\Desktop\Arqui-master\lcd02\packagekey00.vhdl (N/A, 2019-10-20 19:34:50)
35       C:\Users\tuben\Desktop\Arqui-master\lcd02\packagelcd00.vhdl (N/A, 2019-10-20 19:34:50)
36       C:\Users\tuben\Desktop\Arqui-master\lcd02\topkey00.vhdl (N/A, 2019-10-20 19:34:50)
37       C:\Users\tuben\Desktop\Arqui-master\lcd02\toplcd00.vhdl (N/A, 2019-10-20 19:34:50)

*******************************************************************
Modules that may have changed as a result of file changes: 10
MID:  lib.cell.view
0        work.coder00.coder0 may have changed because the following files changed:
                        C:\Users\tuben\Desktop\Arqui-master\lcd02\coder00.vhdl (N/A, 2019-10-20 19:34:50) <-- (architecture and entity definition)
                        C:\Users\tuben\Desktop\Arqui-master\lcd02\topkey00.vhdl (N/A, 2019-10-20 19:34:50) <-- (may instantiate this module)
                        C:\Users\tuben\Desktop\Arqui-master\lcd02\toplcd00.vhdl (N/A, 2019-10-20 19:34:50) <-- (may instantiate this module)
2        work.contring00.contring0 may have changed because the following files changed:
                        C:\Users\tuben\Desktop\Arqui-master\lcd02\contring00.vhdl (N/A, 2019-10-20 19:34:50) <-- (architecture and entity definition)
                        C:\Users\tuben\Desktop\Arqui-master\lcd02\topkey00.vhdl (N/A, 2019-10-20 19:34:50) <-- (may instantiate this module)
                        C:\Users\tuben\Desktop\Arqui-master\lcd02\toplcd00.vhdl (N/A, 2019-10-20 19:34:50) <-- (may instantiate this module)
4        work.div00.div0 may have changed because the following files changed:
                        C:\Users\tuben\Desktop\Arqui-master\div00VHDL\div00.vhdl (N/A, 2019-10-20 19:34:50) <-- (architecture and entity definition)
                        C:\Users\tuben\Desktop\Arqui-master\div00VHDL\topdiv00.vhdl (N/A, 2019-10-20 19:34:50) <-- (may instantiate this module)
                        C:\Users\tuben\Desktop\Arqui-master\lcd02\toplcd00.vhdl (N/A, 2019-10-20 19:34:50) <-- (may instantiate this module)
6        work.lcdconfig00.lcdconfig0 may have changed because the following files changed:
                        C:\Users\tuben\Desktop\Arqui-master\lcd02\lcdconfig00.vhdl (N/A, 2019-10-20 19:34:50) <-- (architecture and entity definition)
                        C:\Users\tuben\Desktop\Arqui-master\lcd02\toplcd00.vhdl (N/A, 2019-10-20 19:34:50) <-- (may instantiate this module)
8        work.lcdcontconfig00.lcdcontconfig0 may have changed because the following files changed:
                        C:\Users\tuben\Desktop\Arqui-master\lcd02\lcdcontconfig00.vhdl (N/A, 2019-10-20 19:34:50) <-- (architecture and entity definition)
                        C:\Users\tuben\Desktop\Arqui-master\lcd02\toplcd00.vhdl (N/A, 2019-10-20 19:34:50) <-- (may instantiate this module)
10       work.lcdmux00.lcdmux0 may have changed because the following files changed:
                        C:\Users\tuben\Desktop\Arqui-master\lcd02\lcdmux00.vhdl (N/A, 2019-10-20 19:34:50) <-- (architecture and entity definition)
                        C:\Users\tuben\Desktop\Arqui-master\lcd02\toplcd00.vhdl (N/A, 2019-10-20 19:34:50) <-- (may instantiate this module)
12       work.osc00.osc0 may have changed because the following files changed:
                        C:\Users\tuben\Desktop\Arqui-master\div00VHDL\osc00.vhd (N/A, 2019-10-20 19:34:50) <-- (architecture and entity definition)
                        C:\Users\tuben\Desktop\Arqui-master\div00VHDL\topdiv00.vhdl (N/A, 2019-10-20 19:34:50) <-- (may instantiate this module)
                        C:\Users\tuben\Desktop\Arqui-master\lcd02\toplcd00.vhdl (N/A, 2019-10-20 19:34:50) <-- (may instantiate this module)
14       work.topdiv00.topdiv0 may have changed because the following files changed:
                        C:\Users\tuben\Desktop\Arqui-master\div00VHDL\topdiv00.vhdl (N/A, 2019-10-20 19:34:50) <-- (architecture and entity definition)
                        C:\Users\tuben\Desktop\Arqui-master\lcd02\toplcd00.vhdl (N/A, 2019-10-20 19:34:50) <-- (may instantiate this module)
16       work.topkey00.topkey0 may have changed because the following files changed:
                        C:\Users\tuben\Desktop\Arqui-master\lcd02\topkey00.vhdl (N/A, 2019-10-20 19:34:50) <-- (architecture and entity definition)
                        C:\Users\tuben\Desktop\Arqui-master\lcd02\toplcd00.vhdl (N/A, 2019-10-20 19:34:50) <-- (may instantiate this module)
18       work.toplcd00.toplcd0 may have changed because the following files changed:
                        C:\Users\tuben\Desktop\Arqui-master\lcd02\toplcd00.vhdl (N/A, 2019-10-20 19:34:50) <-- (architecture and entity definition)

*******************************************************************
Unmodified files: 12
FID:  path (timestamp)
13       C:\lscc\diamond\3.11_x64\cae_library\synthesis\vhdl\machxo2.vhd (2018-11-15 00:32:12)
14       C:\lscc\diamond\3.11_x64\synpbase\lib\cpld\lattice.vhd (2019-04-01 08:08:08)
15       C:\lscc\diamond\3.11_x64\synpbase\lib\lucent\machxo2.vhd (2019-04-01 08:08:08)
16       C:\lscc\diamond\3.11_x64\synpbase\lib\vhd\arith.vhd (2019-04-01 08:07:44)
17       C:\lscc\diamond\3.11_x64\synpbase\lib\vhd\hyperents.vhd (2019-04-01 08:07:44)
18       C:\lscc\diamond\3.11_x64\synpbase\lib\vhd\location.map (2019-04-01 15:01:20)
19       C:\lscc\diamond\3.11_x64\synpbase\lib\vhd\numeric.vhd (2019-04-01 08:07:44)
20       C:\lscc\diamond\3.11_x64\synpbase\lib\vhd\snps_haps_pkg.vhd (2019-04-01 08:07:44)
21       C:\lscc\diamond\3.11_x64\synpbase\lib\vhd\std.vhd (2019-04-01 08:07:44)
22       C:\lscc\diamond\3.11_x64\synpbase\lib\vhd\std1164.vhd (2019-04-01 08:07:44)
23       C:\lscc\diamond\3.11_x64\synpbase\lib\vhd\umr_capim.vhd (2019-04-01 08:07:44)
24       C:\lscc\diamond\3.11_x64\synpbase\lib\vhd\unsigned.vhd (2019-04-01 08:07:44)

*******************************************************************
Unchanged modules: 0
MID:  lib.cell.view
