Running in Lattice mode

Starting:    C:\lscc\diamond\3.10_x64\synpbase\bin64\mbin\synbatch.exe
Install:     C:\lscc\diamond\3.10_x64\synpbase
Hostname:    LAPTOP-QF8PLV1N
Date:        Wed Mar 20 17:16:33 2019
Version:     M-2017.03L-SP1-1

Arguments:   -product synplify_pro -batch ram00_ram0_synplify.tcl
ProductType: synplify_pro




log file: "C:\Users\atzir\Documents\6 semestre\arqui\Proyectos Arqui\Proyectos\ram00\ram0\ram00_ram0.srr"
Running: hdl_info_gen in foreground

Generating HDL info...

hdl_info_gen completed
# Wed Mar 20 17:16:33 2019

Return Code: 0
Run Time:00h:00m:00s
Copied C:\Users\atzir\Documents\6 semestre\arqui\Proyectos Arqui\Proyectos\ram00\ram0\ram00_ram0.srr to C:\Users\atzir\Documents\6 semestre\arqui\Proyectos Arqui\Proyectos\ram00\ram0\ram00_ram0.srf
log file: "C:\Users\atzir\Documents\6 semestre\arqui\Proyectos Arqui\Proyectos\ram00\ram0\ram00_ram0.srr"
Running: ram0 in foreground

Running proj_1|ram0

Running: compile (Compile) on proj_1|ram0
# Wed Mar 20 17:16:34 2019

Running: compile_flow (Compile Process) on proj_1|ram0
# Wed Mar 20 17:16:34 2019

Running: compiler (Compile Input) on proj_1|ram0
# Wed Mar 20 17:16:34 2019
Copied C:\Users\atzir\Documents\6 semestre\arqui\Proyectos Arqui\Proyectos\ram00\ram0\synwork\ram00_ram0_comp.srs to C:\Users\atzir\Documents\6 semestre\arqui\Proyectos Arqui\Proyectos\ram00\ram0\ram00_ram0.srs

compiler completed
# Wed Mar 20 17:16:36 2019

Return Code: 0
Run Time:00h:00m:02s

Running: multi_srs_gen (Multi-srs Generator) on proj_1|ram0
# Wed Mar 20 17:16:36 2019

multi_srs_gen completed
# Wed Mar 20 17:16:37 2019

Return Code: 0
Run Time:00h:00m:01s
Copied C:\Users\atzir\Documents\6 semestre\arqui\Proyectos Arqui\Proyectos\ram00\ram0\synwork\ram00_ram0_mult.srs to C:\Users\atzir\Documents\6 semestre\arqui\Proyectos Arqui\Proyectos\ram00\ram0\ram00_ram0.srs
Copied C:\Users\atzir\Documents\6 semestre\arqui\Proyectos Arqui\Proyectos\ram00\ram0\ram00_ram0.srr to C:\Users\atzir\Documents\6 semestre\arqui\Proyectos Arqui\Proyectos\ram00\ram0\ram00_ram0.srf
Complete: Compile Process on proj_1|ram0

Running: premap (Pre-mapping) on proj_1|ram0
# Wed Mar 20 17:16:38 2019

premap completed with warnings
# Wed Mar 20 17:16:39 2019

Return Code: 1
Run Time:00h:00m:02s
Complete: Compile on proj_1|ram0

Running: map (Map) on proj_1|ram0
# Wed Mar 20 17:16:39 2019
License granted for 4 parallel jobs

Running: fpga_mapper (Map & Optimize) on proj_1|ram0
# Wed Mar 20 17:16:39 2019
Copied C:\Users\atzir\Documents\6 semestre\arqui\Proyectos Arqui\Proyectos\ram00\ram0\synwork\ram00_ram0_m.srm to C:\Users\atzir\Documents\6 semestre\arqui\Proyectos Arqui\Proyectos\ram00\ram0\ram00_ram0.srm

fpga_mapper completed with warnings
# Wed Mar 20 17:16:41 2019

Return Code: 1
Run Time:00h:00m:02s
Complete: Map on proj_1|ram0
Copied C:\Users\atzir\Documents\6 semestre\arqui\Proyectos Arqui\Proyectos\ram00\ram0\ram00_ram0.srr to C:\Users\atzir\Documents\6 semestre\arqui\Proyectos Arqui\Proyectos\ram00\ram0\ram00_ram0.srf
Complete: Logic Synthesis on proj_1|ram0
TCL script complete: "ram00_ram0_synplify.tcl"
exit status=0
exit status=0
Save changes for project:
C:\Users\atzir\Documents\6 semestre\arqui\Proyectos Arqui\Proyectos\ram00\ram0\proj_1.prj
batch mode default:no
