Running in Lattice mode

Starting:    C:\lscc\diamond\3.11_x64\synpbase\bin64\mbin\synbatch.exe
Install:     C:\lscc\diamond\3.11_x64\synpbase
Hostname:    DESKTOP-P12ICFP
Date:        Tue Apr 28 14:49:29 2020
Version:     N-2018.03L-SP1-1

Arguments:   -product synplify_pro -batch stackpointer00_stackpointer0_synplify.tcl
ProductType: synplify_pro




log file: "C:\lscc\diamond\3.11_x64\bin\nt64\Arqui\Practicas\stackpointer00\stackpointer0\stackpointer00_stackpointer0.srr"
Running: hdl_info_gen in foreground

Generating HDL info...
Copied C:\lscc\diamond\3.11_x64\bin\nt64\Arqui\Practicas\stackpointer00\stackpointer0\stackpointer00_stackpointer0.srr to C:\lscc\diamond\3.11_x64\bin\nt64\Arqui\Practicas\stackpointer00\stackpointer0\stackpointer00_stackpointer0.srf

hdl_info_gen completed
# Tue Apr 28 14:49:31 2020

Return Code: 0
Run Time:00h:00m:01s
log file: "C:\lscc\diamond\3.11_x64\bin\nt64\Arqui\Practicas\stackpointer00\stackpointer0\stackpointer00_stackpointer0.srr"
Running: stackpointer0 in foreground

Running proj_1|stackpointer0

Running Flow: compile (Compile) on proj_1|stackpointer0
# Tue Apr 28 14:49:32 2020

Running Flow: compile_flow (Compile Process) on proj_1|stackpointer0
# Tue Apr 28 14:49:32 2020

Running: compiler (Compile Input) on proj_1|stackpointer0
# Tue Apr 28 14:49:32 2020
Copied C:\lscc\diamond\3.11_x64\bin\nt64\Arqui\Practicas\stackpointer00\stackpointer0\synwork\stackpointer00_stackpointer0_comp.srs to C:\lscc\diamond\3.11_x64\bin\nt64\Arqui\Practicas\stackpointer00\stackpointer0\stackpointer00_stackpointer0.srs

compiler completed
# Tue Apr 28 14:49:35 2020

Return Code: 0
Run Time:00h:00m:03s

Running: multi_srs_gen (Multi-srs Generator) on proj_1|stackpointer0
# Tue Apr 28 14:49:35 2020

multi_srs_gen completed
# Tue Apr 28 14:49:35 2020

Return Code: 0
Run Time:00h:00m:00s
Copied C:\lscc\diamond\3.11_x64\bin\nt64\Arqui\Practicas\stackpointer00\stackpointer0\synwork\stackpointer00_stackpointer0_mult.srs to C:\lscc\diamond\3.11_x64\bin\nt64\Arqui\Practicas\stackpointer00\stackpointer0\stackpointer00_stackpointer0.srs
Copied C:\lscc\diamond\3.11_x64\bin\nt64\Arqui\Practicas\stackpointer00\stackpointer0\stackpointer00_stackpointer0.srr to C:\lscc\diamond\3.11_x64\bin\nt64\Arqui\Practicas\stackpointer00\stackpointer0\stackpointer00_stackpointer0.srf
Complete: Compile Process on proj_1|stackpointer0

Running: premap (Premap) on proj_1|stackpointer0
# Tue Apr 28 14:49:35 2020

premap completed with warnings
# Tue Apr 28 14:49:38 2020

Return Code: 1
Run Time:00h:00m:02s
Complete: Compile on proj_1|stackpointer0

Running Flow: map (Map) on proj_1|stackpointer0
# Tue Apr 28 14:49:38 2020
License granted for 4 parallel jobs

Running: fpga_mapper (Map & Optimize) on proj_1|stackpointer0
# Tue Apr 28 14:49:38 2020
Copied C:\lscc\diamond\3.11_x64\bin\nt64\Arqui\Practicas\stackpointer00\stackpointer0\synwork\stackpointer00_stackpointer0_m.srm to C:\lscc\diamond\3.11_x64\bin\nt64\Arqui\Practicas\stackpointer00\stackpointer0\stackpointer00_stackpointer0.srm

fpga_mapper completed with warnings
# Tue Apr 28 14:49:44 2020

Return Code: 1
Run Time:00h:00m:06s
Complete: Map on proj_1|stackpointer0
Copied C:\lscc\diamond\3.11_x64\bin\nt64\Arqui\Practicas\stackpointer00\stackpointer0\stackpointer00_stackpointer0.srr to C:\lscc\diamond\3.11_x64\bin\nt64\Arqui\Practicas\stackpointer00\stackpointer0\stackpointer00_stackpointer0.srf
Complete: Logic Synthesis on proj_1|stackpointer0
TCL script complete: "stackpointer00_stackpointer0_synplify.tcl"
exit status=0
exit status=0
Save changes for project:
C:\lscc\diamond\3.11_x64\bin\nt64\Arqui\Practicas\stackpointer00\stackpointer0\proj_1.prj
batch mode default:no
