
Copyright (C) 1994-2018 Synopsys, Inc.
This Synopsys software and all associated documentation are proprietary to Synopsys, Inc.
and may only be used pursuant to the terms and conditions of a written license agreement
with Synopsys, Inc. All other use, reproduction, modification, or distribution of the
Synopsys software or the associated documentation is strictly prohibited.
Tool: Synplify Pro (R)
Build: N-2018.03L-SP1-1
Install: C:\lscc\diamond\3.11_x64\synpbase
OS: Windows 6.2

Hostname: DESKTOP-P12ICFP

Implementation : key0
Synopsys HDL compiler and linker, Version comp2018q2p1, Build 461R, Built Apr  1 2019 09:17:43

Modified Files: 1
FID:  path (prevtimestamp, timestamp)
27       C:\lscc\diamond\3.11_x64\bin\nt64\Arqui\Practicas\key00\key00\coder00.vhdl (2019-03-20 16:57:04, 2020-04-21 15:27:57)

*******************************************************************
Modules that may have changed as a result of file changes: 1
MID:  lib.cell.view
0        work.coder00.coder0 may have changed because the following files changed:
                        C:\lscc\diamond\3.11_x64\bin\nt64\Arqui\Practicas\key00\key00\coder00.vhdl (2019-03-20 16:57:04, 2020-04-21 15:27:57) <-- (architecture and entity definition)

*******************************************************************
Unmodified files: 18
FID:  path (timestamp)
28       C:\lscc\diamond\3.11_x64\bin\nt64\Arqui\Practicas\key00\key00\contring00.vhdl (2019-03-20 16:57:04)
29       C:\lscc\diamond\3.11_x64\bin\nt64\Arqui\Practicas\key00\key00\packagekey00.vhdl (2019-03-05 11:20:54)
30       C:\lscc\diamond\3.11_x64\bin\nt64\Arqui\Practicas\key00\key00\topkey00.vhdl (2019-03-06 11:43:02)
31       C:\lscc\diamond\3.11_x64\bin\nt64\Arqui\Practicas\key00\topdiv00VHDL\div00.vhdl (2019-02-19 20:01:42)
32       C:\lscc\diamond\3.11_x64\bin\nt64\Arqui\Practicas\key00\topdiv00VHDL\osc00.vhdl (2019-02-19 19:04:48)
33       C:\lscc\diamond\3.11_x64\bin\nt64\Arqui\Practicas\key00\topdiv00VHDL\packagediv00.vhdl (2019-02-19 20:07:20)
34       C:\lscc\diamond\3.11_x64\bin\nt64\Arqui\Practicas\key00\topdiv00VHDL\topdiv00.vhdl (2019-02-20 11:06:04)
35       C:\lscc\diamond\3.11_x64\cae_library\synthesis\vhdl\machxo2.vhd (2018-11-15 01:32:12)
36       C:\lscc\diamond\3.11_x64\synpbase\lib\cpld\lattice.vhd (2019-04-01 09:08:08)
37       C:\lscc\diamond\3.11_x64\synpbase\lib\vhd\arith.vhd (2019-04-01 09:07:44)
38       C:\lscc\diamond\3.11_x64\synpbase\lib\vhd\hyperents.vhd (2019-04-01 09:07:44)
39       C:\lscc\diamond\3.11_x64\synpbase\lib\vhd\location.map (2019-04-01 16:01:20)
40       C:\lscc\diamond\3.11_x64\synpbase\lib\vhd\numeric.vhd (2019-04-01 09:07:44)
41       C:\lscc\diamond\3.11_x64\synpbase\lib\vhd\snps_haps_pkg.vhd (2019-04-01 09:07:44)
42       C:\lscc\diamond\3.11_x64\synpbase\lib\vhd\std.vhd (2019-04-01 09:07:44)
43       C:\lscc\diamond\3.11_x64\synpbase\lib\vhd\std1164.vhd (2019-04-01 09:07:44)
44       C:\lscc\diamond\3.11_x64\synpbase\lib\vhd\umr_capim.vhd (2019-04-01 09:07:44)
45       C:\lscc\diamond\3.11_x64\synpbase\lib\vhd\unsigned.vhd (2019-04-01 09:07:44)

*******************************************************************
Unchanged modules: 10
MID:  lib.cell.view
2        work.contring00.contring0
3        work.contring00.vhdl
4        work.div00.div0
5        work.div00.vhdl
6        work.osc00.osc0
7        work.osc00.vhdl
8        work.topdiv00.topdiv0
9        work.topdiv00.vhdl
10       work.topkey00.topkey0
11       work.topkey00.vhdl
