Running in Lattice mode

Starting:    C:\lscc\diamond\3.11_x64\synpbase\bin64\mbin\synbatch.exe
Install:     C:\lscc\diamond\3.11_x64\synpbase
Hostname:    DESKTOP-P12ICFP
Date:        Wed Feb 26 10:54:39 2020
Version:     N-2018.03L-SP1-1

Arguments:   -product synplify_pro -batch rotLR00_rotLR0_synplify.tcl
ProductType: synplify_pro




log file: "C:\lscc\diamond\3.11_x64\bin\nt64\Arqui\Practicas\rotLR00\rotLR0\rotLR00_rotLR0.srr"
Running: hdl_info_gen in foreground

Generating HDL info...
Copied C:\lscc\diamond\3.11_x64\bin\nt64\Arqui\Practicas\rotLR00\rotLR0\rotLR00_rotLR0.srr to C:\lscc\diamond\3.11_x64\bin\nt64\Arqui\Practicas\rotLR00\rotLR0\rotLR00_rotLR0.srf

hdl_info_gen completed
# Wed Feb 26 10:54:43 2020

Return Code: 0
Run Time:00h:00m:02s
log file: "C:\lscc\diamond\3.11_x64\bin\nt64\Arqui\Practicas\rotLR00\rotLR0\rotLR00_rotLR0.srr"
Running: rotLR0 in foreground

Running proj_1|rotLR0

Running Flow: compile (Compile) on proj_1|rotLR0
# Wed Feb 26 10:54:44 2020

Running Flow: compile_flow (Compile Process) on proj_1|rotLR0
# Wed Feb 26 10:54:44 2020

Running: compiler (Compile Input) on proj_1|rotLR0
# Wed Feb 26 10:54:44 2020
Copied C:\lscc\diamond\3.11_x64\bin\nt64\Arqui\Practicas\rotLR00\rotLR0\synwork\rotLR00_rotLR0_comp.srs to C:\lscc\diamond\3.11_x64\bin\nt64\Arqui\Practicas\rotLR00\rotLR0\rotLR00_rotLR0.srs

compiler completed
# Wed Feb 26 10:54:49 2020

Return Code: 0
Run Time:00h:00m:05s

Running: multi_srs_gen (Multi-srs Generator) on proj_1|rotLR0
# Wed Feb 26 10:54:50 2020

multi_srs_gen completed
# Wed Feb 26 10:54:50 2020

Return Code: 0
Run Time:00h:00m:00s
Copied C:\lscc\diamond\3.11_x64\bin\nt64\Arqui\Practicas\rotLR00\rotLR0\synwork\rotLR00_rotLR0_mult.srs to C:\lscc\diamond\3.11_x64\bin\nt64\Arqui\Practicas\rotLR00\rotLR0\rotLR00_rotLR0.srs
Copied C:\lscc\diamond\3.11_x64\bin\nt64\Arqui\Practicas\rotLR00\rotLR0\rotLR00_rotLR0.srr to C:\lscc\diamond\3.11_x64\bin\nt64\Arqui\Practicas\rotLR00\rotLR0\rotLR00_rotLR0.srf
Complete: Compile Process on proj_1|rotLR0

Running: premap (Premap) on proj_1|rotLR0
# Wed Feb 26 10:54:50 2020

premap completed with warnings
# Wed Feb 26 10:54:55 2020

Return Code: 1
Run Time:00h:00m:05s
Complete: Compile on proj_1|rotLR0

Running Flow: map (Map) on proj_1|rotLR0
# Wed Feb 26 10:54:55 2020
License granted for 4 parallel jobs

Running: fpga_mapper (Map & Optimize) on proj_1|rotLR0
# Wed Feb 26 10:54:55 2020
Copied C:\lscc\diamond\3.11_x64\bin\nt64\Arqui\Practicas\rotLR00\rotLR0\synwork\rotLR00_rotLR0_m.srm to C:\lscc\diamond\3.11_x64\bin\nt64\Arqui\Practicas\rotLR00\rotLR0\rotLR00_rotLR0.srm

fpga_mapper completed with warnings
# Wed Feb 26 10:55:02 2020

Return Code: 1
Run Time:00h:00m:07s
Complete: Map on proj_1|rotLR0
Copied C:\lscc\diamond\3.11_x64\bin\nt64\Arqui\Practicas\rotLR00\rotLR0\rotLR00_rotLR0.srr to C:\lscc\diamond\3.11_x64\bin\nt64\Arqui\Practicas\rotLR00\rotLR0\rotLR00_rotLR0.srf
Complete: Logic Synthesis on proj_1|rotLR0
TCL script complete: "rotLR00_rotLR0_synplify.tcl"
exit status=0
exit status=0
Save changes for project:
C:\lscc\diamond\3.11_x64\bin\nt64\Arqui\Practicas\rotLR00\rotLR0\proj_1.prj
batch mode default:no
